<?xml version="1.0" encoding="UTF-8"?>
<testng-results ignored="0" total="3" passed="1" failed="2" skipped="0">
  <reporter-output>
  </reporter-output>
  <suite started-at="2022-07-06T23:29:36 ICT" name="Default suite" finished-at="2022-07-06T23:31:39 ICT" duration-ms="123122">
    <groups>
      <group name="cucumber">
        <method signature="AbstractTestNGCucumberTests.runScenario(io.cucumber.testng.PickleWrapper,io.cucumber.testng.FeatureWrapper)[pri:0, instance:runner.HRISDateCompareRunner@451001e5]" name="runScenario" class="io.cucumber.testng.AbstractTestNGCucumberTests"/>
      </group> <!-- cucumber -->
    </groups>
    <test started-at="2022-07-06T23:29:36 ICT" name="Default test" finished-at="2022-07-06T23:31:39 ICT" duration-ms="123122">
      <class name="runner.HRISDateCompareRunner">
        <test-method is-config="true" signature="setUpClass(org.testng.ITestContext)[pri:0, instance:runner.HRISDateCompareRunner@451001e5]" started-at="2022-07-06T23:29:36 ICT" name="setUpClass" finished-at="2022-07-06T23:29:37 ICT" duration-ms="784" status="PASS">
          <params>
            <param index="0">
              <value>
                <![CDATA[org.testng.TestRunner@4351ed61]]>
              </value>
            </param>
          </params>
          <reporter-output>
          </reporter-output>
        </test-method> <!-- setUpClass -->
        <test-method signature="runScenario(io.cucumber.testng.PickleWrapper,io.cucumber.testng.FeatureWrapper)[pri:0, instance:runner.HRISDateCompareRunner@451001e5]" started-at="2022-07-06T23:29:37 ICT" name="runScenario" description="Runs Cucumber Scenarios" data-provider="scenarios" finished-at="2022-07-06T23:30:25 ICT" duration-ms="47499" status="FAIL">
          <params>
            <param index="0">
              <value>
                <![CDATA["Compare date "From with current""]]>
              </value>
            </param>
            <param index="1">
              <value>
                <![CDATA["Bucket Data Pengajuan"]]>
              </value>
            </param>
          </params>
          <exception class="java.lang.AssertionError">
            <message>
              <![CDATA[expected [true] but found [false]]]>
            </message>
            <full-stacktrace>
              <![CDATA[java.lang.AssertionError: expected [true] but found [false]
at org.testng.Assert.fail(Assert.java:110)
at org.testng.Assert.failNotEquals(Assert.java:1413)
at org.testng.Assert.assertTrue(Assert.java:56)
at org.testng.Assert.assertTrue(Assert.java:66)
at definitions.data.HRISBukcetDataDefine.checkAction(HRISBukcetDataDefine.java:371)
at ✽.Check action(file:///D:/Project/Java/TestNG/HRIS/src/test/resources/features/HRISDateCompare.feature:14)
]]>
            </full-stacktrace>
          </exception> <!-- java.lang.AssertionError -->
          <reporter-output>
          </reporter-output>
        </test-method> <!-- runScenario -->
        <test-method signature="runScenario(io.cucumber.testng.PickleWrapper,io.cucumber.testng.FeatureWrapper)[pri:0, instance:runner.HRISDateCompareRunner@451001e5]" started-at="2022-07-06T23:30:25 ICT" name="runScenario" description="Runs Cucumber Scenarios" data-provider="scenarios" finished-at="2022-07-06T23:31:09 ICT" duration-ms="44024" status="FAIL">
          <params>
            <param index="0">
              <value>
                <![CDATA["Compare date "From with current""]]>
              </value>
            </param>
            <param index="1">
              <value>
                <![CDATA["Bucket Data Pengajuan"]]>
              </value>
            </param>
          </params>
          <exception class="java.lang.AssertionError">
            <message>
              <![CDATA[expected [true] but found [false]]]>
            </message>
            <full-stacktrace>
              <![CDATA[java.lang.AssertionError: expected [true] but found [false]
at org.testng.Assert.fail(Assert.java:110)
at org.testng.Assert.failNotEquals(Assert.java:1413)
at org.testng.Assert.assertTrue(Assert.java:56)
at org.testng.Assert.assertTrue(Assert.java:66)
at definitions.data.HRISBukcetDataDefine.checkAction(HRISBukcetDataDefine.java:371)
at ✽.Check action(file:///D:/Project/Java/TestNG/HRIS/src/test/resources/features/HRISDateCompare.feature:14)
]]>
            </full-stacktrace>
          </exception> <!-- java.lang.AssertionError -->
          <reporter-output>
          </reporter-output>
        </test-method> <!-- runScenario -->
        <test-method signature="runScenario(io.cucumber.testng.PickleWrapper,io.cucumber.testng.FeatureWrapper)[pri:0, instance:runner.HRISDateCompareRunner@451001e5]" started-at="2022-07-06T23:31:09 ICT" name="runScenario" description="Runs Cucumber Scenarios" data-provider="scenarios" finished-at="2022-07-06T23:31:39 ICT" duration-ms="30648" status="PASS">
          <params>
            <param index="0">
              <value>
                <![CDATA["Compare date "From with current""]]>
              </value>
            </param>
            <param index="1">
              <value>
                <![CDATA["Bucket Data Pengajuan"]]>
              </value>
            </param>
          </params>
          <reporter-output>
          </reporter-output>
        </test-method> <!-- runScenario -->
        <test-method is-config="true" signature="tearDownClass()[pri:0, instance:runner.HRISDateCompareRunner@451001e5]" started-at="2022-07-06T23:31:39 ICT" name="tearDownClass" finished-at="2022-07-06T23:31:39 ICT" duration-ms="32" status="PASS">
          <reporter-output>
          </reporter-output>
        </test-method> <!-- tearDownClass -->
      </class> <!-- runner.HRISDateCompareRunner -->
    </test> <!-- Default test -->
  </suite> <!-- Default suite -->
</testng-results>
