<?xml version="1.0" encoding="UTF-8"?>
<testng-results ignored="0" total="113" passed="91" failed="22" skipped="0">
  <reporter-output>
  </reporter-output>
  <suite started-at="2022-07-12T14:12:00 ICT" name="SuiteTest" finished-at="2022-07-12T14:57:56 ICT" duration-ms="2756278">
    <groups>
      <group name="cucumber">
        <method signature="AbstractTestNGCucumberTests.runScenario(io.cucumber.testng.PickleWrapper,io.cucumber.testng.FeatureWrapper)[pri:0, instance:runner.dashboard.HRISDashboardSPVRunner@24569dba]" name="runScenario" class="io.cucumber.testng.AbstractTestNGCucumberTests"/>
        <method signature="AbstractTestNGCucumberTests.runScenario(io.cucumber.testng.PickleWrapper,io.cucumber.testng.FeatureWrapper)[pri:0, instance:runner.login.HRISLoginSPVRunner@4d1c005e]" name="runScenario" class="io.cucumber.testng.AbstractTestNGCucumberTests"/>
        <method signature="AbstractTestNGCucumberTests.runScenario(io.cucumber.testng.PickleWrapper,io.cucumber.testng.FeatureWrapper)[pri:0, instance:runner.login.HRISLogoutSPVRunner@8462f31]" name="runScenario" class="io.cucumber.testng.AbstractTestNGCucumberTests"/>
        <method signature="AbstractTestNGCucumberTests.runScenario(io.cucumber.testng.PickleWrapper,io.cucumber.testng.FeatureWrapper)[pri:0, instance:runner.login.HRISPageSignInSPVRunner@31ea9581]" name="runScenario" class="io.cucumber.testng.AbstractTestNGCucumberTests"/>
        <method signature="AbstractTestNGCucumberTests.runScenario(io.cucumber.testng.PickleWrapper,io.cucumber.testng.FeatureWrapper)[pri:0, instance:runner.pengajuan.HRISActionButtonRunner@70ed52de]" name="runScenario" class="io.cucumber.testng.AbstractTestNGCucumberTests"/>
        <method signature="AbstractTestNGCucumberTests.runScenario(io.cucumber.testng.PickleWrapper,io.cucumber.testng.FeatureWrapper)[pri:0, instance:runner.pengajuan.HRISCountTanggalCutiRunner@7c37508a]" name="runScenario" class="io.cucumber.testng.AbstractTestNGCucumberTests"/>
        <method signature="AbstractTestNGCucumberTests.runScenario(io.cucumber.testng.PickleWrapper,io.cucumber.testng.FeatureWrapper)[pri:0, instance:runner.pengajuan.HRISDoubleSubmitRunner@1033576a]" name="runScenario" class="io.cucumber.testng.AbstractTestNGCucumberTests"/>
        <method signature="AbstractTestNGCucumberTests.runScenario(io.cucumber.testng.PickleWrapper,io.cucumber.testng.FeatureWrapper)[pri:0, instance:runner.pengajuan.HRISNotesRunner@6be968ce]" name="runScenario" class="io.cucumber.testng.AbstractTestNGCucumberTests"/>
        <method signature="AbstractTestNGCucumberTests.runScenario(io.cucumber.testng.PickleWrapper,io.cucumber.testng.FeatureWrapper)[pri:0, instance:runner.pengajuan.HRISSearchAndEntriesRunner@247310d0]" name="runScenario" class="io.cucumber.testng.AbstractTestNGCucumberTests"/>
        <method signature="AbstractTestNGCucumberTests.runScenario(io.cucumber.testng.PickleWrapper,io.cucumber.testng.FeatureWrapper)[pri:0, instance:runner.pengajuan.HRISSelectLeaveTypeRunner@59402b8f]" name="runScenario" class="io.cucumber.testng.AbstractTestNGCucumberTests"/>
        <method signature="AbstractTestNGCucumberTests.runScenario(io.cucumber.testng.PickleWrapper,io.cucumber.testng.FeatureWrapper)[pri:0, instance:runner.pengajuan.HRISTableDataCutiRunner@496bc455]" name="runScenario" class="io.cucumber.testng.AbstractTestNGCucumberTests"/>
        <method signature="AbstractTestNGCucumberTests.runScenario(io.cucumber.testng.PickleWrapper,io.cucumber.testng.FeatureWrapper)[pri:0, instance:runner.pengajuan.HRISTableResultCutiRunner@5ddeb7cb]" name="runScenario" class="io.cucumber.testng.AbstractTestNGCucumberTests"/>
        <method signature="AbstractTestNGCucumberTests.runScenario(io.cucumber.testng.PickleWrapper,io.cucumber.testng.FeatureWrapper)[pri:0, instance:runner.pengajuan.HRISTanggalCutiRunner@7188af83]" name="runScenario" class="io.cucumber.testng.AbstractTestNGCucumberTests"/>
        <method signature="AbstractTestNGCucumberTests.runScenario(io.cucumber.testng.PickleWrapper,io.cucumber.testng.FeatureWrapper)[pri:0, instance:runner.signature.HRISDrawSignatureSPVRunner@303cf2ba]" name="runScenario" class="io.cucumber.testng.AbstractTestNGCucumberTests"/>
      </group> <!-- cucumber -->
    </groups>
    <test started-at="2022-07-12T14:12:00 ICT" name="HRIS Employee" finished-at="2022-07-12T14:57:56 ICT" duration-ms="2756278">
      <class name="runner.pengajuan.HRISActionButtonRunner">
        <test-method is-config="true" signature="setUpClass(org.testng.ITestContext)[pri:0, instance:runner.pengajuan.HRISActionButtonRunner@70ed52de]" started-at="2022-07-12T14:17:17 ICT" name="setUpClass" finished-at="2022-07-12T14:17:17 ICT" duration-ms="26" status="PASS">
          <params>
            <param index="0">
              <value>
                <![CDATA[org.testng.TestRunner@57cc9d6f]]>
              </value>
            </param>
          </params>
          <reporter-output>
          </reporter-output>
        </test-method> <!-- setUpClass -->
        <test-method signature="runScenario(io.cucumber.testng.PickleWrapper,io.cucumber.testng.FeatureWrapper)[pri:0, instance:runner.pengajuan.HRISActionButtonRunner@70ed52de]" started-at="2022-07-12T14:17:17 ICT" name="runScenario" description="Runs Cucumber Scenarios" data-provider="scenarios" finished-at="2022-07-12T14:17:38 ICT" duration-ms="20411" status="PASS">
          <params>
            <param index="0">
              <value>
                <![CDATA["Submit new valid data"]]>
              </value>
            </param>
            <param index="1">
              <value>
                <![CDATA["Bucket Data Pengajuan"]]>
              </value>
            </param>
          </params>
          <reporter-output>
          </reporter-output>
        </test-method> <!-- runScenario -->
        <test-method signature="runScenario(io.cucumber.testng.PickleWrapper,io.cucumber.testng.FeatureWrapper)[pri:0, instance:runner.pengajuan.HRISActionButtonRunner@70ed52de]" started-at="2022-07-12T14:17:38 ICT" name="runScenario" description="Runs Cucumber Scenarios" data-provider="scenarios" finished-at="2022-07-12T14:17:57 ICT" duration-ms="19159" status="PASS">
          <params>
            <param index="0">
              <value>
                <![CDATA["Submit invalid data"]]>
              </value>
            </param>
            <param index="1">
              <value>
                <![CDATA["Bucket Data Pengajuan"]]>
              </value>
            </param>
          </params>
          <reporter-output>
          </reporter-output>
        </test-method> <!-- runScenario -->
        <test-method signature="runScenario(io.cucumber.testng.PickleWrapper,io.cucumber.testng.FeatureWrapper)[pri:0, instance:runner.pengajuan.HRISActionButtonRunner@70ed52de]" started-at="2022-07-12T14:17:57 ICT" name="runScenario" description="Runs Cucumber Scenarios" data-provider="scenarios" finished-at="2022-07-12T14:18:18 ICT" duration-ms="21304" status="PASS">
          <params>
            <param index="0">
              <value>
                <![CDATA["Validate delete action"]]>
              </value>
            </param>
            <param index="1">
              <value>
                <![CDATA["Bucket Data Pengajuan"]]>
              </value>
            </param>
          </params>
          <reporter-output>
          </reporter-output>
        </test-method> <!-- runScenario -->
        <test-method signature="runScenario(io.cucumber.testng.PickleWrapper,io.cucumber.testng.FeatureWrapper)[pri:0, instance:runner.pengajuan.HRISActionButtonRunner@70ed52de]" started-at="2022-07-12T14:18:18 ICT" name="runScenario" description="Runs Cucumber Scenarios" data-provider="scenarios" finished-at="2022-07-12T14:18:43 ICT" duration-ms="24927" status="PASS">
          <params>
            <param index="0">
              <value>
                <![CDATA["Cancel delete action"]]>
              </value>
            </param>
            <param index="1">
              <value>
                <![CDATA["Bucket Data Pengajuan"]]>
              </value>
            </param>
          </params>
          <reporter-output>
          </reporter-output>
        </test-method> <!-- runScenario -->
        <test-method signature="runScenario(io.cucumber.testng.PickleWrapper,io.cucumber.testng.FeatureWrapper)[pri:0, instance:runner.pengajuan.HRISActionButtonRunner@70ed52de]" started-at="2022-07-12T14:18:43 ICT" name="runScenario" description="Runs Cucumber Scenarios" data-provider="scenarios" finished-at="2022-07-12T14:19:19 ICT" duration-ms="35482" status="PASS">
          <params>
            <param index="0">
              <value>
                <![CDATA["Button edit show form cuti"]]>
              </value>
            </param>
            <param index="1">
              <value>
                <![CDATA["Bucket Data Pengajuan"]]>
              </value>
            </param>
          </params>
          <reporter-output>
          </reporter-output>
        </test-method> <!-- runScenario -->
        <test-method signature="runScenario(io.cucumber.testng.PickleWrapper,io.cucumber.testng.FeatureWrapper)[pri:0, instance:runner.pengajuan.HRISActionButtonRunner@70ed52de]" started-at="2022-07-12T14:19:19 ICT" name="runScenario" description="Runs Cucumber Scenarios" data-provider="scenarios" finished-at="2022-07-12T14:19:57 ICT" duration-ms="38323" status="PASS">
          <params>
            <param index="0">
              <value>
                <![CDATA["Select should show Annual"]]>
              </value>
            </param>
            <param index="1">
              <value>
                <![CDATA["Bucket Data Pengajuan"]]>
              </value>
            </param>
          </params>
          <reporter-output>
          </reporter-output>
        </test-method> <!-- runScenario -->
        <test-method signature="runScenario(io.cucumber.testng.PickleWrapper,io.cucumber.testng.FeatureWrapper)[pri:0, instance:runner.pengajuan.HRISActionButtonRunner@70ed52de]" started-at="2022-07-12T14:19:57 ICT" name="runScenario" description="Runs Cucumber Scenarios" data-provider="scenarios" finished-at="2022-07-12T14:20:33 ICT" duration-ms="35730" status="FAIL">
          <params>
            <param index="0">
              <value>
                <![CDATA["Select should show Special"]]>
              </value>
            </param>
            <param index="1">
              <value>
                <![CDATA["Bucket Data Pengajuan"]]>
              </value>
            </param>
          </params>
          <exception class="java.lang.AssertionError">
            <message>
              <![CDATA[expected [Special] but found []]]>
            </message>
            <full-stacktrace>
              <![CDATA[java.lang.AssertionError: expected [Special] but found []
at org.testng.Assert.fail(Assert.java:110)
at org.testng.Assert.failNotEquals(Assert.java:1413)
at org.testng.Assert.assertEqualsImpl(Assert.java:149)
at org.testng.Assert.assertEquals(Assert.java:131)
at org.testng.Assert.assertEquals(Assert.java:655)
at org.testng.Assert.assertEquals(Assert.java:665)
at definitions.data.HRISBukcetDataDefine.validateSelectType(HRISBukcetDataDefine.java:311)
at ?.User validate select type "Special"(file:///D:/Project/Java/TestNG/HRIS/src/test/resources/features/003-MODUL%20PENGAJUAN%20CUTI/HRISActionButton.feature:125)
]]>
            </full-stacktrace>
          </exception> <!-- java.lang.AssertionError -->
          <reporter-output>
          </reporter-output>
        </test-method> <!-- runScenario -->
        <test-method signature="runScenario(io.cucumber.testng.PickleWrapper,io.cucumber.testng.FeatureWrapper)[pri:0, instance:runner.pengajuan.HRISActionButtonRunner@70ed52de]" started-at="2022-07-12T14:20:33 ICT" name="runScenario" description="Runs Cucumber Scenarios" data-provider="scenarios" finished-at="2022-07-12T14:21:13 ICT" duration-ms="40624" status="PASS">
          <params>
            <param index="0">
              <value>
                <![CDATA["Date should show as Leave column"]]>
              </value>
            </param>
            <param index="1">
              <value>
                <![CDATA["Bucket Data Pengajuan"]]>
              </value>
            </param>
          </params>
          <reporter-output>
          </reporter-output>
        </test-method> <!-- runScenario -->
        <test-method signature="runScenario(io.cucumber.testng.PickleWrapper,io.cucumber.testng.FeatureWrapper)[pri:0, instance:runner.pengajuan.HRISActionButtonRunner@70ed52de]" started-at="2022-07-12T14:21:13 ICT" name="runScenario" description="Runs Cucumber Scenarios" data-provider="scenarios" finished-at="2022-07-12T14:21:55 ICT" duration-ms="41512" status="PASS">
          <params>
            <param index="0">
              <value>
                <![CDATA["Notes should show as data before"]]>
              </value>
            </param>
            <param index="1">
              <value>
                <![CDATA["Bucket Data Pengajuan"]]>
              </value>
            </param>
          </params>
          <reporter-output>
          </reporter-output>
        </test-method> <!-- runScenario -->
        <test-method signature="runScenario(io.cucumber.testng.PickleWrapper,io.cucumber.testng.FeatureWrapper)[pri:0, instance:runner.pengajuan.HRISActionButtonRunner@70ed52de]" started-at="2022-07-12T14:21:55 ICT" name="runScenario" description="Runs Cucumber Scenarios" data-provider="scenarios" finished-at="2022-07-12T14:22:34 ICT" duration-ms="38834" status="PASS">
          <params>
            <param index="0">
              <value>
                <![CDATA["Submit valid edit data"]]>
              </value>
            </param>
            <param index="1">
              <value>
                <![CDATA["Bucket Data Pengajuan"]]>
              </value>
            </param>
          </params>
          <reporter-output>
          </reporter-output>
        </test-method> <!-- runScenario -->
        <test-method signature="runScenario(io.cucumber.testng.PickleWrapper,io.cucumber.testng.FeatureWrapper)[pri:0, instance:runner.pengajuan.HRISActionButtonRunner@70ed52de]" started-at="2022-07-12T14:22:34 ICT" name="runScenario" description="Runs Cucumber Scenarios" data-provider="scenarios" finished-at="2022-07-12T14:23:17 ICT" duration-ms="43382" status="PASS">
          <params>
            <param index="0">
              <value>
                <![CDATA["Submit invalid edit data"]]>
              </value>
            </param>
            <param index="1">
              <value>
                <![CDATA["Bucket Data Pengajuan"]]>
              </value>
            </param>
          </params>
          <reporter-output>
          </reporter-output>
        </test-method> <!-- runScenario -->
        <test-method signature="runScenario(io.cucumber.testng.PickleWrapper,io.cucumber.testng.FeatureWrapper)[pri:0, instance:runner.pengajuan.HRISActionButtonRunner@70ed52de]" started-at="2022-07-12T14:23:17 ICT" name="runScenario" description="Runs Cucumber Scenarios" data-provider="scenarios" finished-at="2022-07-12T14:24:05 ICT" duration-ms="47903" status="PASS">
          <params>
            <param index="0">
              <value>
                <![CDATA["Button new"]]>
              </value>
            </param>
            <param index="1">
              <value>
                <![CDATA["Bucket Data Pengajuan"]]>
              </value>
            </param>
          </params>
          <reporter-output>
          </reporter-output>
        </test-method> <!-- runScenario -->
        <test-method is-config="true" signature="tearDownClass()[pri:0, instance:runner.pengajuan.HRISActionButtonRunner@70ed52de]" started-at="2022-07-12T14:24:05 ICT" name="tearDownClass" finished-at="2022-07-12T14:24:05 ICT" duration-ms="1" status="PASS">
          <reporter-output>
          </reporter-output>
        </test-method> <!-- tearDownClass -->
      </class> <!-- runner.pengajuan.HRISActionButtonRunner -->
      <class name="runner.pengajuan.HRISTableResultCutiRunner">
        <test-method is-config="true" signature="setUpClass(org.testng.ITestContext)[pri:0, instance:runner.pengajuan.HRISTableResultCutiRunner@5ddeb7cb]" started-at="2022-07-12T14:15:12 ICT" name="setUpClass" finished-at="2022-07-12T14:15:12 ICT" duration-ms="27" status="PASS">
          <params>
            <param index="0">
              <value>
                <![CDATA[org.testng.TestRunner@57cc9d6f]]>
              </value>
            </param>
          </params>
          <reporter-output>
          </reporter-output>
        </test-method> <!-- setUpClass -->
        <test-method signature="runScenario(io.cucumber.testng.PickleWrapper,io.cucumber.testng.FeatureWrapper)[pri:0, instance:runner.pengajuan.HRISTableResultCutiRunner@5ddeb7cb]" started-at="2022-07-12T14:15:12 ICT" name="runScenario" description="Runs Cucumber Scenarios" data-provider="scenarios" finished-at="2022-07-12T14:15:20 ICT" duration-ms="8162" status="PASS">
          <params>
            <param index="0">
              <value>
                <![CDATA["Show total cuti"]]>
              </value>
            </param>
            <param index="1">
              <value>
                <![CDATA["Bucket Data Pengajuan"]]>
              </value>
            </param>
          </params>
          <reporter-output>
          </reporter-output>
        </test-method> <!-- runScenario -->
        <test-method signature="runScenario(io.cucumber.testng.PickleWrapper,io.cucumber.testng.FeatureWrapper)[pri:0, instance:runner.pengajuan.HRISTableResultCutiRunner@5ddeb7cb]" started-at="2022-07-12T14:15:20 ICT" name="runScenario" description="Runs Cucumber Scenarios" data-provider="scenarios" finished-at="2022-07-12T14:15:29 ICT" duration-ms="8863" status="PASS">
          <params>
            <param index="0">
              <value>
                <![CDATA["Show total cuti yang bisa diambil"]]>
              </value>
            </param>
            <param index="1">
              <value>
                <![CDATA["Bucket Data Pengajuan"]]>
              </value>
            </param>
          </params>
          <reporter-output>
          </reporter-output>
        </test-method> <!-- runScenario -->
        <test-method signature="runScenario(io.cucumber.testng.PickleWrapper,io.cucumber.testng.FeatureWrapper)[pri:0, instance:runner.pengajuan.HRISTableResultCutiRunner@5ddeb7cb]" started-at="2022-07-12T14:15:29 ICT" name="runScenario" description="Runs Cucumber Scenarios" data-provider="scenarios" finished-at="2022-07-12T14:15:37 ICT" duration-ms="8229" status="PASS">
          <params>
            <param index="0">
              <value>
                <![CDATA["Show total cuti bersama"]]>
              </value>
            </param>
            <param index="1">
              <value>
                <![CDATA["Bucket Data Pengajuan"]]>
              </value>
            </param>
          </params>
          <reporter-output>
          </reporter-output>
        </test-method> <!-- runScenario -->
        <test-method signature="runScenario(io.cucumber.testng.PickleWrapper,io.cucumber.testng.FeatureWrapper)[pri:0, instance:runner.pengajuan.HRISTableResultCutiRunner@5ddeb7cb]" started-at="2022-07-12T14:15:37 ICT" name="runScenario" description="Runs Cucumber Scenarios" data-provider="scenarios" finished-at="2022-07-12T14:15:46 ICT" duration-ms="9044" status="PASS">
          <params>
            <param index="0">
              <value>
                <![CDATA["Show total cuti approved"]]>
              </value>
            </param>
            <param index="1">
              <value>
                <![CDATA["Bucket Data Pengajuan"]]>
              </value>
            </param>
          </params>
          <reporter-output>
          </reporter-output>
        </test-method> <!-- runScenario -->
        <test-method signature="runScenario(io.cucumber.testng.PickleWrapper,io.cucumber.testng.FeatureWrapper)[pri:0, instance:runner.pengajuan.HRISTableResultCutiRunner@5ddeb7cb]" started-at="2022-07-12T14:15:46 ICT" name="runScenario" description="Runs Cucumber Scenarios" data-provider="scenarios" finished-at="2022-07-12T14:15:55 ICT" duration-ms="9172" status="PASS">
          <params>
            <param index="0">
              <value>
                <![CDATA["Show total cuti request"]]>
              </value>
            </param>
            <param index="1">
              <value>
                <![CDATA["Bucket Data Pengajuan"]]>
              </value>
            </param>
          </params>
          <reporter-output>
          </reporter-output>
        </test-method> <!-- runScenario -->
        <test-method signature="runScenario(io.cucumber.testng.PickleWrapper,io.cucumber.testng.FeatureWrapper)[pri:0, instance:runner.pengajuan.HRISTableResultCutiRunner@5ddeb7cb]" started-at="2022-07-12T14:15:55 ICT" name="runScenario" description="Runs Cucumber Scenarios" data-provider="scenarios" finished-at="2022-07-12T14:16:04 ICT" duration-ms="8257" status="PASS">
          <params>
            <param index="0">
              <value>
                <![CDATA["Show total sisa cuti"]]>
              </value>
            </param>
            <param index="1">
              <value>
                <![CDATA["Bucket Data Pengajuan"]]>
              </value>
            </param>
          </params>
          <reporter-output>
          </reporter-output>
        </test-method> <!-- runScenario -->
        <test-method signature="runScenario(io.cucumber.testng.PickleWrapper,io.cucumber.testng.FeatureWrapper)[pri:0, instance:runner.pengajuan.HRISTableResultCutiRunner@5ddeb7cb]" started-at="2022-07-12T14:16:04 ICT" name="runScenario" description="Runs Cucumber Scenarios" data-provider="scenarios" finished-at="2022-07-12T14:16:36 ICT" duration-ms="32762" status="PASS">
          <params>
            <param index="0">
              <value>
                <![CDATA["Show total cuti approved"]]>
              </value>
            </param>
            <param index="1">
              <value>
                <![CDATA["Bucket Data Pengajuan"]]>
              </value>
            </param>
          </params>
          <reporter-output>
          </reporter-output>
        </test-method> <!-- runScenario -->
        <test-method signature="runScenario(io.cucumber.testng.PickleWrapper,io.cucumber.testng.FeatureWrapper)[pri:0, instance:runner.pengajuan.HRISTableResultCutiRunner@5ddeb7cb]" started-at="2022-07-12T14:16:36 ICT" name="runScenario" description="Runs Cucumber Scenarios" data-provider="scenarios" finished-at="2022-07-12T14:16:56 ICT" duration-ms="19927" status="PASS">
          <params>
            <param index="0">
              <value>
                <![CDATA["Show total cuti request"]]>
              </value>
            </param>
            <param index="1">
              <value>
                <![CDATA["Bucket Data Pengajuan"]]>
              </value>
            </param>
          </params>
          <reporter-output>
          </reporter-output>
        </test-method> <!-- runScenario -->
        <test-method signature="runScenario(io.cucumber.testng.PickleWrapper,io.cucumber.testng.FeatureWrapper)[pri:0, instance:runner.pengajuan.HRISTableResultCutiRunner@5ddeb7cb]" started-at="2022-07-12T14:16:56 ICT" name="runScenario" description="Runs Cucumber Scenarios" data-provider="scenarios" finished-at="2022-07-12T14:17:17 ICT" duration-ms="20886" status="PASS">
          <params>
            <param index="0">
              <value>
                <![CDATA["Show total sisa cuti"]]>
              </value>
            </param>
            <param index="1">
              <value>
                <![CDATA["Bucket Data Pengajuan"]]>
              </value>
            </param>
          </params>
          <reporter-output>
          </reporter-output>
        </test-method> <!-- runScenario -->
        <test-method is-config="true" signature="tearDownClass()[pri:0, instance:runner.pengajuan.HRISTableResultCutiRunner@5ddeb7cb]" started-at="2022-07-12T14:17:17 ICT" name="tearDownClass" finished-at="2022-07-12T14:17:17 ICT" duration-ms="2" status="PASS">
          <reporter-output>
          </reporter-output>
        </test-method> <!-- tearDownClass -->
      </class> <!-- runner.pengajuan.HRISTableResultCutiRunner -->
      <class name="runner.pengajuan.HRISCountTanggalCutiRunner">
        <test-method is-config="true" signature="setUpClass(org.testng.ITestContext)[pri:0, instance:runner.pengajuan.HRISCountTanggalCutiRunner@7c37508a]" started-at="2022-07-12T14:44:26 ICT" name="setUpClass" finished-at="2022-07-12T14:44:26 ICT" duration-ms="26" status="PASS">
          <params>
            <param index="0">
              <value>
                <![CDATA[org.testng.TestRunner@57cc9d6f]]>
              </value>
            </param>
          </params>
          <reporter-output>
          </reporter-output>
        </test-method> <!-- setUpClass -->
        <test-method signature="runScenario(io.cucumber.testng.PickleWrapper,io.cucumber.testng.FeatureWrapper)[pri:0, instance:runner.pengajuan.HRISCountTanggalCutiRunner@7c37508a]" started-at="2022-07-12T14:44:26 ICT" name="runScenario" description="Runs Cucumber Scenarios" data-provider="scenarios" finished-at="2022-07-12T14:44:51 ICT" duration-ms="25729" status="PASS">
          <params>
            <param index="0">
              <value>
                <![CDATA["Cuti type Annual and count date "LESS" than 12"]]>
              </value>
            </param>
            <param index="1">
              <value>
                <![CDATA["Bucket Data Pengajuan"]]>
              </value>
            </param>
          </params>
          <reporter-output>
          </reporter-output>
        </test-method> <!-- runScenario -->
        <test-method signature="runScenario(io.cucumber.testng.PickleWrapper,io.cucumber.testng.FeatureWrapper)[pri:0, instance:runner.pengajuan.HRISCountTanggalCutiRunner@7c37508a]" started-at="2022-07-12T14:44:51 ICT" name="runScenario" description="Runs Cucumber Scenarios" data-provider="scenarios" finished-at="2022-07-12T14:45:14 ICT" duration-ms="22796" status="PASS">
          <params>
            <param index="0">
              <value>
                <![CDATA["Cuti type Annual and count date "EQUALS" 12"]]>
              </value>
            </param>
            <param index="1">
              <value>
                <![CDATA["Bucket Data Pengajuan"]]>
              </value>
            </param>
          </params>
          <reporter-output>
          </reporter-output>
        </test-method> <!-- runScenario -->
        <test-method signature="runScenario(io.cucumber.testng.PickleWrapper,io.cucumber.testng.FeatureWrapper)[pri:0, instance:runner.pengajuan.HRISCountTanggalCutiRunner@7c37508a]" started-at="2022-07-12T14:45:14 ICT" name="runScenario" description="Runs Cucumber Scenarios" data-provider="scenarios" finished-at="2022-07-12T14:45:29 ICT" duration-ms="14696" status="PASS">
          <params>
            <param index="0">
              <value>
                <![CDATA["Cuti type Annual and count date "MORE" than 12"]]>
              </value>
            </param>
            <param index="1">
              <value>
                <![CDATA["Bucket Data Pengajuan"]]>
              </value>
            </param>
          </params>
          <reporter-output>
          </reporter-output>
        </test-method> <!-- runScenario -->
        <test-method signature="runScenario(io.cucumber.testng.PickleWrapper,io.cucumber.testng.FeatureWrapper)[pri:0, instance:runner.pengajuan.HRISCountTanggalCutiRunner@7c37508a]" started-at="2022-07-12T14:45:29 ICT" name="runScenario" description="Runs Cucumber Scenarios" data-provider="scenarios" finished-at="2022-07-12T14:45:47 ICT" duration-ms="18694" status="PASS">
          <params>
            <param index="0">
              <value>
                <![CDATA["Cuti type Special and count date "LESS" than max count"]]>
              </value>
            </param>
            <param index="1">
              <value>
                <![CDATA["Bucket Data Pengajuan"]]>
              </value>
            </param>
          </params>
          <reporter-output>
          </reporter-output>
        </test-method> <!-- runScenario -->
        <test-method signature="runScenario(io.cucumber.testng.PickleWrapper,io.cucumber.testng.FeatureWrapper)[pri:0, instance:runner.pengajuan.HRISCountTanggalCutiRunner@7c37508a]" started-at="2022-07-12T14:45:47 ICT" name="runScenario" description="Runs Cucumber Scenarios" data-provider="scenarios" finished-at="2022-07-12T14:46:11 ICT" duration-ms="23065" status="PASS">
          <params>
            <param index="0">
              <value>
                <![CDATA["Cuti type Special and count date "LESS" than max count"]]>
              </value>
            </param>
            <param index="1">
              <value>
                <![CDATA["Bucket Data Pengajuan"]]>
              </value>
            </param>
          </params>
          <reporter-output>
          </reporter-output>
        </test-method> <!-- runScenario -->
        <test-method signature="runScenario(io.cucumber.testng.PickleWrapper,io.cucumber.testng.FeatureWrapper)[pri:0, instance:runner.pengajuan.HRISCountTanggalCutiRunner@7c37508a]" started-at="2022-07-12T14:46:11 ICT" name="runScenario" description="Runs Cucumber Scenarios" data-provider="scenarios" finished-at="2022-07-12T14:46:30 ICT" duration-ms="19450" status="PASS">
          <params>
            <param index="0">
              <value>
                <![CDATA["Cuti type Special and count date "LESS" than max count"]]>
              </value>
            </param>
            <param index="1">
              <value>
                <![CDATA["Bucket Data Pengajuan"]]>
              </value>
            </param>
          </params>
          <reporter-output>
          </reporter-output>
        </test-method> <!-- runScenario -->
        <test-method signature="runScenario(io.cucumber.testng.PickleWrapper,io.cucumber.testng.FeatureWrapper)[pri:0, instance:runner.pengajuan.HRISCountTanggalCutiRunner@7c37508a]" started-at="2022-07-12T14:46:30 ICT" name="runScenario" description="Runs Cucumber Scenarios" data-provider="scenarios" finished-at="2022-07-12T14:46:50 ICT" duration-ms="20204" status="PASS">
          <params>
            <param index="0">
              <value>
                <![CDATA["Cuti type Special and count date "LESS" than max count"]]>
              </value>
            </param>
            <param index="1">
              <value>
                <![CDATA["Bucket Data Pengajuan"]]>
              </value>
            </param>
          </params>
          <reporter-output>
          </reporter-output>
        </test-method> <!-- runScenario -->
        <test-method signature="runScenario(io.cucumber.testng.PickleWrapper,io.cucumber.testng.FeatureWrapper)[pri:0, instance:runner.pengajuan.HRISCountTanggalCutiRunner@7c37508a]" started-at="2022-07-12T14:46:50 ICT" name="runScenario" description="Runs Cucumber Scenarios" data-provider="scenarios" finished-at="2022-07-12T14:47:09 ICT" duration-ms="19168" status="PASS">
          <params>
            <param index="0">
              <value>
                <![CDATA["Cuti type Special and count date "LESS" than max count"]]>
              </value>
            </param>
            <param index="1">
              <value>
                <![CDATA["Bucket Data Pengajuan"]]>
              </value>
            </param>
          </params>
          <reporter-output>
          </reporter-output>
        </test-method> <!-- runScenario -->
        <test-method signature="runScenario(io.cucumber.testng.PickleWrapper,io.cucumber.testng.FeatureWrapper)[pri:0, instance:runner.pengajuan.HRISCountTanggalCutiRunner@7c37508a]" started-at="2022-07-12T14:47:09 ICT" name="runScenario" description="Runs Cucumber Scenarios" data-provider="scenarios" finished-at="2022-07-12T14:47:32 ICT" duration-ms="22409" status="PASS">
          <params>
            <param index="0">
              <value>
                <![CDATA["Cuti type Special and count date "LESS" than max count"]]>
              </value>
            </param>
            <param index="1">
              <value>
                <![CDATA["Bucket Data Pengajuan"]]>
              </value>
            </param>
          </params>
          <reporter-output>
          </reporter-output>
        </test-method> <!-- runScenario -->
        <test-method signature="runScenario(io.cucumber.testng.PickleWrapper,io.cucumber.testng.FeatureWrapper)[pri:0, instance:runner.pengajuan.HRISCountTanggalCutiRunner@7c37508a]" started-at="2022-07-12T14:47:32 ICT" name="runScenario" description="Runs Cucumber Scenarios" data-provider="scenarios" finished-at="2022-07-12T14:47:55 ICT" duration-ms="23181" status="PASS">
          <params>
            <param index="0">
              <value>
                <![CDATA["Cuti type Special and count date "EQUALS" max count"]]>
              </value>
            </param>
            <param index="1">
              <value>
                <![CDATA["Bucket Data Pengajuan"]]>
              </value>
            </param>
          </params>
          <reporter-output>
          </reporter-output>
        </test-method> <!-- runScenario -->
        <test-method signature="runScenario(io.cucumber.testng.PickleWrapper,io.cucumber.testng.FeatureWrapper)[pri:0, instance:runner.pengajuan.HRISCountTanggalCutiRunner@7c37508a]" started-at="2022-07-12T14:47:55 ICT" name="runScenario" description="Runs Cucumber Scenarios" data-provider="scenarios" finished-at="2022-07-12T14:48:21 ICT" duration-ms="26289" status="PASS">
          <params>
            <param index="0">
              <value>
                <![CDATA["Cuti type Special and count date "EQUALS" max count"]]>
              </value>
            </param>
            <param index="1">
              <value>
                <![CDATA["Bucket Data Pengajuan"]]>
              </value>
            </param>
          </params>
          <reporter-output>
          </reporter-output>
        </test-method> <!-- runScenario -->
        <test-method signature="runScenario(io.cucumber.testng.PickleWrapper,io.cucumber.testng.FeatureWrapper)[pri:0, instance:runner.pengajuan.HRISCountTanggalCutiRunner@7c37508a]" started-at="2022-07-12T14:48:21 ICT" name="runScenario" description="Runs Cucumber Scenarios" data-provider="scenarios" finished-at="2022-07-12T14:48:43 ICT" duration-ms="21809" status="PASS">
          <params>
            <param index="0">
              <value>
                <![CDATA["Cuti type Special and count date "EQUALS" max count"]]>
              </value>
            </param>
            <param index="1">
              <value>
                <![CDATA["Bucket Data Pengajuan"]]>
              </value>
            </param>
          </params>
          <reporter-output>
          </reporter-output>
        </test-method> <!-- runScenario -->
        <test-method signature="runScenario(io.cucumber.testng.PickleWrapper,io.cucumber.testng.FeatureWrapper)[pri:0, instance:runner.pengajuan.HRISCountTanggalCutiRunner@7c37508a]" started-at="2022-07-12T14:48:43 ICT" name="runScenario" description="Runs Cucumber Scenarios" data-provider="scenarios" finished-at="2022-07-12T14:49:00 ICT" duration-ms="17174" status="PASS">
          <params>
            <param index="0">
              <value>
                <![CDATA["Cuti type Special and count date "EQUALS" max count"]]>
              </value>
            </param>
            <param index="1">
              <value>
                <![CDATA["Bucket Data Pengajuan"]]>
              </value>
            </param>
          </params>
          <reporter-output>
          </reporter-output>
        </test-method> <!-- runScenario -->
        <test-method signature="runScenario(io.cucumber.testng.PickleWrapper,io.cucumber.testng.FeatureWrapper)[pri:0, instance:runner.pengajuan.HRISCountTanggalCutiRunner@7c37508a]" started-at="2022-07-12T14:49:00 ICT" name="runScenario" description="Runs Cucumber Scenarios" data-provider="scenarios" finished-at="2022-07-12T14:49:18 ICT" duration-ms="17396" status="PASS">
          <params>
            <param index="0">
              <value>
                <![CDATA["Cuti type Special and count date "EQUALS" max count"]]>
              </value>
            </param>
            <param index="1">
              <value>
                <![CDATA["Bucket Data Pengajuan"]]>
              </value>
            </param>
          </params>
          <reporter-output>
          </reporter-output>
        </test-method> <!-- runScenario -->
        <test-method signature="runScenario(io.cucumber.testng.PickleWrapper,io.cucumber.testng.FeatureWrapper)[pri:0, instance:runner.pengajuan.HRISCountTanggalCutiRunner@7c37508a]" started-at="2022-07-12T14:49:18 ICT" name="runScenario" description="Runs Cucumber Scenarios" data-provider="scenarios" finished-at="2022-07-12T14:49:37 ICT" duration-ms="19226" status="PASS">
          <params>
            <param index="0">
              <value>
                <![CDATA["Cuti type Special and count date "EQUALS" max count"]]>
              </value>
            </param>
            <param index="1">
              <value>
                <![CDATA["Bucket Data Pengajuan"]]>
              </value>
            </param>
          </params>
          <reporter-output>
          </reporter-output>
        </test-method> <!-- runScenario -->
        <test-method signature="runScenario(io.cucumber.testng.PickleWrapper,io.cucumber.testng.FeatureWrapper)[pri:0, instance:runner.pengajuan.HRISCountTanggalCutiRunner@7c37508a]" started-at="2022-07-12T14:49:37 ICT" name="runScenario" description="Runs Cucumber Scenarios" data-provider="scenarios" finished-at="2022-07-12T14:49:59 ICT" duration-ms="22097" status="PASS">
          <params>
            <param index="0">
              <value>
                <![CDATA["Cuti type Special and count date "EQUALS" max count"]]>
              </value>
            </param>
            <param index="1">
              <value>
                <![CDATA["Bucket Data Pengajuan"]]>
              </value>
            </param>
          </params>
          <reporter-output>
          </reporter-output>
        </test-method> <!-- runScenario -->
        <test-method signature="runScenario(io.cucumber.testng.PickleWrapper,io.cucumber.testng.FeatureWrapper)[pri:0, instance:runner.pengajuan.HRISCountTanggalCutiRunner@7c37508a]" started-at="2022-07-12T14:49:59 ICT" name="runScenario" description="Runs Cucumber Scenarios" data-provider="scenarios" finished-at="2022-07-12T14:50:18 ICT" duration-ms="19298" status="PASS">
          <params>
            <param index="0">
              <value>
                <![CDATA["Cuti type Special and count date "MORE" than max count"]]>
              </value>
            </param>
            <param index="1">
              <value>
                <![CDATA["Bucket Data Pengajuan"]]>
              </value>
            </param>
          </params>
          <reporter-output>
          </reporter-output>
        </test-method> <!-- runScenario -->
        <test-method signature="runScenario(io.cucumber.testng.PickleWrapper,io.cucumber.testng.FeatureWrapper)[pri:0, instance:runner.pengajuan.HRISCountTanggalCutiRunner@7c37508a]" started-at="2022-07-12T14:50:18 ICT" name="runScenario" description="Runs Cucumber Scenarios" data-provider="scenarios" finished-at="2022-07-12T14:50:30 ICT" duration-ms="11951" status="PASS">
          <params>
            <param index="0">
              <value>
                <![CDATA["Cuti type Special and count date "MORE" than max count"]]>
              </value>
            </param>
            <param index="1">
              <value>
                <![CDATA["Bucket Data Pengajuan"]]>
              </value>
            </param>
          </params>
          <reporter-output>
          </reporter-output>
        </test-method> <!-- runScenario -->
        <test-method signature="runScenario(io.cucumber.testng.PickleWrapper,io.cucumber.testng.FeatureWrapper)[pri:0, instance:runner.pengajuan.HRISCountTanggalCutiRunner@7c37508a]" started-at="2022-07-12T14:50:30 ICT" name="runScenario" description="Runs Cucumber Scenarios" data-provider="scenarios" finished-at="2022-07-12T14:50:44 ICT" duration-ms="13717" status="PASS">
          <params>
            <param index="0">
              <value>
                <![CDATA["Cuti type Special and count date "MORE" than max count"]]>
              </value>
            </param>
            <param index="1">
              <value>
                <![CDATA["Bucket Data Pengajuan"]]>
              </value>
            </param>
          </params>
          <reporter-output>
          </reporter-output>
        </test-method> <!-- runScenario -->
        <test-method signature="runScenario(io.cucumber.testng.PickleWrapper,io.cucumber.testng.FeatureWrapper)[pri:0, instance:runner.pengajuan.HRISCountTanggalCutiRunner@7c37508a]" started-at="2022-07-12T14:50:44 ICT" name="runScenario" description="Runs Cucumber Scenarios" data-provider="scenarios" finished-at="2022-07-12T14:51:06 ICT" duration-ms="21993" status="PASS">
          <params>
            <param index="0">
              <value>
                <![CDATA["Cuti type Special and count date "MORE" than max count"]]>
              </value>
            </param>
            <param index="1">
              <value>
                <![CDATA["Bucket Data Pengajuan"]]>
              </value>
            </param>
          </params>
          <reporter-output>
          </reporter-output>
        </test-method> <!-- runScenario -->
        <test-method signature="runScenario(io.cucumber.testng.PickleWrapper,io.cucumber.testng.FeatureWrapper)[pri:0, instance:runner.pengajuan.HRISCountTanggalCutiRunner@7c37508a]" started-at="2022-07-12T14:51:06 ICT" name="runScenario" description="Runs Cucumber Scenarios" data-provider="scenarios" finished-at="2022-07-12T14:51:21 ICT" duration-ms="14722" status="PASS">
          <params>
            <param index="0">
              <value>
                <![CDATA["Cuti type Special and count date "MORE" than max count"]]>
              </value>
            </param>
            <param index="1">
              <value>
                <![CDATA["Bucket Data Pengajuan"]]>
              </value>
            </param>
          </params>
          <reporter-output>
          </reporter-output>
        </test-method> <!-- runScenario -->
        <test-method signature="runScenario(io.cucumber.testng.PickleWrapper,io.cucumber.testng.FeatureWrapper)[pri:0, instance:runner.pengajuan.HRISCountTanggalCutiRunner@7c37508a]" started-at="2022-07-12T14:51:21 ICT" name="runScenario" description="Runs Cucumber Scenarios" data-provider="scenarios" finished-at="2022-07-12T14:51:33 ICT" duration-ms="12404" status="PASS">
          <params>
            <param index="0">
              <value>
                <![CDATA["Cuti type Special and count date "MORE" than max count"]]>
              </value>
            </param>
            <param index="1">
              <value>
                <![CDATA["Bucket Data Pengajuan"]]>
              </value>
            </param>
          </params>
          <reporter-output>
          </reporter-output>
        </test-method> <!-- runScenario -->
        <test-method signature="runScenario(io.cucumber.testng.PickleWrapper,io.cucumber.testng.FeatureWrapper)[pri:0, instance:runner.pengajuan.HRISCountTanggalCutiRunner@7c37508a]" started-at="2022-07-12T14:51:33 ICT" name="runScenario" description="Runs Cucumber Scenarios" data-provider="scenarios" finished-at="2022-07-12T14:51:46 ICT" duration-ms="12547" status="PASS">
          <params>
            <param index="0">
              <value>
                <![CDATA["Cuti type Special and count date "MORE" than max count"]]>
              </value>
            </param>
            <param index="1">
              <value>
                <![CDATA["Bucket Data Pengajuan"]]>
              </value>
            </param>
          </params>
          <reporter-output>
          </reporter-output>
        </test-method> <!-- runScenario -->
        <test-method signature="runScenario(io.cucumber.testng.PickleWrapper,io.cucumber.testng.FeatureWrapper)[pri:0, instance:runner.pengajuan.HRISCountTanggalCutiRunner@7c37508a]" started-at="2022-07-12T14:51:46 ICT" name="runScenario" description="Runs Cucumber Scenarios" data-provider="scenarios" finished-at="2022-07-12T14:52:05 ICT" duration-ms="18969" status="FAIL">
          <params>
            <param index="0">
              <value>
                <![CDATA["Count date as expected"]]>
              </value>
            </param>
            <param index="1">
              <value>
                <![CDATA["Bucket Data Pengajuan"]]>
              </value>
            </param>
          </params>
          <exception class="java.lang.AssertionError">
            <message>
              <![CDATA[expected [true] but found [false]]]>
            </message>
            <full-stacktrace>
              <![CDATA[java.lang.AssertionError: expected [true] but found [false]
at org.testng.Assert.fail(Assert.java:110)
at org.testng.Assert.failNotEquals(Assert.java:1413)
at org.testng.Assert.assertTrue(Assert.java:56)
at org.testng.Assert.assertTrue(Assert.java:66)
at definitions.data.HRISBukcetDataDefine.countEquals(HRISBukcetDataDefine.java:585)
at ?.Count equals 3(file:///D:/Project/Java/TestNG/HRIS/src/test/resources/features/003-MODUL%20PENGAJUAN%20CUTI/HRISCountTanggalCuti.feature:122)
]]>
            </full-stacktrace>
          </exception> <!-- java.lang.AssertionError -->
          <reporter-output>
          </reporter-output>
        </test-method> <!-- runScenario -->
        <test-method signature="runScenario(io.cucumber.testng.PickleWrapper,io.cucumber.testng.FeatureWrapper)[pri:0, instance:runner.pengajuan.HRISCountTanggalCutiRunner@7c37508a]" started-at="2022-07-12T14:52:05 ICT" name="runScenario" description="Runs Cucumber Scenarios" data-provider="scenarios" finished-at="2022-07-12T14:52:28 ICT" duration-ms="23544" status="PASS">
          <params>
            <param index="0">
              <value>
                <![CDATA["Count date as expected"]]>
              </value>
            </param>
            <param index="1">
              <value>
                <![CDATA["Bucket Data Pengajuan"]]>
              </value>
            </param>
          </params>
          <reporter-output>
          </reporter-output>
        </test-method> <!-- runScenario -->
        <test-method signature="runScenario(io.cucumber.testng.PickleWrapper,io.cucumber.testng.FeatureWrapper)[pri:0, instance:runner.pengajuan.HRISCountTanggalCutiRunner@7c37508a]" started-at="2022-07-12T14:52:28 ICT" name="runScenario" description="Runs Cucumber Scenarios" data-provider="scenarios" finished-at="2022-07-12T14:52:46 ICT" duration-ms="17946" status="FAIL">
          <params>
            <param index="0">
              <value>
                <![CDATA["Count date as expected"]]>
              </value>
            </param>
            <param index="1">
              <value>
                <![CDATA["Bucket Data Pengajuan"]]>
              </value>
            </param>
          </params>
          <exception class="java.lang.AssertionError">
            <message>
              <![CDATA[expected [true] but found [false]]]>
            </message>
            <full-stacktrace>
              <![CDATA[java.lang.AssertionError: expected [true] but found [false]
at org.testng.Assert.fail(Assert.java:110)
at org.testng.Assert.failNotEquals(Assert.java:1413)
at org.testng.Assert.assertTrue(Assert.java:56)
at org.testng.Assert.assertTrue(Assert.java:66)
at definitions.data.HRISBukcetDataDefine.countEquals(HRISBukcetDataDefine.java:585)
at ?.Count equals 0(file:///D:/Project/Java/TestNG/HRIS/src/test/resources/features/003-MODUL%20PENGAJUAN%20CUTI/HRISCountTanggalCuti.feature:122)
]]>
            </full-stacktrace>
          </exception> <!-- java.lang.AssertionError -->
          <reporter-output>
          </reporter-output>
        </test-method> <!-- runScenario -->
        <test-method is-config="true" signature="tearDownClass()[pri:0, instance:runner.pengajuan.HRISCountTanggalCutiRunner@7c37508a]" started-at="2022-07-12T14:52:46 ICT" name="tearDownClass" finished-at="2022-07-12T14:52:46 ICT" duration-ms="2" status="PASS">
          <reporter-output>
          </reporter-output>
        </test-method> <!-- tearDownClass -->
      </class> <!-- runner.pengajuan.HRISCountTanggalCutiRunner -->
      <class name="runner.dashboard.HRISDashboardSPVRunner">
        <test-method is-config="true" signature="setUpClass(org.testng.ITestContext)[pri:0, instance:runner.dashboard.HRISDashboardSPVRunner@24569dba]" started-at="2022-07-12T14:14:29 ICT" name="setUpClass" finished-at="2022-07-12T14:14:29 ICT" duration-ms="40" status="PASS">
          <params>
            <param index="0">
              <value>
                <![CDATA[org.testng.TestRunner@57cc9d6f]]>
              </value>
            </param>
          </params>
          <reporter-output>
          </reporter-output>
        </test-method> <!-- setUpClass -->
        <test-method signature="runScenario(io.cucumber.testng.PickleWrapper,io.cucumber.testng.FeatureWrapper)[pri:0, instance:runner.dashboard.HRISDashboardSPVRunner@24569dba]" started-at="2022-07-12T14:14:29 ICT" name="runScenario" description="Runs Cucumber Scenarios" data-provider="scenarios" finished-at="2022-07-12T14:14:43 ICT" duration-ms="13683" status="PASS">
          <params>
            <param index="0">
              <value>
                <![CDATA["Show Home Page"]]>
              </value>
            </param>
            <param index="1">
              <value>
                <![CDATA["Dashboard"]]>
              </value>
            </param>
          </params>
          <reporter-output>
          </reporter-output>
        </test-method> <!-- runScenario -->
        <test-method signature="runScenario(io.cucumber.testng.PickleWrapper,io.cucumber.testng.FeatureWrapper)[pri:0, instance:runner.dashboard.HRISDashboardSPVRunner@24569dba]" started-at="2022-07-12T14:14:43 ICT" name="runScenario" description="Runs Cucumber Scenarios" data-provider="scenarios" finished-at="2022-07-12T14:14:54 ICT" duration-ms="10995" status="PASS">
          <params>
            <param index="0">
              <value>
                <![CDATA["Show Pengajuan Cuti Page from My Task"]]>
              </value>
            </param>
            <param index="1">
              <value>
                <![CDATA["Dashboard"]]>
              </value>
            </param>
          </params>
          <reporter-output>
          </reporter-output>
        </test-method> <!-- runScenario -->
        <test-method signature="runScenario(io.cucumber.testng.PickleWrapper,io.cucumber.testng.FeatureWrapper)[pri:0, instance:runner.dashboard.HRISDashboardSPVRunner@24569dba]" started-at="2022-07-12T14:14:54 ICT" name="runScenario" description="Runs Cucumber Scenarios" data-provider="scenarios" finished-at="2022-07-12T14:15:03 ICT" duration-ms="9179" status="PASS">
          <params>
            <param index="0">
              <value>
                <![CDATA["Show Pengajuan Cuti Page from Navbar"]]>
              </value>
            </param>
            <param index="1">
              <value>
                <![CDATA["Dashboard"]]>
              </value>
            </param>
          </params>
          <reporter-output>
          </reporter-output>
        </test-method> <!-- runScenario -->
        <test-method signature="runScenario(io.cucumber.testng.PickleWrapper,io.cucumber.testng.FeatureWrapper)[pri:0, instance:runner.dashboard.HRISDashboardSPVRunner@24569dba]" started-at="2022-07-12T14:15:03 ICT" name="runScenario" description="Runs Cucumber Scenarios" data-provider="scenarios" finished-at="2022-07-12T14:15:12 ICT" duration-ms="8868" status="PASS">
          <params>
            <param index="0">
              <value>
                <![CDATA["Show Signature Page"]]>
              </value>
            </param>
            <param index="1">
              <value>
                <![CDATA["Dashboard"]]>
              </value>
            </param>
          </params>
          <reporter-output>
          </reporter-output>
        </test-method> <!-- runScenario -->
        <test-method is-config="true" signature="tearDownClass()[pri:0, instance:runner.dashboard.HRISDashboardSPVRunner@24569dba]" started-at="2022-07-12T14:15:12 ICT" name="tearDownClass" finished-at="2022-07-12T14:15:12 ICT" duration-ms="0" status="PASS">
          <reporter-output>
          </reporter-output>
        </test-method> <!-- tearDownClass -->
      </class> <!-- runner.dashboard.HRISDashboardSPVRunner -->
      <class name="runner.pengajuan.HRISSearchAndEntriesRunner">
        <test-method is-config="true" signature="setUpClass(org.testng.ITestContext)[pri:0, instance:runner.pengajuan.HRISSearchAndEntriesRunner@247310d0]" started-at="2022-07-12T14:52:46 ICT" name="setUpClass" finished-at="2022-07-12T14:52:46 ICT" duration-ms="16" status="PASS">
          <params>
            <param index="0">
              <value>
                <![CDATA[org.testng.TestRunner@57cc9d6f]]>
              </value>
            </param>
          </params>
          <reporter-output>
          </reporter-output>
        </test-method> <!-- setUpClass -->
        <test-method signature="runScenario(io.cucumber.testng.PickleWrapper,io.cucumber.testng.FeatureWrapper)[pri:0, instance:runner.pengajuan.HRISSearchAndEntriesRunner@247310d0]" started-at="2022-07-12T14:52:46 ICT" name="runScenario" description="Runs Cucumber Scenarios" data-provider="scenarios" finished-at="2022-07-12T14:52:59 ICT" duration-ms="12927" status="FAIL">
          <params>
            <param index="0">
              <value>
                <![CDATA["Search by value"]]>
              </value>
            </param>
            <param index="1">
              <value>
                <![CDATA["Bucket Data Pengajuan"]]>
              </value>
            </param>
          </params>
          <exception class="java.lang.AssertionError">
            <message>
              <![CDATA[expected [true] but found [false]]]>
            </message>
            <full-stacktrace>
              <![CDATA[java.lang.AssertionError: expected [true] but found [false]
at org.testng.Assert.fail(Assert.java:110)
at org.testng.Assert.failNotEquals(Assert.java:1413)
at org.testng.Assert.assertTrue(Assert.java:56)
at org.testng.Assert.assertTrue(Assert.java:66)
at definitions.data.HRISBukcetDataDefine.validateSearch(HRISBukcetDataDefine.java:517)
at ?.User validate search November(file:///D:/Project/Java/TestNG/HRIS/src/test/resources/features/003-MODUL%20PENGAJUAN%20CUTI/HRISSearchAndEntries.feature:43)
]]>
            </full-stacktrace>
          </exception> <!-- java.lang.AssertionError -->
          <reporter-output>
          </reporter-output>
        </test-method> <!-- runScenario -->
        <test-method signature="runScenario(io.cucumber.testng.PickleWrapper,io.cucumber.testng.FeatureWrapper)[pri:0, instance:runner.pengajuan.HRISSearchAndEntriesRunner@247310d0]" started-at="2022-07-12T14:52:59 ICT" name="runScenario" description="Runs Cucumber Scenarios" data-provider="scenarios" finished-at="2022-07-12T14:53:11 ICT" duration-ms="11775" status="FAIL">
          <params>
            <param index="0">
              <value>
                <![CDATA["Search by value"]]>
              </value>
            </param>
            <param index="1">
              <value>
                <![CDATA["Bucket Data Pengajuan"]]>
              </value>
            </param>
          </params>
          <exception class="java.lang.AssertionError">
            <message>
              <![CDATA[expected [true] but found [false]]]>
            </message>
            <full-stacktrace>
              <![CDATA[java.lang.AssertionError: expected [true] but found [false]
at org.testng.Assert.fail(Assert.java:110)
at org.testng.Assert.failNotEquals(Assert.java:1413)
at org.testng.Assert.assertTrue(Assert.java:56)
at org.testng.Assert.assertTrue(Assert.java:66)
at definitions.data.HRISBukcetDataDefine.validateSearch(HRISBukcetDataDefine.java:520)
at ?.User validate search 90(file:///D:/Project/Java/TestNG/HRIS/src/test/resources/features/003-MODUL%20PENGAJUAN%20CUTI/HRISSearchAndEntries.feature:43)
]]>
            </full-stacktrace>
          </exception> <!-- java.lang.AssertionError -->
          <reporter-output>
          </reporter-output>
        </test-method> <!-- runScenario -->
        <test-method signature="runScenario(io.cucumber.testng.PickleWrapper,io.cucumber.testng.FeatureWrapper)[pri:0, instance:runner.pengajuan.HRISSearchAndEntriesRunner@247310d0]" started-at="2022-07-12T14:53:11 ICT" name="runScenario" description="Runs Cucumber Scenarios" data-provider="scenarios" finished-at="2022-07-12T14:53:23 ICT" duration-ms="12204" status="FAIL">
          <params>
            <param index="0">
              <value>
                <![CDATA["Search by value"]]>
              </value>
            </param>
            <param index="1">
              <value>
                <![CDATA["Bucket Data Pengajuan"]]>
              </value>
            </param>
          </params>
          <exception class="java.lang.AssertionError">
            <message>
              <![CDATA[expected [true] but found [false]]]>
            </message>
            <full-stacktrace>
              <![CDATA[java.lang.AssertionError: expected [true] but found [false]
at org.testng.Assert.fail(Assert.java:110)
at org.testng.Assert.failNotEquals(Assert.java:1413)
at org.testng.Assert.assertTrue(Assert.java:56)
at org.testng.Assert.assertTrue(Assert.java:66)
at definitions.data.HRISBukcetDataDefine.validateSearch(HRISBukcetDataDefine.java:523)
at ?.User validate search Annual(file:///D:/Project/Java/TestNG/HRIS/src/test/resources/features/003-MODUL%20PENGAJUAN%20CUTI/HRISSearchAndEntries.feature:43)
]]>
            </full-stacktrace>
          </exception> <!-- java.lang.AssertionError -->
          <reporter-output>
          </reporter-output>
        </test-method> <!-- runScenario -->
        <test-method signature="runScenario(io.cucumber.testng.PickleWrapper,io.cucumber.testng.FeatureWrapper)[pri:0, instance:runner.pengajuan.HRISSearchAndEntriesRunner@247310d0]" started-at="2022-07-12T14:53:23 ICT" name="runScenario" description="Runs Cucumber Scenarios" data-provider="scenarios" finished-at="2022-07-12T14:53:35 ICT" duration-ms="12445" status="FAIL">
          <params>
            <param index="0">
              <value>
                <![CDATA["Search by value"]]>
              </value>
            </param>
            <param index="1">
              <value>
                <![CDATA["Bucket Data Pengajuan"]]>
              </value>
            </param>
          </params>
          <exception class="java.lang.AssertionError">
            <message>
              <![CDATA[expected [true] but found [false]]]>
            </message>
            <full-stacktrace>
              <![CDATA[java.lang.AssertionError: expected [true] but found [false]
at org.testng.Assert.fail(Assert.java:110)
at org.testng.Assert.failNotEquals(Assert.java:1413)
at org.testng.Assert.assertTrue(Assert.java:56)
at org.testng.Assert.assertTrue(Assert.java:66)
at definitions.data.HRISBukcetDataDefine.validateSearch(HRISBukcetDataDefine.java:526)
at ?.User validate search persalinan(file:///D:/Project/Java/TestNG/HRIS/src/test/resources/features/003-MODUL%20PENGAJUAN%20CUTI/HRISSearchAndEntries.feature:43)
]]>
            </full-stacktrace>
          </exception> <!-- java.lang.AssertionError -->
          <reporter-output>
          </reporter-output>
        </test-method> <!-- runScenario -->
        <test-method signature="runScenario(io.cucumber.testng.PickleWrapper,io.cucumber.testng.FeatureWrapper)[pri:0, instance:runner.pengajuan.HRISSearchAndEntriesRunner@247310d0]" started-at="2022-07-12T14:53:35 ICT" name="runScenario" description="Runs Cucumber Scenarios" data-provider="scenarios" finished-at="2022-07-12T14:53:50 ICT" duration-ms="14776" status="FAIL">
          <params>
            <param index="0">
              <value>
                <![CDATA["Search by value"]]>
              </value>
            </param>
            <param index="1">
              <value>
                <![CDATA["Bucket Data Pengajuan"]]>
              </value>
            </param>
          </params>
          <exception class="java.lang.AssertionError">
            <message>
              <![CDATA[expected [true] but found [false]]]>
            </message>
            <full-stacktrace>
              <![CDATA[java.lang.AssertionError: expected [true] but found [false]
at org.testng.Assert.fail(Assert.java:110)
at org.testng.Assert.failNotEquals(Assert.java:1413)
at org.testng.Assert.assertTrue(Assert.java:56)
at org.testng.Assert.assertTrue(Assert.java:66)
at definitions.data.HRISBukcetDataDefine.validateSearch(HRISBukcetDataDefine.java:529)
at ?.User validate search Incomplete(file:///D:/Project/Java/TestNG/HRIS/src/test/resources/features/003-MODUL%20PENGAJUAN%20CUTI/HRISSearchAndEntries.feature:43)
]]>
            </full-stacktrace>
          </exception> <!-- java.lang.AssertionError -->
          <reporter-output>
          </reporter-output>
        </test-method> <!-- runScenario -->
        <test-method signature="runScenario(io.cucumber.testng.PickleWrapper,io.cucumber.testng.FeatureWrapper)[pri:0, instance:runner.pengajuan.HRISSearchAndEntriesRunner@247310d0]" started-at="2022-07-12T14:53:50 ICT" name="runScenario" description="Runs Cucumber Scenarios" data-provider="scenarios" finished-at="2022-07-12T14:54:02 ICT" duration-ms="11829" status="PASS">
          <params>
            <param index="0">
              <value>
                <![CDATA["Search by value"]]>
              </value>
            </param>
            <param index="1">
              <value>
                <![CDATA["Bucket Data Pengajuan"]]>
              </value>
            </param>
          </params>
          <reporter-output>
          </reporter-output>
        </test-method> <!-- runScenario -->
        <test-method signature="runScenario(io.cucumber.testng.PickleWrapper,io.cucumber.testng.FeatureWrapper)[pri:0, instance:runner.pengajuan.HRISSearchAndEntriesRunner@247310d0]" started-at="2022-07-12T14:54:02 ICT" name="runScenario" description="Runs Cucumber Scenarios" data-provider="scenarios" finished-at="2022-07-12T14:54:12 ICT" duration-ms="9578" status="PASS">
          <params>
            <param index="0">
              <value>
                <![CDATA["Entries"]]>
              </value>
            </param>
            <param index="1">
              <value>
                <![CDATA["Bucket Data Pengajuan"]]>
              </value>
            </param>
          </params>
          <reporter-output>
          </reporter-output>
        </test-method> <!-- runScenario -->
        <test-method signature="runScenario(io.cucumber.testng.PickleWrapper,io.cucumber.testng.FeatureWrapper)[pri:0, instance:runner.pengajuan.HRISSearchAndEntriesRunner@247310d0]" started-at="2022-07-12T14:54:12 ICT" name="runScenario" description="Runs Cucumber Scenarios" data-provider="scenarios" finished-at="2022-07-12T14:54:22 ICT" duration-ms="10237" status="PASS">
          <params>
            <param index="0">
              <value>
                <![CDATA["Entries"]]>
              </value>
            </param>
            <param index="1">
              <value>
                <![CDATA["Bucket Data Pengajuan"]]>
              </value>
            </param>
          </params>
          <reporter-output>
          </reporter-output>
        </test-method> <!-- runScenario -->
        <test-method is-config="true" signature="tearDownClass()[pri:0, instance:runner.pengajuan.HRISSearchAndEntriesRunner@247310d0]" started-at="2022-07-12T14:54:22 ICT" name="tearDownClass" finished-at="2022-07-12T14:54:22 ICT" duration-ms="2" status="PASS">
          <reporter-output>
          </reporter-output>
        </test-method> <!-- tearDownClass -->
      </class> <!-- runner.pengajuan.HRISSearchAndEntriesRunner -->
      <class name="runner.signature.HRISDrawSignatureSPVRunner">
        <test-method is-config="true" signature="setUpClass(org.testng.ITestContext)[pri:0, instance:runner.signature.HRISDrawSignatureSPVRunner@303cf2ba]" started-at="2022-07-12T14:57:12 ICT" name="setUpClass" finished-at="2022-07-12T14:57:12 ICT" duration-ms="12" status="PASS">
          <params>
            <param index="0">
              <value>
                <![CDATA[org.testng.TestRunner@57cc9d6f]]>
              </value>
            </param>
          </params>
          <reporter-output>
          </reporter-output>
        </test-method> <!-- setUpClass -->
        <test-method signature="runScenario(io.cucumber.testng.PickleWrapper,io.cucumber.testng.FeatureWrapper)[pri:0, instance:runner.signature.HRISDrawSignatureSPVRunner@303cf2ba]" started-at="2022-07-12T14:57:12 ICT" name="runScenario" description="Runs Cucumber Scenarios" data-provider="scenarios" finished-at="2022-07-12T14:57:25 ICT" duration-ms="12907" status="PASS">
          <params>
            <param index="0">
              <value>
                <![CDATA["Draw and save"]]>
              </value>
            </param>
            <param index="1">
              <value>
                <![CDATA["Bucket Data Pengajuan"]]>
              </value>
            </param>
          </params>
          <reporter-output>
          </reporter-output>
        </test-method> <!-- runScenario -->
        <test-method signature="runScenario(io.cucumber.testng.PickleWrapper,io.cucumber.testng.FeatureWrapper)[pri:0, instance:runner.signature.HRISDrawSignatureSPVRunner@303cf2ba]" started-at="2022-07-12T14:57:25 ICT" name="runScenario" description="Runs Cucumber Scenarios" data-provider="scenarios" finished-at="2022-07-12T14:57:36 ICT" duration-ms="10277" status="PASS">
          <params>
            <param index="0">
              <value>
                <![CDATA["Empty canvas and save"]]>
              </value>
            </param>
            <param index="1">
              <value>
                <![CDATA["Bucket Data Pengajuan"]]>
              </value>
            </param>
          </params>
          <reporter-output>
          </reporter-output>
        </test-method> <!-- runScenario -->
        <test-method signature="runScenario(io.cucumber.testng.PickleWrapper,io.cucumber.testng.FeatureWrapper)[pri:0, instance:runner.signature.HRISDrawSignatureSPVRunner@303cf2ba]" started-at="2022-07-12T14:57:36 ICT" name="runScenario" description="Runs Cucumber Scenarios" data-provider="scenarios" finished-at="2022-07-12T14:57:46 ICT" duration-ms="10528" status="PASS">
          <params>
            <param index="0">
              <value>
                <![CDATA["Draw and delete"]]>
              </value>
            </param>
            <param index="1">
              <value>
                <![CDATA["Bucket Data Pengajuan"]]>
              </value>
            </param>
          </params>
          <reporter-output>
          </reporter-output>
        </test-method> <!-- runScenario -->
        <test-method signature="runScenario(io.cucumber.testng.PickleWrapper,io.cucumber.testng.FeatureWrapper)[pri:0, instance:runner.signature.HRISDrawSignatureSPVRunner@303cf2ba]" started-at="2022-07-12T14:57:46 ICT" name="runScenario" description="Runs Cucumber Scenarios" data-provider="scenarios" finished-at="2022-07-12T14:57:56 ICT" duration-ms="10215" status="PASS">
          <params>
            <param index="0">
              <value>
                <![CDATA["Empty canvas and delete"]]>
              </value>
            </param>
            <param index="1">
              <value>
                <![CDATA["Bucket Data Pengajuan"]]>
              </value>
            </param>
          </params>
          <reporter-output>
          </reporter-output>
        </test-method> <!-- runScenario -->
        <test-method is-config="true" signature="tearDownClass()[pri:0, instance:runner.signature.HRISDrawSignatureSPVRunner@303cf2ba]" started-at="2022-07-12T14:57:56 ICT" name="tearDownClass" finished-at="2022-07-12T14:57:56 ICT" duration-ms="1" status="PASS">
          <reporter-output>
          </reporter-output>
        </test-method> <!-- tearDownClass -->
      </class> <!-- runner.signature.HRISDrawSignatureSPVRunner -->
      <class name="runner.login.HRISLoginSPVRunner">
        <test-method is-config="true" signature="setUpClass(org.testng.ITestContext)[pri:0, instance:runner.login.HRISLoginSPVRunner@4d1c005e]" started-at="2022-07-12T14:12:18 ICT" name="setUpClass" finished-at="2022-07-12T14:12:18 ICT" duration-ms="63" status="PASS">
          <params>
            <param index="0">
              <value>
                <![CDATA[org.testng.TestRunner@57cc9d6f]]>
              </value>
            </param>
          </params>
          <reporter-output>
          </reporter-output>
        </test-method> <!-- setUpClass -->
        <test-method signature="runScenario(io.cucumber.testng.PickleWrapper,io.cucumber.testng.FeatureWrapper)[pri:0, instance:runner.login.HRISLoginSPVRunner@4d1c005e]" started-at="2022-07-12T14:12:18 ICT" name="runScenario" description="Runs Cucumber Scenarios" data-provider="scenarios" finished-at="2022-07-12T14:12:30 ICT" duration-ms="12423" status="PASS">
          <params>
            <param index="0">
              <value>
                <![CDATA["Login valid "SPV""]]>
              </value>
            </param>
            <param index="1">
              <value>
                <![CDATA["Login"]]>
              </value>
            </param>
          </params>
          <reporter-output>
          </reporter-output>
        </test-method> <!-- runScenario -->
        <test-method signature="runScenario(io.cucumber.testng.PickleWrapper,io.cucumber.testng.FeatureWrapper)[pri:0, instance:runner.login.HRISLoginSPVRunner@4d1c005e]" started-at="2022-07-12T14:12:30 ICT" name="runScenario" description="Runs Cucumber Scenarios" data-provider="scenarios" finished-at="2022-07-12T14:12:42 ICT" duration-ms="11321" status="PASS">
          <params>
            <param index="0">
              <value>
                <![CDATA["Login invalid "SPV""]]>
              </value>
            </param>
            <param index="1">
              <value>
                <![CDATA["Login"]]>
              </value>
            </param>
          </params>
          <reporter-output>
          </reporter-output>
        </test-method> <!-- runScenario -->
        <test-method signature="runScenario(io.cucumber.testng.PickleWrapper,io.cucumber.testng.FeatureWrapper)[pri:0, instance:runner.login.HRISLoginSPVRunner@4d1c005e]" started-at="2022-07-12T14:12:42 ICT" name="runScenario" description="Runs Cucumber Scenarios" data-provider="scenarios" finished-at="2022-07-12T14:12:52 ICT" duration-ms="10633" status="PASS">
          <params>
            <param index="0">
              <value>
                <![CDATA["Login invalid "SPV""]]>
              </value>
            </param>
            <param index="1">
              <value>
                <![CDATA["Login"]]>
              </value>
            </param>
          </params>
          <reporter-output>
          </reporter-output>
        </test-method> <!-- runScenario -->
        <test-method signature="runScenario(io.cucumber.testng.PickleWrapper,io.cucumber.testng.FeatureWrapper)[pri:0, instance:runner.login.HRISLoginSPVRunner@4d1c005e]" started-at="2022-07-12T14:12:52 ICT" name="runScenario" description="Runs Cucumber Scenarios" data-provider="scenarios" finished-at="2022-07-12T14:13:03 ICT" duration-ms="11184" status="PASS">
          <params>
            <param index="0">
              <value>
                <![CDATA["Login invalid "SPV""]]>
              </value>
            </param>
            <param index="1">
              <value>
                <![CDATA["Login"]]>
              </value>
            </param>
          </params>
          <reporter-output>
          </reporter-output>
        </test-method> <!-- runScenario -->
        <test-method signature="runScenario(io.cucumber.testng.PickleWrapper,io.cucumber.testng.FeatureWrapper)[pri:0, instance:runner.login.HRISLoginSPVRunner@4d1c005e]" started-at="2022-07-12T14:13:03 ICT" name="runScenario" description="Runs Cucumber Scenarios" data-provider="scenarios" finished-at="2022-07-12T14:13:27 ICT" duration-ms="23233" status="PASS">
          <params>
            <param index="0">
              <value>
                <![CDATA["Login invalid "SPV""]]>
              </value>
            </param>
            <param index="1">
              <value>
                <![CDATA["Login"]]>
              </value>
            </param>
          </params>
          <reporter-output>
          </reporter-output>
        </test-method> <!-- runScenario -->
        <test-method signature="runScenario(io.cucumber.testng.PickleWrapper,io.cucumber.testng.FeatureWrapper)[pri:0, instance:runner.login.HRISLoginSPVRunner@4d1c005e]" started-at="2022-07-12T14:13:27 ICT" name="runScenario" description="Runs Cucumber Scenarios" data-provider="scenarios" finished-at="2022-07-12T14:13:50 ICT" duration-ms="23600" status="PASS">
          <params>
            <param index="0">
              <value>
                <![CDATA["Login invalid "SPV""]]>
              </value>
            </param>
            <param index="1">
              <value>
                <![CDATA["Login"]]>
              </value>
            </param>
          </params>
          <reporter-output>
          </reporter-output>
        </test-method> <!-- runScenario -->
        <test-method is-config="true" signature="tearDownClass()[pri:0, instance:runner.login.HRISLoginSPVRunner@4d1c005e]" started-at="2022-07-12T14:13:50 ICT" name="tearDownClass" finished-at="2022-07-12T14:13:50 ICT" duration-ms="5" status="PASS">
          <reporter-output>
          </reporter-output>
        </test-method> <!-- tearDownClass -->
      </class> <!-- runner.login.HRISLoginSPVRunner -->
      <class name="runner.pengajuan.HRISSelectLeaveTypeRunner">
        <test-method is-config="true" signature="setUpClass(org.testng.ITestContext)[pri:0, instance:runner.pengajuan.HRISSelectLeaveTypeRunner@59402b8f]" started-at="2022-07-12T14:34:56 ICT" name="setUpClass" finished-at="2022-07-12T14:34:56 ICT" duration-ms="19" status="PASS">
          <params>
            <param index="0">
              <value>
                <![CDATA[org.testng.TestRunner@57cc9d6f]]>
              </value>
            </param>
          </params>
          <reporter-output>
          </reporter-output>
        </test-method> <!-- setUpClass -->
        <test-method signature="runScenario(io.cucumber.testng.PickleWrapper,io.cucumber.testng.FeatureWrapper)[pri:0, instance:runner.pengajuan.HRISSelectLeaveTypeRunner@59402b8f]" started-at="2022-07-12T14:34:56 ICT" name="runScenario" description="Runs Cucumber Scenarios" data-provider="scenarios" finished-at="2022-07-12T14:35:06 ICT" duration-ms="9775" status="PASS">
          <params>
            <param index="0">
              <value>
                <![CDATA["Button form cuti show form cuti"]]>
              </value>
            </param>
            <param index="1">
              <value>
                <![CDATA["Bucket Data Pengajuan"]]>
              </value>
            </param>
          </params>
          <reporter-output>
          </reporter-output>
        </test-method> <!-- runScenario -->
        <test-method signature="runScenario(io.cucumber.testng.PickleWrapper,io.cucumber.testng.FeatureWrapper)[pri:0, instance:runner.pengajuan.HRISSelectLeaveTypeRunner@59402b8f]" started-at="2022-07-12T14:35:06 ICT" name="runScenario" description="Runs Cucumber Scenarios" data-provider="scenarios" finished-at="2022-07-12T14:35:31 ICT" duration-ms="25468" status="PASS">
          <params>
            <param index="0">
              <value>
                <![CDATA["Cuti type Annual"]]>
              </value>
            </param>
            <param index="1">
              <value>
                <![CDATA["Bucket Data Pengajuan"]]>
              </value>
            </param>
          </params>
          <reporter-output>
          </reporter-output>
        </test-method> <!-- runScenario -->
        <test-method signature="runScenario(io.cucumber.testng.PickleWrapper,io.cucumber.testng.FeatureWrapper)[pri:0, instance:runner.pengajuan.HRISSelectLeaveTypeRunner@59402b8f]" started-at="2022-07-12T14:35:31 ICT" name="runScenario" description="Runs Cucumber Scenarios" data-provider="scenarios" finished-at="2022-07-12T14:35:54 ICT" duration-ms="22553" status="PASS">
          <params>
            <param index="0">
              <value>
                <![CDATA["Cuti type Special"]]>
              </value>
            </param>
            <param index="1">
              <value>
                <![CDATA["Bucket Data Pengajuan"]]>
              </value>
            </param>
          </params>
          <reporter-output>
          </reporter-output>
        </test-method> <!-- runScenario -->
        <test-method signature="runScenario(io.cucumber.testng.PickleWrapper,io.cucumber.testng.FeatureWrapper)[pri:0, instance:runner.pengajuan.HRISSelectLeaveTypeRunner@59402b8f]" started-at="2022-07-12T14:35:54 ICT" name="runScenario" description="Runs Cucumber Scenarios" data-provider="scenarios" finished-at="2022-07-12T14:36:17 ICT" duration-ms="23534" status="PASS">
          <params>
            <param index="0">
              <value>
                <![CDATA["Cuti type Special"]]>
              </value>
            </param>
            <param index="1">
              <value>
                <![CDATA["Bucket Data Pengajuan"]]>
              </value>
            </param>
          </params>
          <reporter-output>
          </reporter-output>
        </test-method> <!-- runScenario -->
        <test-method signature="runScenario(io.cucumber.testng.PickleWrapper,io.cucumber.testng.FeatureWrapper)[pri:0, instance:runner.pengajuan.HRISSelectLeaveTypeRunner@59402b8f]" started-at="2022-07-12T14:36:17 ICT" name="runScenario" description="Runs Cucumber Scenarios" data-provider="scenarios" finished-at="2022-07-12T14:36:41 ICT" duration-ms="23411" status="PASS">
          <params>
            <param index="0">
              <value>
                <![CDATA["Cuti type Special"]]>
              </value>
            </param>
            <param index="1">
              <value>
                <![CDATA["Bucket Data Pengajuan"]]>
              </value>
            </param>
          </params>
          <reporter-output>
          </reporter-output>
        </test-method> <!-- runScenario -->
        <test-method signature="runScenario(io.cucumber.testng.PickleWrapper,io.cucumber.testng.FeatureWrapper)[pri:0, instance:runner.pengajuan.HRISSelectLeaveTypeRunner@59402b8f]" started-at="2022-07-12T14:36:41 ICT" name="runScenario" description="Runs Cucumber Scenarios" data-provider="scenarios" finished-at="2022-07-12T14:37:05 ICT" duration-ms="23898" status="PASS">
          <params>
            <param index="0">
              <value>
                <![CDATA["Cuti type Special"]]>
              </value>
            </param>
[...]
at definitions.data.HRISBukcetDataDefine.deleteAnnual(HRISBukcetDataDefine.java:603)
at ?.User delete data(file:///D:/Project/Java/TestNG/HRIS/src/test/resources/features/003-MODUL%20PENGAJUAN%20CUTI/HRISTableDataCuti.feature:112)
]]>
            </full-stacktrace>
          </exception> <!-- org.openqa.selenium.NoSuchElementException -->
          <reporter-output>
          </reporter-output>
        </test-method> <!-- runScenario -->
        <test-method signature="runScenario(io.cucumber.testng.PickleWrapper,io.cucumber.testng.FeatureWrapper)[pri:0, instance:runner.pengajuan.HRISTableDataCutiRunner@496bc455]" started-at="2022-07-12T14:29:57 ICT" name="runScenario" description="Runs Cucumber Scenarios" data-provider="scenarios" finished-at="2022-07-12T14:31:12 ICT" duration-ms="75209" status="FAIL">
          <params>
            <param index="0">
              <value>
                <![CDATA["Action column init"]]>
              </value>
            </param>
            <param index="1">
              <value>
                <![CDATA["Bucket Data Pengajuan"]]>
              </value>
            </param>
          </params>
          <exception class="org.openqa.selenium.NoSuchElementException">
            <message>
              <![CDATA[no such element: Unable to locate element: {"method":"xpath","selector":"//button[normalize-space()='Yes, cancle it!']"}
  (Session info: chrome=103.0.5060.114)
For documentation on this error, please visit: https://selenium.dev/exceptions/#no_such_element
Build info: version: '4.0.0', revision: '3a21814679'
System info: host: 'DESKTOP-S76SA9N', ip: '10.0.0.217', os.name: 'Windows 11', os.arch: 'amd64', os.version: '10.0', java.version: '11.0.15'
Driver info: org.openqa.selenium.chrome.ChromeDriver
Command: [245be9e4577b4f40be1df1f60d06de4e, findElement {using=xpath, value=//button[normalize-space()='Yes, cancle it!']}]
Capabilities {acceptInsecureCerts: false, browserName: chrome, browserVersion: 103.0.5060.114, chrome: {chromedriverVersion: 102.0.5005.61 (0e59bcc00cc4..., userDataDir: C:\Users\nexsoft\AppData\Lo...}, goog:chromeOptions: {debuggerAddress: localhost:62314}, javascriptEnabled: true, networkConnectionEnabled: false, pageLoadStrategy: normal, platform: WINDOWS, platformName: WINDOWS, proxy: Proxy(), se:cdp: ws://localhost:62314/devtoo..., se:cdpVersion: 103.0.5060.114, setWindowRect: true, strictFileInteractability: false, timeouts: {implicit: 0, pageLoad: 300000, script: 30000}, unhandledPromptBehavior: dismiss and notify, webauthn:extension:credBlob: true, webauthn:extension:largeBlob: true, webauthn:virtualAuthenticators: true}
Session ID: 245be9e4577b4f40be1df1f60d06de4e]]>
            </message>
            <full-stacktrace>
              <![CDATA[org.openqa.selenium.NoSuchElementException: no such element: Unable to locate element: {"method":"xpath","selector":"//button[normalize-space()='Yes, cancle it!']"}
  (Session info: chrome=103.0.5060.114)
For documentation on this error, please visit: https://selenium.dev/exceptions/#no_such_element
Build info: version: '4.0.0', revision: '3a21814679'
System info: host: 'DESKTOP-S76SA9N', ip: '10.0.0.217', os.name: 'Windows 11', os.arch: 'amd64', os.version: '10.0', java.version: '11.0.15'
Driver info: org.openqa.selenium.chrome.ChromeDriver
Command: [245be9e4577b4f40be1df1f60d06de4e, findElement {using=xpath, value=//button[normalize-space()='Yes, cancle it!']}]
Capabilities {acceptInsecureCerts: false, browserName: chrome, browserVersion: 103.0.5060.114, chrome: {chromedriverVersion: 102.0.5005.61 (0e59bcc00cc4..., userDataDir: C:\Users\nexsoft\AppData\Lo...}, goog:chromeOptions: {debuggerAddress: localhost:62314}, javascriptEnabled: true, networkConnectionEnabled: false, pageLoadStrategy: normal, platform: WINDOWS, platformName: WINDOWS, proxy: Proxy(), se:cdp: ws://localhost:62314/devtoo..., se:cdpVersion: 103.0.5060.114, setWindowRect: true, strictFileInteractability: false, timeouts: {implicit: 0, pageLoad: 300000, script: 30000}, unhandledPromptBehavior: dismiss and notify, webauthn:extension:credBlob: true, webauthn:extension:largeBlob: true, webauthn:virtualAuthenticators: true}
Session ID: 245be9e4577b4f40be1df1f60d06de4e
at jdk.internal.reflect.GeneratedConstructorAccessor42.newInstance(Unknown Source)
at java.base/jdk.internal.reflect.DelegatingConstructorAccessorImpl.newInstance(DelegatingConstructorAccessorImpl.java:45)
at java.base/java.lang.reflect.Constructor.newInstance(Constructor.java:490)
at org.openqa.selenium.remote.codec.w3c.W3CHttpResponseCodec.createException(W3CHttpResponseCodec.java:200)
at org.openqa.selenium.remote.codec.w3c.W3CHttpResponseCodec.decode(W3CHttpResponseCodec.java:133)
at org.openqa.selenium.remote.codec.w3c.W3CHttpResponseCodec.decode(W3CHttpResponseCodec.java:53)
at org.openqa.selenium.remote.HttpCommandExecutor.execute(HttpCommandExecutor.java:184)
at org.openqa.selenium.remote.service.DriverCommandExecutor.invokeExecute(DriverCommandExecutor.java:164)
at org.openqa.selenium.remote.service.DriverCommandExecutor.execute(DriverCommandExecutor.java:139)
at org.openqa.selenium.remote.RemoteWebDriver.execute(RemoteWebDriver.java:559)
at org.openqa.selenium.remote.ElementLocation$ElementFinder$2.findElement(ElementLocation.java:162)
at org.openqa.selenium.remote.ElementLocation.findElement(ElementLocation.java:60)
at org.openqa.selenium.remote.RemoteWebDriver.findElement(RemoteWebDriver.java:383)
at org.openqa.selenium.remote.RemoteWebDriver.findElement(RemoteWebDriver.java:375)
at org.openqa.selenium.support.pagefactory.DefaultElementLocator.findElement(DefaultElementLocator.java:70)
at org.openqa.selenium.support.pagefactory.internal.LocatingElementHandler.invoke(LocatingElementHandler.java:39)
at com.sun.proxy.$Proxy28.click(Unknown Source)
at definitions.data.HRISBukcetDataDefine.deleteAnnual(HRISBukcetDataDefine.java:603)
at ?.User delete data(file:///D:/Project/Java/TestNG/HRIS/src/test/resources/features/003-MODUL%20PENGAJUAN%20CUTI/HRISTableDataCuti.feature:123)
]]>
            </full-stacktrace>
          </exception> <!-- org.openqa.selenium.NoSuchElementException -->
          <reporter-output>
          </reporter-output>
        </test-method> <!-- runScenario -->
        <test-method signature="runScenario(io.cucumber.testng.PickleWrapper,io.cucumber.testng.FeatureWrapper)[pri:0, instance:runner.pengajuan.HRISTableDataCutiRunner@496bc455]" started-at="2022-07-12T14:31:12 ICT" name="runScenario" description="Runs Cucumber Scenarios" data-provider="scenarios" finished-at="2022-07-12T14:32:31 ICT" duration-ms="78492" status="FAIL">
          <params>
            <param index="0">
              <value>
                <![CDATA["Action column returned"]]>
              </value>
            </param>
            <param index="1">
              <value>
                <![CDATA["Bucket Data Pengajuan"]]>
              </value>
            </param>
          </params>
          <exception class="org.openqa.selenium.NoSuchElementException">
            <message>
              <![CDATA[no such element: Unable to locate element: {"method":"xpath","selector":"//button[normalize-space()='Yes, cancle it!']"}
  (Session info: chrome=103.0.5060.114)
For documentation on this error, please visit: https://selenium.dev/exceptions/#no_such_element
Build info: version: '4.0.0', revision: '3a21814679'
System info: host: 'DESKTOP-S76SA9N', ip: '10.0.0.217', os.name: 'Windows 11', os.arch: 'amd64', os.version: '10.0', java.version: '11.0.15'
Driver info: org.openqa.selenium.chrome.ChromeDriver
Command: [48be6b20a036df725a3c74503f0e5323, findElement {using=xpath, value=//button[normalize-space()='Yes, cancle it!']}]
Capabilities {acceptInsecureCerts: false, browserName: chrome, browserVersion: 103.0.5060.114, chrome: {chromedriverVersion: 102.0.5005.61 (0e59bcc00cc4..., userDataDir: C:\Users\nexsoft\AppData\Lo...}, goog:chromeOptions: {debuggerAddress: localhost:53420}, javascriptEnabled: true, networkConnectionEnabled: false, pageLoadStrategy: normal, platform: WINDOWS, platformName: WINDOWS, proxy: Proxy(), se:cdp: ws://localhost:53420/devtoo..., se:cdpVersion: 103.0.5060.114, setWindowRect: true, strictFileInteractability: false, timeouts: {implicit: 0, pageLoad: 300000, script: 30000}, unhandledPromptBehavior: dismiss and notify, webauthn:extension:credBlob: true, webauthn:extension:largeBlob: true, webauthn:virtualAuthenticators: true}
Session ID: 48be6b20a036df725a3c74503f0e5323]]>
            </message>
            <full-stacktrace>
              <![CDATA[org.openqa.selenium.NoSuchElementException: no such element: Unable to locate element: {"method":"xpath","selector":"//button[normalize-space()='Yes, cancle it!']"}
  (Session info: chrome=103.0.5060.114)
For documentation on this error, please visit: https://selenium.dev/exceptions/#no_such_element
Build info: version: '4.0.0', revision: '3a21814679'
System info: host: 'DESKTOP-S76SA9N', ip: '10.0.0.217', os.name: 'Windows 11', os.arch: 'amd64', os.version: '10.0', java.version: '11.0.15'
Driver info: org.openqa.selenium.chrome.ChromeDriver
Command: [48be6b20a036df725a3c74503f0e5323, findElement {using=xpath, value=//button[normalize-space()='Yes, cancle it!']}]
Capabilities {acceptInsecureCerts: false, browserName: chrome, browserVersion: 103.0.5060.114, chrome: {chromedriverVersion: 102.0.5005.61 (0e59bcc00cc4..., userDataDir: C:\Users\nexsoft\AppData\Lo...}, goog:chromeOptions: {debuggerAddress: localhost:53420}, javascriptEnabled: true, networkConnectionEnabled: false, pageLoadStrategy: normal, platform: WINDOWS, platformName: WINDOWS, proxy: Proxy(), se:cdp: ws://localhost:53420/devtoo..., se:cdpVersion: 103.0.5060.114, setWindowRect: true, strictFileInteractability: false, timeouts: {implicit: 0, pageLoad: 300000, script: 30000}, unhandledPromptBehavior: dismiss and notify, webauthn:extension:credBlob: true, webauthn:extension:largeBlob: true, webauthn:virtualAuthenticators: true}
Session ID: 48be6b20a036df725a3c74503f0e5323
at jdk.internal.reflect.GeneratedConstructorAccessor42.newInstance(Unknown Source)
at java.base/jdk.internal.reflect.DelegatingConstructorAccessorImpl.newInstance(DelegatingConstructorAccessorImpl.java:45)
at java.base/java.lang.reflect.Constructor.newInstance(Constructor.java:490)
at org.openqa.selenium.remote.codec.w3c.W3CHttpResponseCodec.createException(W3CHttpResponseCodec.java:200)
at org.openqa.selenium.remote.codec.w3c.W3CHttpResponseCodec.decode(W3CHttpResponseCodec.java:133)
at org.openqa.selenium.remote.codec.w3c.W3CHttpResponseCodec.decode(W3CHttpResponseCodec.java:53)
at org.openqa.selenium.remote.HttpCommandExecutor.execute(HttpCommandExecutor.java:184)
at org.openqa.selenium.remote.service.DriverCommandExecutor.invokeExecute(DriverCommandExecutor.java:164)
at org.openqa.selenium.remote.service.DriverCommandExecutor.execute(DriverCommandExecutor.java:139)
at org.openqa.selenium.remote.RemoteWebDriver.execute(RemoteWebDriver.java:559)
at org.openqa.selenium.remote.ElementLocation$ElementFinder$2.findElement(ElementLocation.java:162)
at org.openqa.selenium.remote.ElementLocation.findElement(ElementLocation.java:60)
at org.openqa.selenium.remote.RemoteWebDriver.findElement(RemoteWebDriver.java:383)
at org.openqa.selenium.remote.RemoteWebDriver.findElement(RemoteWebDriver.java:375)
at org.openqa.selenium.support.pagefactory.DefaultElementLocator.findElement(DefaultElementLocator.java:70)
at org.openqa.selenium.support.pagefactory.internal.LocatingElementHandler.invoke(LocatingElementHandler.java:39)
at com.sun.proxy.$Proxy28.click(Unknown Source)
at definitions.data.HRISBukcetDataDefine.deleteAnnual(HRISBukcetDataDefine.java:603)
at ?.User delete data(file:///D:/Project/Java/TestNG/HRIS/src/test/resources/features/003-MODUL%20PENGAJUAN%20CUTI/HRISTableDataCuti.feature:146)
]]>
            </full-stacktrace>
          </exception> <!-- org.openqa.selenium.NoSuchElementException -->
          <reporter-output>
          </reporter-output>
        </test-method> <!-- runScenario -->
        <test-method signature="runScenario(io.cucumber.testng.PickleWrapper,io.cucumber.testng.FeatureWrapper)[pri:0, instance:runner.pengajuan.HRISTableDataCutiRunner@496bc455]" started-at="2022-07-12T14:32:31 ICT" name="runScenario" description="Runs Cucumber Scenarios" data-provider="scenarios" finished-at="2022-07-12T14:33:21 ICT" duration-ms="50395" status="PASS">
          <params>
            <param index="0">
              <value>
                <![CDATA["Action column rejected"]]>
              </value>
            </param>
            <param index="1">
              <value>
                <![CDATA["Bucket Data Pengajuan"]]>
              </value>
            </param>
          </params>
          <reporter-output>
          </reporter-output>
        </test-method> <!-- runScenario -->
        <test-method signature="runScenario(io.cucumber.testng.PickleWrapper,io.cucumber.testng.FeatureWrapper)[pri:0, instance:runner.pengajuan.HRISTableDataCutiRunner@496bc455]" started-at="2022-07-12T14:33:21 ICT" name="runScenario" description="Runs Cucumber Scenarios" data-provider="scenarios" finished-at="2022-07-12T14:34:45 ICT" duration-ms="84001" status="FAIL">
          <params>
            <param index="0">
              <value>
                <![CDATA["Action column approved"]]>
              </value>
            </param>
            <param index="1">
              <value>
                <![CDATA["Bucket Data Pengajuan"]]>
              </value>
            </param>
          </params>
          <exception class="org.openqa.selenium.NoSuchElementException">
            <message>
              <![CDATA[no such element: Unable to locate element: {"method":"xpath","selector":"//button[normalize-space()='Yes, cancle it!']"}
  (Session info: chrome=103.0.5060.114)
For documentation on this error, please visit: https://selenium.dev/exceptions/#no_such_element
Build info: version: '4.0.0', revision: '3a21814679'
System info: host: 'DESKTOP-S76SA9N', ip: '10.0.0.217', os.name: 'Windows 11', os.arch: 'amd64', os.version: '10.0', java.version: '11.0.15'
Driver info: org.openqa.selenium.chrome.ChromeDriver
Command: [7bc8440d5b87112cb94d10bcb71763bd, findElement {using=xpath, value=//button[normalize-space()='Yes, cancle it!']}]
Capabilities {acceptInsecureCerts: false, browserName: chrome, browserVersion: 103.0.5060.114, chrome: {chromedriverVersion: 102.0.5005.61 (0e59bcc00cc4..., userDataDir: C:\Users\nexsoft\AppData\Lo...}, goog:chromeOptions: {debuggerAddress: localhost:53706}, javascriptEnabled: true, networkConnectionEnabled: false, pageLoadStrategy: normal, platform: WINDOWS, platformName: WINDOWS, proxy: Proxy(), se:cdp: ws://localhost:53706/devtoo..., se:cdpVersion: 103.0.5060.114, setWindowRect: true, strictFileInteractability: false, timeouts: {implicit: 0, pageLoad: 300000, script: 30000}, unhandledPromptBehavior: dismiss and notify, webauthn:extension:credBlob: true, webauthn:extension:largeBlob: true, webauthn:virtualAuthenticators: true}
Session ID: 7bc8440d5b87112cb94d10bcb71763bd]]>
            </message>
            <full-stacktrace>
              <![CDATA[org.openqa.selenium.NoSuchElementException: no such element: Unable to locate element: {"method":"xpath","selector":"//button[normalize-space()='Yes, cancle it!']"}
  (Session info: chrome=103.0.5060.114)
For documentation on this error, please visit: https://selenium.dev/exceptions/#no_such_element
Build info: version: '4.0.0', revision: '3a21814679'
System info: host: 'DESKTOP-S76SA9N', ip: '10.0.0.217', os.name: 'Windows 11', os.arch: 'amd64', os.version: '10.0', java.version: '11.0.15'
Driver info: org.openqa.selenium.chrome.ChromeDriver
Command: [7bc8440d5b87112cb94d10bcb71763bd, findElement {using=xpath, value=//button[normalize-space()='Yes, cancle it!']}]
Capabilities {acceptInsecureCerts: false, browserName: chrome, browserVersion: 103.0.5060.114, chrome: {chromedriverVersion: 102.0.5005.61 (0e59bcc00cc4..., userDataDir: C:\Users\nexsoft\AppData\Lo...}, goog:chromeOptions: {debuggerAddress: localhost:53706}, javascriptEnabled: true, networkConnectionEnabled: false, pageLoadStrategy: normal, platform: WINDOWS, platformName: WINDOWS, proxy: Proxy(), se:cdp: ws://localhost:53706/devtoo..., se:cdpVersion: 103.0.5060.114, setWindowRect: true, strictFileInteractability: false, timeouts: {implicit: 0, pageLoad: 300000, script: 30000}, unhandledPromptBehavior: dismiss and notify, webauthn:extension:credBlob: true, webauthn:extension:largeBlob: true, webauthn:virtualAuthenticators: true}
Session ID: 7bc8440d5b87112cb94d10bcb71763bd
at jdk.internal.reflect.GeneratedConstructorAccessor42.newInstance(Unknown Source)
at java.base/jdk.internal.reflect.DelegatingConstructorAccessorImpl.newInstance(DelegatingConstructorAccessorImpl.java:45)
at java.base/java.lang.reflect.Constructor.newInstance(Constructor.java:490)
at org.openqa.selenium.remote.codec.w3c.W3CHttpResponseCodec.createException(W3CHttpResponseCodec.java:200)
at org.openqa.selenium.remote.codec.w3c.W3CHttpResponseCodec.decode(W3CHttpResponseCodec.java:133)
at org.openqa.selenium.remote.codec.w3c.W3CHttpResponseCodec.decode(W3CHttpResponseCodec.java:53)
at org.openqa.selenium.remote.HttpCommandExecutor.execute(HttpCommandExecutor.java:184)
at org.openqa.selenium.remote.service.DriverCommandExecutor.invokeExecute(DriverCommandExecutor.java:164)
at org.openqa.selenium.remote.service.DriverCommandExecutor.execute(DriverCommandExecutor.java:139)
at org.openqa.selenium.remote.RemoteWebDriver.execute(RemoteWebDriver.java:559)
at org.openqa.selenium.remote.ElementLocation$ElementFinder$2.findElement(ElementLocation.java:162)
at org.openqa.selenium.remote.ElementLocation.findElement(ElementLocation.java:60)
at org.openqa.selenium.remote.RemoteWebDriver.findElement(RemoteWebDriver.java:383)
at org.openqa.selenium.remote.RemoteWebDriver.findElement(RemoteWebDriver.java:375)
at org.openqa.selenium.support.pagefactory.DefaultElementLocator.findElement(DefaultElementLocator.java:70)
at org.openqa.selenium.support.pagefactory.internal.LocatingElementHandler.invoke(LocatingElementHandler.java:39)
at com.sun.proxy.$Proxy28.click(Unknown Source)
at definitions.data.HRISBukcetDataDefine.deleteAnnual(HRISBukcetDataDefine.java:603)
at ?.User delete data(file:///D:/Project/Java/TestNG/HRIS/src/test/resources/features/003-MODUL%20PENGAJUAN%20CUTI/HRISTableDataCuti.feature:189)
]]>
            </full-stacktrace>
          </exception> <!-- org.openqa.selenium.NoSuchElementException -->
          <reporter-output>
          </reporter-output>
        </test-method> <!-- runScenario -->
        <test-method signature="runScenario(io.cucumber.testng.PickleWrapper,io.cucumber.testng.FeatureWrapper)[pri:0, instance:runner.pengajuan.HRISTableDataCutiRunner@496bc455]" started-at="2022-07-12T14:34:45 ICT" name="runScenario" description="Runs Cucumber Scenarios" data-provider="scenarios" finished-at="2022-07-12T14:34:56 ICT" duration-ms="10779" status="PASS">
          <params>
            <param index="0">
              <value>
                <![CDATA["Empty table"]]>
              </value>
            </param>
            <param index="1">
              <value>
                <![CDATA["Bucket Data Pengajuan"]]>
              </value>
            </param>
          </params>
          <reporter-output>
          </reporter-output>
        </test-method> <!-- runScenario -->
        <test-method is-config="true" signature="tearDownClass()[pri:0, instance:runner.pengajuan.HRISTableDataCutiRunner@496bc455]" started-at="2022-07-12T14:34:56 ICT" name="tearDownClass" finished-at="2022-07-12T14:34:56 ICT" duration-ms="2" status="PASS">
          <reporter-output>
          </reporter-output>
        </test-method> <!-- tearDownClass -->
      </class> <!-- runner.pengajuan.HRISTableDataCutiRunner -->
    </test> <!-- HRIS Employee -->
  </suite> <!-- SuiteTest -->
</testng-results>
