<?xml version="1.0" encoding="UTF-8"?>
<testng-results ignored="0" total="8" passed="8" failed="0" skipped="0">
  <reporter-output>
  </reporter-output>
  <suite started-at="2022-07-07T15:43:13 ICT" name="Default suite" finished-at="2022-07-07T15:44:59 ICT" duration-ms="105760">
    <groups>
      <group name="cucumber">
        <method signature="AbstractTestNGCucumberTests.runScenario(io.cucumber.testng.PickleWrapper,io.cucumber.testng.FeatureWrapper)[pri:0, instance:runner.general.HRISDrawSignatureRunner@72035809]" name="runScenario" class="io.cucumber.testng.AbstractTestNGCucumberTests"/>
      </group> <!-- cucumber -->
    </groups>
    <test started-at="2022-07-07T15:43:13 ICT" name="Default test" finished-at="2022-07-07T15:44:59 ICT" duration-ms="105760">
      <class name="runner.general.HRISDrawSignatureRunner">
        <test-method is-config="true" signature="setUpClass(org.testng.ITestContext)[pri:0, instance:runner.general.HRISDrawSignatureRunner@72035809]" started-at="2022-07-07T15:43:13 ICT" name="setUpClass" finished-at="2022-07-07T15:43:14 ICT" duration-ms="476" status="PASS">
          <params>
            <param index="0">
              <value>
                <![CDATA[org.testng.TestRunner@d2708a7]]>
              </value>
            </param>
          </params>
          <reporter-output>
          </reporter-output>
        </test-method> <!-- setUpClass -->
        <test-method signature="runScenario(io.cucumber.testng.PickleWrapper,io.cucumber.testng.FeatureWrapper)[pri:0, instance:runner.general.HRISDrawSignatureRunner@72035809]" started-at="2022-07-07T15:43:14 ICT" name="runScenario" description="Runs Cucumber Scenarios" data-provider="scenarios" finished-at="2022-07-07T15:43:30 ICT" duration-ms="16128" status="PASS">
          <params>
            <param index="0">
              <value>
                <![CDATA["Draw and save"]]>
              </value>
            </param>
            <param index="1">
              <value>
                <![CDATA["Bucket Data Pengajuan"]]>
              </value>
            </param>
          </params>
          <reporter-output>
          </reporter-output>
        </test-method> <!-- runScenario -->
        <test-method signature="runScenario(io.cucumber.testng.PickleWrapper,io.cucumber.testng.FeatureWrapper)[pri:0, instance:runner.general.HRISDrawSignatureRunner@72035809]" started-at="2022-07-07T15:43:30 ICT" name="runScenario" description="Runs Cucumber Scenarios" data-provider="scenarios" finished-at="2022-07-07T15:43:43 ICT" duration-ms="12462" status="PASS">
          <params>
            <param index="0">
              <value>
                <![CDATA["Empty canvas and save"]]>
              </value>
            </param>
            <param index="1">
              <value>
                <![CDATA["Bucket Data Pengajuan"]]>
              </value>
            </param>
          </params>
          <reporter-output>
          </reporter-output>
        </test-method> <!-- runScenario -->
        <test-method signature="runScenario(io.cucumber.testng.PickleWrapper,io.cucumber.testng.FeatureWrapper)[pri:0, instance:runner.general.HRISDrawSignatureRunner@72035809]" started-at="2022-07-07T15:43:43 ICT" name="runScenario" description="Runs Cucumber Scenarios" data-provider="scenarios" finished-at="2022-07-07T15:43:55 ICT" duration-ms="12812" status="PASS">
          <params>
            <param index="0">
              <value>
                <![CDATA["Draw and delete"]]>
              </value>
            </param>
            <param index="1">
              <value>
                <![CDATA["Bucket Data Pengajuan"]]>
              </value>
            </param>
          </params>
          <reporter-output>
          </reporter-output>
        </test-method> <!-- runScenario -->
        <test-method signature="runScenario(io.cucumber.testng.PickleWrapper,io.cucumber.testng.FeatureWrapper)[pri:0, instance:runner.general.HRISDrawSignatureRunner@72035809]" started-at="2022-07-07T15:43:55 ICT" name="runScenario" description="Runs Cucumber Scenarios" data-provider="scenarios" finished-at="2022-07-07T15:44:07 ICT" duration-ms="11405" status="PASS">
          <params>
            <param index="0">
              <value>
                <![CDATA["Empty canvas and delete"]]>
              </value>
            </param>
            <param index="1">
              <value>
                <![CDATA["Bucket Data Pengajuan"]]>
              </value>
            </param>
          </params>
          <reporter-output>
          </reporter-output>
        </test-method> <!-- runScenario -->
        <test-method signature="runScenario(io.cucumber.testng.PickleWrapper,io.cucumber.testng.FeatureWrapper)[pri:0, instance:runner.general.HRISDrawSignatureRunner@72035809]" started-at="2022-07-07T15:44:07 ICT" name="runScenario" description="Runs Cucumber Scenarios" data-provider="scenarios" finished-at="2022-07-07T15:44:21 ICT" duration-ms="13822" status="PASS">
          <params>
            <param index="0">
              <value>
                <![CDATA["Draw and save"]]>
              </value>
            </param>
            <param index="1">
              <value>
                <![CDATA["Bucket Data Pengajuan"]]>
              </value>
            </param>
          </params>
          <reporter-output>
          </reporter-output>
        </test-method> <!-- runScenario -->
        <test-method signature="runScenario(io.cucumber.testng.PickleWrapper,io.cucumber.testng.FeatureWrapper)[pri:0, instance:runner.general.HRISDrawSignatureRunner@72035809]" started-at="2022-07-07T15:44:21 ICT" name="runScenario" description="Runs Cucumber Scenarios" data-provider="scenarios" finished-at="2022-07-07T15:44:34 ICT" duration-ms="13586" status="PASS">
          <params>
            <param index="0">
              <value>
                <![CDATA["Empty canvas and save"]]>
              </value>
            </param>
            <param index="1">
              <value>
                <![CDATA["Bucket Data Pengajuan"]]>
              </value>
            </param>
          </params>
          <reporter-output>
          </reporter-output>
        </test-method> <!-- runScenario -->
        <test-method signature="runScenario(io.cucumber.testng.PickleWrapper,io.cucumber.testng.FeatureWrapper)[pri:0, instance:runner.general.HRISDrawSignatureRunner@72035809]" started-at="2022-07-07T15:44:34 ICT" name="runScenario" description="Runs Cucumber Scenarios" data-provider="scenarios" finished-at="2022-07-07T15:44:47 ICT" duration-ms="12316" status="PASS">
          <params>
            <param index="0">
              <value>
                <![CDATA["Draw and delete"]]>
              </value>
            </param>
            <param index="1">
              <value>
                <![CDATA["Bucket Data Pengajuan"]]>
              </value>
            </param>
          </params>
          <reporter-output>
          </reporter-output>
        </test-method> <!-- runScenario -->
        <test-method signature="runScenario(io.cucumber.testng.PickleWrapper,io.cucumber.testng.FeatureWrapper)[pri:0, instance:runner.general.HRISDrawSignatureRunner@72035809]" started-at="2022-07-07T15:44:47 ICT" name="runScenario" description="Runs Cucumber Scenarios" data-provider="scenarios" finished-at="2022-07-07T15:44:59 ICT" duration-ms="12602" status="PASS">
          <params>
            <param index="0">
              <value>
                <![CDATA["Empty canvas and delete"]]>
              </value>
            </param>
            <param index="1">
              <value>
                <![CDATA["Bucket Data Pengajuan"]]>
              </value>
            </param>
          </params>
          <reporter-output>
          </reporter-output>
        </test-method> <!-- runScenario -->
        <test-method is-config="true" signature="tearDownClass()[pri:0, instance:runner.general.HRISDrawSignatureRunner@72035809]" started-at="2022-07-07T15:44:59 ICT" name="tearDownClass" finished-at="2022-07-07T15:44:59 ICT" duration-ms="26" status="PASS">
          <reporter-output>
          </reporter-output>
        </test-method> <!-- tearDownClass -->
      </class> <!-- runner.general.HRISDrawSignatureRunner -->
    </test> <!-- Default test -->
  </suite> <!-- Default suite -->
</testng-results>
