<?xml version="1.0" encoding="UTF-8"?>
<testng-results ignored="0" total="3" passed="1" failed="2" skipped="0">
  <reporter-output>
  </reporter-output>
  <suite started-at="2022-07-06T15:56:44 ICT" name="Default suite" finished-at="2022-07-06T15:57:44 ICT" duration-ms="59438">
    <groups>
      <group name="cucumber">
        <method signature="AbstractTestNGCucumberTests.runScenario(io.cucumber.testng.PickleWrapper,io.cucumber.testng.FeatureWrapper)[pri:0, instance:runner.HRISDateCountRunner@54c5a2ff]" name="runScenario" class="io.cucumber.testng.AbstractTestNGCucumberTests"/>
      </group> <!-- cucumber -->
    </groups>
    <test started-at="2022-07-06T15:56:44 ICT" name="Default test" finished-at="2022-07-06T15:57:44 ICT" duration-ms="59438">
      <class name="runner.HRISDateCountRunner">
        <test-method is-config="true" signature="setUpClass(org.testng.ITestContext)[pri:0, instance:runner.HRISDateCountRunner@54c5a2ff]" started-at="2022-07-06T15:56:44 ICT" name="setUpClass" finished-at="2022-07-06T15:56:45 ICT" duration-ms="471" status="PASS">
          <params>
            <param index="0">
              <value>
                <![CDATA[org.testng.TestRunner@4dfe8b37]]>
              </value>
            </param>
          </params>
          <reporter-output>
          </reporter-output>
        </test-method> <!-- setUpClass -->
        <test-method signature="runScenario(io.cucumber.testng.PickleWrapper,io.cucumber.testng.FeatureWrapper)[pri:0, instance:runner.HRISDateCountRunner@54c5a2ff]" started-at="2022-07-06T15:56:45 ICT" name="runScenario" description="Runs Cucumber Scenarios" data-provider="scenarios" finished-at="2022-07-06T15:57:07 ICT" duration-ms="21994" status="FAIL">
          <params>
            <param index="0">
              <value>
                <![CDATA["Count date as expected"]]>
              </value>
            </param>
            <param index="1">
              <value>
                <![CDATA["Bucket Data Pengajuan"]]>
              </value>
            </param>
          </params>
          <exception class="java.lang.AssertionError">
            <message>
              <![CDATA[expected [true] but found [false]]]>
            </message>
            <full-stacktrace>
              <![CDATA[java.lang.AssertionError: expected [true] but found [false]
at org.testng.Assert.fail(Assert.java:110)
at org.testng.Assert.failNotEquals(Assert.java:1413)
at org.testng.Assert.assertTrue(Assert.java:56)
at org.testng.Assert.assertTrue(Assert.java:66)
at definitions.data.HRISBukcetDataDefine.countEquals(HRISBukcetDataDefine.java:251)
at ✽.Count equals 2(file:///D:/Project/Java/TestNG/HRIS/src/test/resources/features/HRISCutiDateCount.feature:129)
]]>
            </full-stacktrace>
          </exception> <!-- java.lang.AssertionError -->
          <reporter-output>
          </reporter-output>
        </test-method> <!-- runScenario -->
        <test-method signature="runScenario(io.cucumber.testng.PickleWrapper,io.cucumber.testng.FeatureWrapper)[pri:0, instance:runner.HRISDateCountRunner@54c5a2ff]" started-at="2022-07-06T15:57:07 ICT" name="runScenario" description="Runs Cucumber Scenarios" data-provider="scenarios" finished-at="2022-07-06T15:57:25 ICT" duration-ms="18278" status="PASS">
          <params>
            <param index="0">
              <value>
                <![CDATA["Count date as expected"]]>
              </value>
            </param>
            <param index="1">
              <value>
                <![CDATA["Bucket Data Pengajuan"]]>
              </value>
            </param>
          </params>
          <reporter-output>
          </reporter-output>
        </test-method> <!-- runScenario -->
        <test-method signature="runScenario(io.cucumber.testng.PickleWrapper,io.cucumber.testng.FeatureWrapper)[pri:0, instance:runner.HRISDateCountRunner@54c5a2ff]" started-at="2022-07-06T15:57:25 ICT" name="runScenario" description="Runs Cucumber Scenarios" data-provider="scenarios" finished-at="2022-07-06T15:57:43 ICT" duration-ms="18559" status="FAIL">
          <params>
            <param index="0">
              <value>
                <![CDATA["Count date as expected"]]>
              </value>
            </param>
            <param index="1">
              <value>
                <![CDATA["Bucket Data Pengajuan"]]>
              </value>
            </param>
          </params>
          <exception class="java.lang.AssertionError">
            <message>
              <![CDATA[expected [true] but found [false]]]>
            </message>
            <full-stacktrace>
              <![CDATA[java.lang.AssertionError: expected [true] but found [false]
at org.testng.Assert.fail(Assert.java:110)
at org.testng.Assert.failNotEquals(Assert.java:1413)
at org.testng.Assert.assertTrue(Assert.java:56)
at org.testng.Assert.assertTrue(Assert.java:66)
at definitions.data.HRISBukcetDataDefine.countEquals(HRISBukcetDataDefine.java:251)
at ✽.Count equals 0(file:///D:/Project/Java/TestNG/HRIS/src/test/resources/features/HRISCutiDateCount.feature:129)
]]>
            </full-stacktrace>
          </exception> <!-- java.lang.AssertionError -->
          <reporter-output>
          </reporter-output>
        </test-method> <!-- runScenario -->
        <test-method is-config="true" signature="tearDownClass()[pri:0, instance:runner.HRISDateCountRunner@54c5a2ff]" started-at="2022-07-06T15:57:43 ICT" name="tearDownClass" finished-at="2022-07-06T15:57:44 ICT" duration-ms="43" status="PASS">
          <reporter-output>
          </reporter-output>
        </test-method> <!-- tearDownClass -->
      </class> <!-- runner.HRISDateCountRunner -->
    </test> <!-- Default test -->
  </suite> <!-- Default suite -->
</testng-results>
