<?xml version="1.0" encoding="UTF-8"?>
<testng-results ignored="0" total="2" passed="2" failed="0" skipped="0">
  <reporter-output>
  </reporter-output>
  <suite started-at="2022-07-06T22:16:12 ICT" name="Default suite" finished-at="2022-07-06T22:16:38 ICT" duration-ms="25592">
    <groups>
      <group name="cucumber">
        <method signature="AbstractTestNGCucumberTests.runScenario(io.cucumber.testng.PickleWrapper,io.cucumber.testng.FeatureWrapper)[pri:0, instance:runner.HRISShowEntriesRunner@451001e5]" name="runScenario" class="io.cucumber.testng.AbstractTestNGCucumberTests"/>
      </group> <!-- cucumber -->
    </groups>
    <test started-at="2022-07-06T22:16:12 ICT" name="Default test" finished-at="2022-07-06T22:16:38 ICT" duration-ms="25592">
      <class name="runner.HRISShowEntriesRunner">
        <test-method is-config="true" signature="setUpClass(org.testng.ITestContext)[pri:0, instance:runner.HRISShowEntriesRunner@451001e5]" started-at="2022-07-06T22:16:12 ICT" name="setUpClass" finished-at="2022-07-06T22:16:13 ICT" duration-ms="670" status="PASS">
          <params>
            <param index="0">
              <value>
                <![CDATA[org.testng.TestRunner@71b639d0]]>
              </value>
            </param>
          </params>
          <reporter-output>
          </reporter-output>
        </test-method> <!-- setUpClass -->
        <test-method signature="runScenario(io.cucumber.testng.PickleWrapper,io.cucumber.testng.FeatureWrapper)[pri:0, instance:runner.HRISShowEntriesRunner@451001e5]" started-at="2022-07-06T22:16:13 ICT" name="runScenario" description="Runs Cucumber Scenarios" data-provider="scenarios" finished-at="2022-07-06T22:16:26 ICT" duration-ms="13578" status="PASS">
          <params>
            <param index="0">
              <value>
                <![CDATA["Search by value"]]>
              </value>
            </param>
            <param index="1">
              <value>
                <![CDATA["Bucket Data Pengajuan"]]>
              </value>
            </param>
          </params>
          <reporter-output>
          </reporter-output>
        </test-method> <!-- runScenario -->
        <test-method signature="runScenario(io.cucumber.testng.PickleWrapper,io.cucumber.testng.FeatureWrapper)[pri:0, instance:runner.HRISShowEntriesRunner@451001e5]" started-at="2022-07-06T22:16:26 ICT" name="runScenario" description="Runs Cucumber Scenarios" data-provider="scenarios" finished-at="2022-07-06T22:16:38 ICT" duration-ms="11217" status="PASS">
          <params>
            <param index="0">
              <value>
                <![CDATA["Search by value"]]>
              </value>
            </param>
            <param index="1">
              <value>
                <![CDATA["Bucket Data Pengajuan"]]>
              </value>
            </param>
          </params>
          <reporter-output>
          </reporter-output>
        </test-method> <!-- runScenario -->
        <test-method is-config="true" signature="tearDownClass()[pri:0, instance:runner.HRISShowEntriesRunner@451001e5]" started-at="2022-07-06T22:16:38 ICT" name="tearDownClass" finished-at="2022-07-06T22:16:38 ICT" duration-ms="20" status="PASS">
          <reporter-output>
          </reporter-output>
        </test-method> <!-- tearDownClass -->
      </class> <!-- runner.HRISShowEntriesRunner -->
    </test> <!-- Default test -->
  </suite> <!-- Default suite -->
</testng-results>
