<?xml version="1.0" encoding="UTF-8"?>
<testng-results ignored="0" total="173" passed="146" failed="27" skipped="0">
  <reporter-output>
    <line>
      <![CDATA[<img src='file://D:\Project\Java\TestNG\HRIS\src\test\resources\SS\20220714_202353.PNG'height="350" width="792"/>]]>
    </line>
    <line>
      <![CDATA[<img src='file://D:\Project\Java\TestNG\HRIS\src\test\resources\SS\20220714_202412.PNG'height="350" width="792"/>]]>
    </line>
    <line>
      <![CDATA[<img src='file://D:\Project\Java\TestNG\HRIS\src\test\resources\SS\20220714_202447.PNG'height="350" width="792"/>]]>
    </line>
    <line>
      <![CDATA[<img src='file://D:\Project\Java\TestNG\HRIS\src\test\resources\SS\20220714_202505.PNG'height="350" width="792"/>]]>
    </line>
    <line>
      <![CDATA[<img src='file://D:\Project\Java\TestNG\HRIS\src\test\resources\SS\20220714_202631.PNG'height="350" width="792"/>]]>
    </line>
    <line>
      <![CDATA[<img src='file://D:\Project\Java\TestNG\HRIS\src\test\resources\SS\20220714_203111.PNG'height="350" width="792"/>]]>
    </line>
    <line>
      <![CDATA[<img src='file://D:\Project\Java\TestNG\HRIS\src\test\resources\SS\20220714_204102.PNG'height="350" width="792"/>]]>
    </line>
    <line>
      <![CDATA[<img src='file://D:\Project\Java\TestNG\HRIS\src\test\resources\SS\20220714_204134.PNG'height="350" width="792"/>]]>
    </line>
    <line>
      <![CDATA[<img src='file://D:\Project\Java\TestNG\HRIS\src\test\resources\SS\20220714_204325.PNG'height="350" width="792"/>]]>
    </line>
    <line>
      <![CDATA[<img src='file://D:\Project\Java\TestNG\HRIS\src\test\resources\SS\20220714_204359.PNG'height="350" width="792"/>]]>
    </line>
    <line>
      <![CDATA[<img src='file://D:\Project\Java\TestNG\HRIS\src\test\resources\SS\20220714_204641.PNG'height="350" width="792"/>]]>
    </line>
    <line>
      <![CDATA[<img src='file://D:\Project\Java\TestNG\HRIS\src\test\resources\SS\20220714_204713.PNG'height="350" width="792"/>]]>
    </line>
    <line>
      <![CDATA[<img src='file://D:\Project\Java\TestNG\HRIS\src\test\resources\SS\20220714_210104.PNG'height="350" width="792"/>]]>
    </line>
    <line>
      <![CDATA[<img src='file://D:\Project\Java\TestNG\HRIS\src\test\resources\SS\20220714_210124.PNG'height="350" width="792"/>]]>
    </line>
    <line>
      <![CDATA[<img src='file://D:\Project\Java\TestNG\HRIS\src\test\resources\SS\20220714_210145.PNG'height="350" width="792"/>]]>
    </line>
    <line>
      <![CDATA[<img src='file://D:\Project\Java\TestNG\HRIS\src\test\resources\SS\20220714_210428.PNG'height="350" width="792"/>]]>
    </line>
    <line>
      <![CDATA[<img src='file://D:\Project\Java\TestNG\HRIS\src\test\resources\SS\20220714_210442.PNG'height="350" width="792"/>]]>
    </line>
    <line>
      <![CDATA[<img src='file://D:\Project\Java\TestNG\HRIS\src\test\resources\SS\20220714_211104.PNG'height="350" width="792"/>]]>
    </line>
    <line>
      <![CDATA[<img src='file://D:\Project\Java\TestNG\HRIS\src\test\resources\SS\20220714_211141.PNG'height="350" width="792"/>]]>
    </line>
    <line>
      <![CDATA[<img src='file://D:\Project\Java\TestNG\HRIS\src\test\resources\SS\20220714_211154.PNG'height="350" width="792"/>]]>
    </line>
    <line>
      <![CDATA[<img src='file://D:\Project\Java\TestNG\HRIS\src\test\resources\SS\20220714_211206.PNG'height="350" width="792"/>]]>
    </line>
    <line>
      <![CDATA[<img src='file://D:\Project\Java\TestNG\HRIS\src\test\resources\SS\20220714_211219.PNG'height="350" width="792"/>]]>
    </line>
    <line>
      <![CDATA[<img src='file://D:\Project\Java\TestNG\HRIS\src\test\resources\SS\20220714_211231.PNG'height="350" width="792"/>]]>
    </line>
    <line>
      <![CDATA[<img src='file://D:\Project\Java\TestNG\HRIS\src\test\resources\SS\20220714_211243.PNG'height="350" width="792"/>]]>
    </line>
    <line>
      <![CDATA[<img src='file://D:\Project\Java\TestNG\HRIS\src\test\resources\SS\20220714_212007.PNG'height="350" width="792"/>]]>
    </line>
    <line>
      <![CDATA[<img src='file://D:\Project\Java\TestNG\HRIS\src\test\resources\SS\20220714_212311.PNG'height="350" width="792"/>]]>
    </line>
    <line>
      <![CDATA[<img src='file://D:\Project\Java\TestNG\HRIS\src\test\resources\SS\20220714_212341.PNG'height="350" width="792"/>]]>
    </line>
  </reporter-output>
  <suite started-at="2022-07-14T20:17:23 ICT" name="HRIS Employee" finished-at="2022-07-14T21:24:31 ICT" duration-ms="4027931">
    <groups>
      <group name="cucumber">
        <method signature="AbstractTestNGCucumberTests.runScenario(io.cucumber.testng.PickleWrapper,io.cucumber.testng.FeatureWrapper)[pri:0, instance:runner.login.HRISLoginMNGRRunner@7d9d0818]" name="runScenario" class="io.cucumber.testng.AbstractTestNGCucumberTests"/>
        <method signature="AbstractTestNGCucumberTests.runScenario(io.cucumber.testng.PickleWrapper,io.cucumber.testng.FeatureWrapper)[pri:0, instance:runner.login.HRISLoginSPVRunner@231f98ef]" name="runScenario" class="io.cucumber.testng.AbstractTestNGCucumberTests"/>
        <method signature="AbstractTestNGCucumberTests.runScenario(io.cucumber.testng.PickleWrapper,io.cucumber.testng.FeatureWrapper)[pri:0, instance:runner.login.HRISLogoutMNGRRunner@221a3fa4]" name="runScenario" class="io.cucumber.testng.AbstractTestNGCucumberTests"/>
        <method signature="AbstractTestNGCucumberTests.runScenario(io.cucumber.testng.PickleWrapper,io.cucumber.testng.FeatureWrapper)[pri:0, instance:runner.login.HRISLogoutSPVRunner@7c137fd5]" name="runScenario" class="io.cucumber.testng.AbstractTestNGCucumberTests"/>
        <method signature="AbstractTestNGCucumberTests.runScenario(io.cucumber.testng.PickleWrapper,io.cucumber.testng.FeatureWrapper)[pri:0, instance:runner.login.HRISPageSignInMNGRRunner@183ec003]" name="runScenario" class="io.cucumber.testng.AbstractTestNGCucumberTests"/>
        <method signature="AbstractTestNGCucumberTests.runScenario(io.cucumber.testng.PickleWrapper,io.cucumber.testng.FeatureWrapper)[pri:0, instance:runner.login.HRISPageSignInSPVRunner@1750fbeb]" name="runScenario" class="io.cucumber.testng.AbstractTestNGCucumberTests"/>
        <method signature="AbstractTestNGCucumberTests.runScenario(io.cucumber.testng.PickleWrapper,io.cucumber.testng.FeatureWrapper)[pri:0, instance:runner.approval.HRISActionApproveRunner@4d14b6c2]" name="runScenario" class="io.cucumber.testng.AbstractTestNGCucumberTests"/>
        <method signature="AbstractTestNGCucumberTests.runScenario(io.cucumber.testng.PickleWrapper,io.cucumber.testng.FeatureWrapper)[pri:0, instance:runner.approval.HRISActionRejectRunner@69c81773]" name="runScenario" class="io.cucumber.testng.AbstractTestNGCucumberTests"/>
        <method signature="AbstractTestNGCucumberTests.runScenario(io.cucumber.testng.PickleWrapper,io.cucumber.testng.FeatureWrapper)[pri:0, instance:runner.approval.HRISActionReturnRunner@30f842ca]" name="runScenario" class="io.cucumber.testng.AbstractTestNGCucumberTests"/>
        <method signature="AbstractTestNGCucumberTests.runScenario(io.cucumber.testng.PickleWrapper,io.cucumber.testng.FeatureWrapper)[pri:0, instance:runner.approval.HRISCloseModalRunner@333d4a8c]" name="runScenario" class="io.cucumber.testng.AbstractTestNGCucumberTests"/>
        <method signature="AbstractTestNGCucumberTests.runScenario(io.cucumber.testng.PickleWrapper,io.cucumber.testng.FeatureWrapper)[pri:0, instance:runner.approval.HRISNotesRunner@55de24cc]" name="runScenario" class="io.cucumber.testng.AbstractTestNGCucumberTests"/>
        <method signature="AbstractTestNGCucumberTests.runScenario(io.cucumber.testng.PickleWrapper,io.cucumber.testng.FeatureWrapper)[pri:0, instance:runner.approval.HRISSearchAndEntriesRunner@1c742ed4]" name="runScenario" class="io.cucumber.testng.AbstractTestNGCucumberTests"/>
        <method signature="AbstractTestNGCucumberTests.runScenario(io.cucumber.testng.PickleWrapper,io.cucumber.testng.FeatureWrapper)[pri:0, instance:runner.approval.HRISTableDataCutiRunner@dc7df28]" name="runScenario" class="io.cucumber.testng.AbstractTestNGCucumberTests"/>
        <method signature="AbstractTestNGCucumberTests.runScenario(io.cucumber.testng.PickleWrapper,io.cucumber.testng.FeatureWrapper)[pri:0, instance:runner.dashboard.HRISDashboardMNGRRunner@6a8658ff]" name="runScenario" class="io.cucumber.testng.AbstractTestNGCucumberTests"/>
        <method signature="AbstractTestNGCucumberTests.runScenario(io.cucumber.testng.PickleWrapper,io.cucumber.testng.FeatureWrapper)[pri:0, instance:runner.dashboard.HRISDashboardSPVRunner@3feb2dda]" name="runScenario" class="io.cucumber.testng.AbstractTestNGCucumberTests"/>
        <method signature="AbstractTestNGCucumberTests.runScenario(io.cucumber.testng.PickleWrapper,io.cucumber.testng.FeatureWrapper)[pri:0, instance:runner.pengajuan.HRISActionButtonRunner@491b9b8]" name="runScenario" class="io.cucumber.testng.AbstractTestNGCucumberTests"/>
        <method signature="AbstractTestNGCucumberTests.runScenario(io.cucumber.testng.PickleWrapper,io.cucumber.testng.FeatureWrapper)[pri:0, instance:runner.pengajuan.HRISCountTanggalCutiRunner@50378a4]" name="runScenario" class="io.cucumber.testng.AbstractTestNGCucumberTests"/>
        <method signature="AbstractTestNGCucumberTests.runScenario(io.cucumber.testng.PickleWrapper,io.cucumber.testng.FeatureWrapper)[pri:0, instance:runner.pengajuan.HRISDoubleSubmitRunner@79207381]" name="runScenario" class="io.cucumber.testng.AbstractTestNGCucumberTests"/>
        <method signature="AbstractTestNGCucumberTests.runScenario(io.cucumber.testng.PickleWrapper,io.cucumber.testng.FeatureWrapper)[pri:0, instance:runner.pengajuan.HRISNotesRunner@5884a914]" name="runScenario" class="io.cucumber.testng.AbstractTestNGCucumberTests"/>
        <method signature="AbstractTestNGCucumberTests.runScenario(io.cucumber.testng.PickleWrapper,io.cucumber.testng.FeatureWrapper)[pri:0, instance:runner.pengajuan.HRISSearchAndEntriesRunner@60f00693]" name="runScenario" class="io.cucumber.testng.AbstractTestNGCucumberTests"/>
        <method signature="AbstractTestNGCucumberTests.runScenario(io.cucumber.testng.PickleWrapper,io.cucumber.testng.FeatureWrapper)[pri:0, instance:runner.pengajuan.HRISSelectLeaveTypeRunner@4d15107f]" name="runScenario" class="io.cucumber.testng.AbstractTestNGCucumberTests"/>
        <method signature="AbstractTestNGCucumberTests.runScenario(io.cucumber.testng.PickleWrapper,io.cucumber.testng.FeatureWrapper)[pri:0, instance:runner.pengajuan.HRISTableDataCutiRunner@25df00a0]" name="runScenario" class="io.cucumber.testng.AbstractTestNGCucumberTests"/>
        <method signature="AbstractTestNGCucumberTests.runScenario(io.cucumber.testng.PickleWrapper,io.cucumber.testng.FeatureWrapper)[pri:0, instance:runner.pengajuan.HRISTableResultCutiRunner@c05fddc]" name="runScenario" class="io.cucumber.testng.AbstractTestNGCucumberTests"/>
        <method signature="AbstractTestNGCucumberTests.runScenario(io.cucumber.testng.PickleWrapper,io.cucumber.testng.FeatureWrapper)[pri:0, instance:runner.pengajuan.HRISTanggalCutiRunner@7b4c50bc]" name="runScenario" class="io.cucumber.testng.AbstractTestNGCucumberTests"/>
        <method signature="AbstractTestNGCucumberTests.runScenario(io.cucumber.testng.PickleWrapper,io.cucumber.testng.FeatureWrapper)[pri:0, instance:runner.signature.HRISDrawSignatureMNGRRunner@7e990ed7]" name="runScenario" class="io.cucumber.testng.AbstractTestNGCucumberTests"/>
        <method signature="AbstractTestNGCucumberTests.runScenario(io.cucumber.testng.PickleWrapper,io.cucumber.testng.FeatureWrapper)[pri:0, instance:runner.signature.HRISDrawSignatureSPVRunner@1a4927d6]" name="runScenario" class="io.cucumber.testng.AbstractTestNGCucumberTests"/>
      </group> <!-- cucumber -->
    </groups>
    <test started-at="2022-07-14T20:17:23 ICT" name="Sign In" finished-at="2022-07-14T20:21:52 ICT" duration-ms="268930">
      <class name="runner.login.HRISLoginSPVRunner">
        <test-method is-config="true" signature="setUpClass(org.testng.ITestContext)[pri:0, instance:runner.login.HRISLoginSPVRunner@231f98ef]" started-at="2022-07-14T20:17:41 ICT" name="setUpClass" finished-at="2022-07-14T20:17:41 ICT" duration-ms="46" status="PASS">
          <params>
            <param index="0">
              <value>
                <![CDATA[org.testng.TestRunner@46d457be]]>
              </value>
            </param>
          </params>
          <reporter-output>
          </reporter-output>
        </test-method> <!-- setUpClass -->
        <test-method signature="runScenario(io.cucumber.testng.PickleWrapper,io.cucumber.testng.FeatureWrapper)[pri:0, instance:runner.login.HRISLoginSPVRunner@231f98ef]" started-at="2022-07-14T20:17:41 ICT" name="runScenario" description="Runs Cucumber Scenarios" data-provider="scenarios" finished-at="2022-07-14T20:17:55 ICT" duration-ms="13478" status="PASS">
          <params>
            <param index="0">
              <value>
                <![CDATA["Login valid "SPV""]]>
              </value>
            </param>
            <param index="1">
              <value>
                <![CDATA["Login"]]>
              </value>
            </param>
          </params>
          <reporter-output>
          </reporter-output>
        </test-method> <!-- runScenario -->
        <test-method signature="runScenario(io.cucumber.testng.PickleWrapper,io.cucumber.testng.FeatureWrapper)[pri:0, instance:runner.login.HRISLoginSPVRunner@231f98ef]" started-at="2022-07-14T20:17:55 ICT" name="runScenario" description="Runs Cucumber Scenarios" data-provider="scenarios" finished-at="2022-07-14T20:18:04 ICT" duration-ms="8939" status="PASS">
          <params>
            <param index="0">
              <value>
                <![CDATA["Login invalid "SPV""]]>
              </value>
            </param>
            <param index="1">
              <value>
                <![CDATA["Login"]]>
              </value>
            </param>
          </params>
          <reporter-output>
          </reporter-output>
        </test-method> <!-- runScenario -->
        <test-method signature="runScenario(io.cucumber.testng.PickleWrapper,io.cucumber.testng.FeatureWrapper)[pri:0, instance:runner.login.HRISLoginSPVRunner@231f98ef]" started-at="2022-07-14T20:18:04 ICT" name="runScenario" description="Runs Cucumber Scenarios" data-provider="scenarios" finished-at="2022-07-14T20:18:13 ICT" duration-ms="9412" status="PASS">
          <params>
            <param index="0">
              <value>
                <![CDATA["Login invalid "SPV""]]>
              </value>
            </param>
            <param index="1">
              <value>
                <![CDATA["Login"]]>
              </value>
            </param>
          </params>
          <reporter-output>
          </reporter-output>
        </test-method> <!-- runScenario -->
        <test-method signature="runScenario(io.cucumber.testng.PickleWrapper,io.cucumber.testng.FeatureWrapper)[pri:0, instance:runner.login.HRISLoginSPVRunner@231f98ef]" started-at="2022-07-14T20:18:13 ICT" name="runScenario" description="Runs Cucumber Scenarios" data-provider="scenarios" finished-at="2022-07-14T20:18:23 ICT" duration-ms="9808" status="PASS">
          <params>
            <param index="0">
              <value>
                <![CDATA["Login invalid "SPV""]]>
              </value>
            </param>
            <param index="1">
              <value>
                <![CDATA["Login"]]>
              </value>
            </param>
          </params>
          <reporter-output>
          </reporter-output>
        </test-method> <!-- runScenario -->
        <test-method signature="runScenario(io.cucumber.testng.PickleWrapper,io.cucumber.testng.FeatureWrapper)[pri:0, instance:runner.login.HRISLoginSPVRunner@231f98ef]" started-at="2022-07-14T20:18:23 ICT" name="runScenario" description="Runs Cucumber Scenarios" data-provider="scenarios" finished-at="2022-07-14T20:18:45 ICT" duration-ms="21976" status="PASS">
          <params>
            <param index="0">
              <value>
                <![CDATA["Login invalid "SPV""]]>
              </value>
            </param>
            <param index="1">
              <value>
                <![CDATA["Login"]]>
              </value>
            </param>
          </params>
          <reporter-output>
          </reporter-output>
        </test-method> <!-- runScenario -->
        <test-method signature="runScenario(io.cucumber.testng.PickleWrapper,io.cucumber.testng.FeatureWrapper)[pri:0, instance:runner.login.HRISLoginSPVRunner@231f98ef]" started-at="2022-07-14T20:18:45 ICT" name="runScenario" description="Runs Cucumber Scenarios" data-provider="scenarios" finished-at="2022-07-14T20:19:06 ICT" duration-ms="20936" status="PASS">
          <params>
            <param index="0">
              <value>
                <![CDATA["Login invalid "SPV""]]>
              </value>
            </param>
            <param index="1">
              <value>
                <![CDATA["Login"]]>
              </value>
            </param>
          </params>
          <reporter-output>
          </reporter-output>
        </test-method> <!-- runScenario -->
        <test-method is-config="true" signature="tearDownClass()[pri:0, instance:runner.login.HRISLoginSPVRunner@231f98ef]" started-at="2022-07-14T20:19:06 ICT" name="tearDownClass" finished-at="2022-07-14T20:19:06 ICT" duration-ms="0" status="PASS">
          <reporter-output>
          </reporter-output>
        </test-method> <!-- tearDownClass -->
      </class> <!-- runner.login.HRISLoginSPVRunner -->
      <class name="runner.login.HRISPageSignInMNGRRunner">
        <test-method is-config="true" signature="setUpClass(org.testng.ITestContext)[pri:0, instance:runner.login.HRISPageSignInMNGRRunner@183ec003]" started-at="2022-07-14T20:19:31 ICT" name="setUpClass" finished-at="2022-07-14T20:19:31 ICT" duration-ms="15" status="PASS">
          <params>
            <param index="0">
              <value>
                <![CDATA[org.testng.TestRunner@46d457be]]>
              </value>
            </param>
          </params>
          <reporter-output>
          </reporter-output>
        </test-method> <!-- setUpClass -->
        <test-method signature="runScenario(io.cucumber.testng.PickleWrapper,io.cucumber.testng.FeatureWrapper)[pri:0, instance:runner.login.HRISPageSignInMNGRRunner@183ec003]" started-at="2022-07-14T20:19:31 ICT" name="runScenario" description="Runs Cucumber Scenarios" data-provider="scenarios" finished-at="2022-07-14T20:19:39 ICT" duration-ms="7177" status="PASS">
          <params>
            <param index="0">
              <value>
                <![CDATA["Valid URL"]]>
              </value>
            </param>
            <param index="1">
              <value>
                <![CDATA["Sign in page"]]>
              </value>
            </param>
          </params>
          <reporter-output>
          </reporter-output>
        </test-method> <!-- runScenario -->
        <test-method signature="runScenario(io.cucumber.testng.PickleWrapper,io.cucumber.testng.FeatureWrapper)[pri:0, instance:runner.login.HRISPageSignInMNGRRunner@183ec003]" started-at="2022-07-14T20:19:39 ICT" name="runScenario" description="Runs Cucumber Scenarios" data-provider="scenarios" finished-at="2022-07-14T20:19:46 ICT" duration-ms="7353" status="PASS">
          <params>
            <param index="0">
              <value>
                <![CDATA["Invalid URL"]]>
              </value>
            </param>
            <param index="1">
              <value>
                <![CDATA["Sign in page"]]>
              </value>
            </param>
          </params>
          <reporter-output>
          </reporter-output>
        </test-method> <!-- runScenario -->
        <test-method is-config="true" signature="tearDownClass()[pri:0, instance:runner.login.HRISPageSignInMNGRRunner@183ec003]" started-at="2022-07-14T20:19:46 ICT" name="tearDownClass" finished-at="2022-07-14T20:19:46 ICT" duration-ms="4" status="PASS">
          <reporter-output>
          </reporter-output>
        </test-method> <!-- tearDownClass -->
      </class> <!-- runner.login.HRISPageSignInMNGRRunner -->
      <class name="runner.login.HRISLoginMNGRRunner">
        <test-method is-config="true" signature="setUpClass(org.testng.ITestContext)[pri:0, instance:runner.login.HRISLoginMNGRRunner@7d9d0818]" started-at="2022-07-14T20:19:46 ICT" name="setUpClass" finished-at="2022-07-14T20:19:46 ICT" duration-ms="19" status="PASS">
          <params>
            <param index="0">
              <value>
                <![CDATA[org.testng.TestRunner@46d457be]]>
              </value>
            </param>
          </params>
          <reporter-output>
          </reporter-output>
        </test-method> <!-- setUpClass -->
        <test-method signature="runScenario(io.cucumber.testng.PickleWrapper,io.cucumber.testng.FeatureWrapper)[pri:0, instance:runner.login.HRISLoginMNGRRunner@7d9d0818]" started-at="2022-07-14T20:19:46 ICT" name="runScenario" description="Runs Cucumber Scenarios" data-provider="scenarios" finished-at="2022-07-14T20:20:05 ICT" duration-ms="19116" status="PASS">
          <params>
            <param index="0">
              <value>
                <![CDATA["Login valid "MNGR""]]>
              </value>
            </param>
            <param index="1">
              <value>
                <![CDATA["Login"]]>
              </value>
            </param>
          </params>
          <reporter-output>
          </reporter-output>
        </test-method> <!-- runScenario -->
        <test-method signature="runScenario(io.cucumber.testng.PickleWrapper,io.cucumber.testng.FeatureWrapper)[pri:0, instance:runner.login.HRISLoginMNGRRunner@7d9d0818]" started-at="2022-07-14T20:20:05 ICT" name="runScenario" description="Runs Cucumber Scenarios" data-provider="scenarios" finished-at="2022-07-14T20:20:15 ICT" duration-ms="10289" status="PASS">
          <params>
            <param index="0">
              <value>
                <![CDATA["Login invalid  "MNGR""]]>
              </value>
            </param>
            <param index="1">
              <value>
                <![CDATA["Login"]]>
              </value>
            </param>
          </params>
          <reporter-output>
          </reporter-output>
        </test-method> <!-- runScenario -->
        <test-method signature="runScenario(io.cucumber.testng.PickleWrapper,io.cucumber.testng.FeatureWrapper)[pri:0, instance:runner.login.HRISLoginMNGRRunner@7d9d0818]" started-at="2022-07-14T20:20:15 ICT" name="runScenario" description="Runs Cucumber Scenarios" data-provider="scenarios" finished-at="2022-07-14T20:20:25 ICT" duration-ms="9245" status="PASS">
          <params>
            <param index="0">
              <value>
                <![CDATA["Login invalid  "MNGR""]]>
              </value>
            </param>
            <param index="1">
              <value>
                <![CDATA["Login"]]>
              </value>
            </param>
          </params>
          <reporter-output>
          </reporter-output>
        </test-method> <!-- runScenario -->
        <test-method signature="runScenario(io.cucumber.testng.PickleWrapper,io.cucumber.testng.FeatureWrapper)[pri:0, instance:runner.login.HRISLoginMNGRRunner@7d9d0818]" started-at="2022-07-14T20:20:25 ICT" name="runScenario" description="Runs Cucumber Scenarios" data-provider="scenarios" finished-at="2022-07-14T20:20:34 ICT" duration-ms="9667" status="PASS">
          <params>
            <param index="0">
              <value>
                <![CDATA["Login invalid  "MNGR""]]>
              </value>
            </param>
            <param index="1">
              <value>
                <![CDATA["Login"]]>
              </value>
            </param>
          </params>
          <reporter-output>
          </reporter-output>
        </test-method> <!-- runScenario -->
        <test-method signature="runScenario(io.cucumber.testng.PickleWrapper,io.cucumber.testng.FeatureWrapper)[pri:0, instance:runner.login.HRISLoginMNGRRunner@7d9d0818]" started-at="2022-07-14T20:20:34 ICT" name="runScenario" description="Runs Cucumber Scenarios" data-provider="scenarios" finished-at="2022-07-14T20:20:55 ICT" duration-ms="20781" status="PASS">
          <params>
            <param index="0">
              <value>
                <![CDATA["Login invalid  "MNGR""]]>
              </value>
            </param>
            <param index="1">
              <value>
                <![CDATA["Login"]]>
              </value>
            </param>
          </params>
          <reporter-output>
          </reporter-output>
        </test-method> <!-- runScenario -->
        <test-method signature="runScenario(io.cucumber.testng.PickleWrapper,io.cucumber.testng.FeatureWrapper)[pri:0, instance:runner.login.HRISLoginMNGRRunner@7d9d0818]" started-at="2022-07-14T20:20:55 ICT" name="runScenario" description="Runs Cucumber Scenarios" data-provider="scenarios" finished-at="2022-07-14T20:21:16 ICT" duration-ms="20686" status="PASS">
          <params>
            <param index="0">
              <value>
                <![CDATA["Login invalid  "MNGR""]]>
              </value>
            </param>
            <param index="1">
              <value>
                <![CDATA["Login"]]>
              </value>
            </param>
          </params>
          <reporter-output>
          </reporter-output>
        </test-method> <!-- runScenario -->
        <test-method is-config="true" signature="tearDownClass()[pri:0, instance:runner.login.HRISLoginMNGRRunner@7d9d0818]" started-at="2022-07-14T20:21:16 ICT" name="tearDownClass" finished-at="2022-07-14T20:21:16 ICT" duration-ms="2" status="PASS">
          <reporter-output>
          </reporter-output>
        </test-method> <!-- tearDownClass -->
      </class> <!-- runner.login.HRISLoginMNGRRunner -->
      <class name="runner.login.HRISPageSignInSPVRunner">
        <test-method is-config="true" signature="setUpClass(org.testng.ITestContext)[pri:0, instance:runner.login.HRISPageSignInSPVRunner@1750fbeb]" started-at="2022-07-14T20:17:23 ICT" name="setUpClass" finished-at="2022-07-14T20:17:24 ICT" duration-ms="277" status="PASS">
          <params>
            <param index="0">
              <value>
                <![CDATA[org.testng.TestRunner@46d457be]]>
              </value>
            </param>
          </params>
          <reporter-output>
          </reporter-output>
        </test-method> <!-- setUpClass -->
        <test-method signature="runScenario(io.cucumber.testng.PickleWrapper,io.cucumber.testng.FeatureWrapper)[pri:0, instance:runner.login.HRISPageSignInSPVRunner@1750fbeb]" started-at="2022-07-14T20:17:24 ICT" name="runScenario" description="Runs Cucumber Scenarios" data-provider="scenarios" finished-at="2022-07-14T20:17:34 ICT" duration-ms="9912" status="PASS">
          <params>
            <param index="0">
              <value>
                <![CDATA["Valid URL"]]>
              </value>
            </param>
            <param index="1">
              <value>
                <![CDATA["Sign in page"]]>
              </value>
            </param>
          </params>
          <reporter-output>
          </reporter-output>
        </test-method> <!-- runScenario -->
        <test-method signature="runScenario(io.cucumber.testng.PickleWrapper,io.cucumber.testng.FeatureWrapper)[pri:0, instance:runner.login.HRISPageSignInSPVRunner@1750fbeb]" started-at="2022-07-14T20:17:34 ICT" name="runScenario" description="Runs Cucumber Scenarios" data-provider="scenarios" finished-at="2022-07-14T20:17:41 ICT" duration-ms="7433" status="PASS">
          <params>
            <param index="0">
              <value>
                <![CDATA["Invalid URL"]]>
              </value>
            </param>
            <param index="1">
              <value>
                <![CDATA["Sign in page"]]>
              </value>
            </param>
          </params>
          <reporter-output>
          </reporter-output>
        </test-method> <!-- runScenario -->
        <test-method is-config="true" signature="tearDownClass()[pri:0, instance:runner.login.HRISPageSignInSPVRunner@1750fbeb]" started-at="2022-07-14T20:17:41 ICT" name="tearDownClass" finished-at="2022-07-14T20:17:41 ICT" duration-ms="16" status="PASS">
          <reporter-output>
          </reporter-output>
        </test-method> <!-- tearDownClass -->
      </class> <!-- runner.login.HRISPageSignInSPVRunner -->
      <class name="runner.login.HRISLogoutSPVRunner">
        <test-method is-config="true" signature="setUpClass(org.testng.ITestContext)[pri:0, instance:runner.login.HRISLogoutSPVRunner@7c137fd5]" started-at="2022-07-14T20:19:06 ICT" name="setUpClass" finished-at="2022-07-14T20:19:06 ICT" duration-ms="15" status="PASS">
          <params>
            <param index="0">
              <value>
                <![CDATA[org.testng.TestRunner@46d457be]]>
              </value>
            </param>
          </params>
          <reporter-output>
          </reporter-output>
        </test-method> <!-- setUpClass -->
        <test-method signature="runScenario(io.cucumber.testng.PickleWrapper,io.cucumber.testng.FeatureWrapper)[pri:0, instance:runner.login.HRISLogoutSPVRunner@7c137fd5]" started-at="2022-07-14T20:19:06 ICT" name="runScenario" description="Runs Cucumber Scenarios" data-provider="scenarios" finished-at="2022-07-14T20:19:19 ICT" duration-ms="12993" status="PASS">
          <params>
            <param index="0">
              <value>
                <![CDATA["Logout from profile "SPV""]]>
              </value>
            </param>
            <param index="1">
              <value>
                <![CDATA["Logout"]]>
              </value>
            </param>
          </params>
          <reporter-output>
          </reporter-output>
        </test-method> <!-- runScenario -->
        <test-method signature="runScenario(io.cucumber.testng.PickleWrapper,io.cucumber.testng.FeatureWrapper)[pri:0, instance:runner.login.HRISLogoutSPVRunner@7c137fd5]" started-at="2022-07-14T20:19:19 ICT" name="runScenario" description="Runs Cucumber Scenarios" data-provider="scenarios" finished-at="2022-07-14T20:19:31 ICT" duration-ms="12717" status="PASS">
          <params>
            <param index="0">
              <value>
                <![CDATA["Logout from navbar "SPV""]]>
              </value>
            </param>
            <param index="1">
              <value>
                <![CDATA["Logout"]]>
              </value>
            </param>
          </params>
          <reporter-output>
          </reporter-output>
        </test-method> <!-- runScenario -->
        <test-method is-config="true" signature="tearDownClass()[pri:0, instance:runner.login.HRISLogoutSPVRunner@7c137fd5]" started-at="2022-07-14T20:19:31 ICT" name="tearDownClass" finished-at="2022-07-14T20:19:31 ICT" duration-ms="0" status="PASS">
          <reporter-output>
          </reporter-output>
        </test-method> <!-- tearDownClass -->
      </class> <!-- runner.login.HRISLogoutSPVRunner -->
      <class name="runner.login.HRISLogoutMNGRRunner">
        <test-method is-config="true" signature="setUpClass(org.testng.ITestContext)[pri:0, instance:runner.login.HRISLogoutMNGRRunner@221a3fa4]" started-at="2022-07-14T20:21:16 ICT" name="setUpClass" finished-at="2022-07-14T20:21:16 ICT" duration-ms="13" status="PASS">
          <params>
            <param index="0">
              <value>
                <![CDATA[org.testng.TestRunner@46d457be]]>
              </value>
            </param>
          </params>
          <reporter-output>
          </reporter-output>
        </test-method> <!-- setUpClass -->
        <test-method signature="runScenario(io.cucumber.testng.PickleWrapper,io.cucumber.testng.FeatureWrapper)[pri:0, instance:runner.login.HRISLogoutMNGRRunner@221a3fa4]" started-at="2022-07-14T20:21:16 ICT" name="runScenario" description="Runs Cucumber Scenarios" data-provider="scenarios" finished-at="2022-07-14T20:21:34 ICT" duration-ms="18089" status="PASS">
          <params>
            <param index="0">
              <value>
                <![CDATA["Logout from profile "MNGR""]]>
              </value>
            </param>
            <param index="1">
              <value>
                <![CDATA["Logout"]]>
              </value>
            </param>
          </params>
          <reporter-output>
          </reporter-output>
        </test-method> <!-- runScenario -->
        <test-method signature="runScenario(io.cucumber.testng.PickleWrapper,io.cucumber.testng.FeatureWrapper)[pri:0, instance:runner.login.HRISLogoutMNGRRunner@221a3fa4]" started-at="2022-07-14T20:21:34 ICT" name="runScenario" description="Runs Cucumber Scenarios" data-provider="scenarios" finished-at="2022-07-14T20:21:52 ICT" duration-ms="18369" status="PASS">
          <params>
            <param index="0">
              <value>
                <![CDATA["Logout from navbar "MNGR""]]>
              </value>
            </param>
            <param index="1">
              <value>
                <![CDATA["Logout"]]>
              </value>
            </param>
          </params>
          <reporter-output>
          </reporter-output>
        </test-method> <!-- runScenario -->
        <test-method is-config="true" signature="tearDownClass()[pri:0, instance:runner.login.HRISLogoutMNGRRunner@221a3fa4]" started-at="2022-07-14T20:21:52 ICT" name="tearDownClass" finished-at="2022-07-14T20:21:52 ICT" duration-ms="16" status="PASS">
          <reporter-output>
          </reporter-output>
        </test-method> <!-- tearDownClass -->
      </class> <!-- runner.login.HRISLogoutMNGRRunner -->
    </test> <!-- Sign In -->
    <test started-at="2022-07-14T20:21:52 ICT" name="Data" finished-at="2022-07-14T21:24:31 ICT" duration-ms="3758917">
      <class name="runner.pengajuan.HRISActionButtonRunner">
        <test-method is-config="true" signature="setUpClass(org.testng.ITestContext)[pri:0, instance:runner.pengajuan.HRISActionButtonRunner@491b9b8]" started-at="2022-07-14T21:16:16 ICT" name="setUpClass" finished-at="2022-07-14T21:16:16 ICT" duration-ms="22" status="PASS">
          <params>
            <param index="0">
              <value>
                <![CDATA[org.testng.TestRunner@101f929c]]>
              </value>
            </param>
          </params>
          <reporter-output>
          </reporter-output>
        </test-method> <!-- setUpClass -->
        <test-method signature="runScenario(io.cucumber.testng.PickleWrapper,io.cucumber.testng.FeatureWrapper)[pri:0, instance:runner.pengajuan.HRISActionButtonRunner@491b9b8]" started-at="2022-07-14T21:16:16 ICT" name="runScenario" description="Runs Cucumber Scenarios" data-provider="scenarios" finished-at="2022-07-14T21:16:37 ICT" duration-ms="20723" status="PASS">
          <params>
            <param index="0">
              <value>
                <![CDATA["Submit new valid data"]]>
              </value>
            </param>
            <param index="1">
              <value>
                <![CDATA["Bucket Data Pengajuan"]]>
              </value>
            </param>
          </params>
          <reporter-output>
          </reporter-output>
        </test-method> <!-- runScenario -->
        <test-method signature="runScenario(io.cucumber.testng.PickleWrapper,io.cucumber.testng.FeatureWrapper)[pri:0, instance:runner.pengajuan.HRISActionButtonRunner@491b9b8]" started-at="2022-07-14T21:16:37 ICT" name="runScenario" description="Runs Cucumber Scenarios" data-provider="scenarios" finished-at="2022-07-14T21:16:50 ICT" duration-ms="12826" status="PASS">
          <params>
            <param index="0">
              <value>
                <![CDATA["Submit invalid data"]]>
              </value>
            </param>
            <param index="1">
              <value>
                <![CDATA["Bucket Data Pengajuan"]]>
              </value>
            </param>
          </params>
          <reporter-output>
          </reporter-output>
        </test-method> <!-- runScenario -->
        <test-method signature="runScenario(io.cucumber.testng.PickleWrapper,io.cucumber.testng.FeatureWrapper)[pri:0, instance:runner.pengajuan.HRISActionButtonRunner@491b9b8]" started-at="2022-07-14T21:16:50 ICT" name="runScenario" description="Runs Cucumber Scenarios" data-provider="scenarios" finished-at="2022-07-14T21:17:13 ICT" duration-ms="23830" status="PASS">
          <params>
            <param index="0">
              <value>
                <![CDATA["Validate delete action"]]>
              </value>
            </param>
            <param index="1">
              <value>
                <![CDATA["Bucket Data Pengajuan"]]>
              </value>
            </param>
          </params>
          <reporter-output>
          </reporter-output>
        </test-method> <!-- runScenario -->
        <test-method signature="runScenario(io.cucumber.testng.PickleWrapper,io.cucumber.testng.FeatureWrapper)[pri:0, instance:runner.pengajuan.HRISActionButtonRunner@491b9b8]" started-at="2022-07-14T21:17:13 ICT" name="runScenario" description="Runs Cucumber Scenarios" data-provider="scenarios" finished-at="2022-07-14T21:17:36 ICT" duration-ms="22748" status="PASS">
          <params>
            <param index="0">
              <value>
                <![CDATA["Cancel delete action"]]>
              </value>
            </param>
            <param index="1">
              <value>
                <![CDATA["Bucket Data Pengajuan"]]>
              </value>
            </param>
          </params>
          <reporter-output>
          </reporter-output>
        </test-method> <!-- runScenario -->
        <test-method signature="runScenario(io.cucumber.testng.PickleWrapper,io.cucumber.testng.FeatureWrapper)[pri:0, instance:runner.pengajuan.HRISActionButtonRunner@491b9b8]" started-at="2022-07-14T21:17:36 ICT" name="runScenario" description="Runs Cucumber Scenarios" data-provider="scenarios" finished-at="2022-07-14T21:18:25 ICT" duration-ms="48459" status="PASS">
          <params>
            <param index="0">
              <value>
                <![CDATA["Button edit show form cuti"]]>
              </value>
            </param>
            <param index="1">
              <value>
                <![CDATA["Bucket Data Pengajuan"]]>
              </value>
            </param>
          </params>
          <reporter-output>
          </reporter-output>
        </test-method> <!-- runScenario -->
        <test-method signature="runScenario(io.cucumber.testng.PickleWrapper,io.cucumber.testng.FeatureWrapper)[pri:0, instance:runner.pengajuan.HRISActionButtonRunner@491b9b8]" started-at="2022-07-14T21:18:25 ICT" name="runScenario" description="Runs Cucumber Scenarios" data-provider="scenarios" finished-at="2022-07-14T21:19:12 ICT" duration-ms="47256" status="PASS">
          <params>
            <param index="0">
              <value>
                <![CDATA["Select should show Annual"]]>
              </value>
            </param>
            <param index="1">
              <value>
                <![CDATA["Bucket Data Pengajuan"]]>
              </value>
            </param>
          </params>
          <reporter-output>
          </reporter-output>
        </test-method> <!-- runScenario -->
        <test-method signature="runScenario(io.cucumber.testng.PickleWrapper,io.cucumber.testng.FeatureWrapper)[pri:0, instance:runner.pengajuan.HRISActionButtonRunner@491b9b8]" started-at="2022-07-14T21:19:12 ICT" name="runScenario" description="Runs Cucumber Scenarios" data-provider="scenarios" finished-at="2022-07-14T21:20:07 ICT" duration-ms="54842" status="FAIL">
          <params>
            <param index="0">
              <value>
                <![CDATA["Select should show Special"]]>
              </value>
            </param>
            <param index="1">
              <value>
                <![CDATA["Bucket Data Pengajuan"]]>
              </value>
            </param>
          </params>
          <exception class="java.lang.AssertionError">
            <message>
              <![CDATA[expected [Special] but found []]]>
            </message>
            <full-stacktrace>
              <![CDATA[java.lang.AssertionError: expected [Special] but found []
at org.testng.Assert.fail(Assert.java:110)
at org.testng.Assert.failNotEquals(Assert.java:1413)
at org.testng.Assert.assertEqualsImpl(Assert.java:149)
at org.testng.Assert.assertEquals(Assert.java:131)
at org.testng.Assert.assertEquals(Assert.java:655)
at org.testng.Assert.assertEquals(Assert.java:665)
at definitions.data.HRISBukcetDataDefine.validateSelectType(HRISBukcetDataDefine.java:311)
at ?.User validate select type "Special"(file:///D:/Project/Java/TestNG/HRIS/src/test/resources/features/003-MODUL%20PENGAJUAN%20CUTI/HRISActionButton.feature:143)
]]>
            </full-stacktrace>
          </exception> <!-- java.lang.AssertionError -->
          <reporter-output>
            <line>
              <![CDATA[<img src='file://D:\Project\Java\TestNG\HRIS\src\test\resources\SS\20220714_212007.PNG'height="350" width="792"/>]]>
            </line>
          </reporter-output>
        </test-method> <!-- runScenario -->
        <test-method signature="runScenario(io.cucumber.testng.PickleWrapper,io.cucumber.testng.FeatureWrapper)[pri:0, instance:runner.pengajuan.HRISActionButtonRunner@491b9b8]" started-at="2022-07-14T21:20:07 ICT" name="runScenario" description="Runs Cucumber Scenarios" data-provider="scenarios" finished-at="2022-07-14T21:20:57 ICT" duration-ms="49991" status="PASS">
          <params>
            <param index="0">
              <value>
                <![CDATA["Date should show as Leave column"]]>
              </value>
            </param>
            <param index="1">
              <value>
                <![CDATA["Bucket Data Pengajuan"]]>
              </value>
            </param>
          </params>
          <reporter-output>
          </reporter-output>
        </test-method> <!-- runScenario -->
        <test-method signature="runScenario(io.cucumber.testng.PickleWrapper,io.cucumber.testng.FeatureWrapper)[pri:0, instance:runner.pengajuan.HRISActionButtonRunner@491b9b8]" started-at="2022-07-14T21:20:57 ICT" name="runScenario" description="Runs Cucumber Scenarios" data-provider="scenarios" finished-at="2022-07-14T21:21:43 ICT" duration-ms="46839" status="PASS">
          <params>
            <param index="0">
              <value>
                <![CDATA["Notes should show as data before"]]>
              </value>
            </param>
            <param index="1">
              <value>
                <![CDATA["Bucket Data Pengajuan"]]>
              </value>
            </param>
          </params>
          <reporter-output>
          </reporter-output>
        </test-method> <!-- runScenario -->
        <test-method signature="runScenario(io.cucumber.testng.PickleWrapper,io.cucumber.testng.FeatureWrapper)[pri:0, instance:runner.pengajuan.HRISActionButtonRunner@491b9b8]" started-at="2022-07-14T21:21:43 ICT" name="runScenario" description="Runs Cucumber Scenarios" data-provider="scenarios" finished-at="2022-07-14T21:22:34 ICT" duration-ms="50955" status="PASS">
          <params>
            <param index="0">
              <value>
                <![CDATA["Submit valid edit data"]]>
              </value>
            </param>
            <param index="1">
              <value>
                <![CDATA["Bucket Data Pengajuan"]]>
              </value>
            </param>
          </params>
          <reporter-output>
          </reporter-output>
        </test-method> <!-- runScenario -->
        <test-method signature="runScenario(io.cucumber.testng.PickleWrapper,io.cucumber.testng.FeatureWrapper)[pri:0, instance:runner.pengajuan.HRISActionButtonRunner@491b9b8]" started-at="2022-07-14T21:22:34 ICT" name="runScenario" description="Runs Cucumber Scenarios" data-provider="scenarios" finished-at="2022-07-14T21:23:12 ICT" duration-ms="37215" status="FAIL">
          <params>
            <param index="0">
              <value>
                <![CDATA["Submit invalid edit data"]]>
              </value>
            </param>
            <param index="1">
              <value>
                <![CDATA["Bucket Data Pengajuan"]]>
              </value>
            </param>
          </params>
          <exception class="org.openqa.selenium.InvalidElementStateException">
            <message>
              <![CDATA[invalid element state: Element is not currently interactable and may not be manipulated
  (Session info: chrome=103.0.5060.114)
Build info: version: '4.0.0', revision: '3a21814679'
System info: host: 'DESKTOP-S76SA9N', ip: '192.168.1.164', os.name: 'Windows 11', os.arch: 'amd64', os.version: '10.0', java.version: '11.0.15'
Driver info: org.openqa.selenium.chrome.ChromeDriver
Command: [1e87ed02afcfd38e041f7c1938d4c1d1, clearElement {id=d6ebbbd7-dbfc-4fc8-aa7e-d95b4190b08b}]
Capabilities {acceptInsecureCerts: false, browserName: chrome, browserVersion: 103.0.5060.114, chrome: {chromedriverVersion: 102.0.5005.61 (0e59bcc00cc4..., userDataDir: C:\Users\nexsoft\AppData\Lo...}, goog:chromeOptions: {debuggerAddress: localhost:62045}, javascriptEnabled: true, networkConnectionEnabled: false, pageLoadStrategy: normal, platform: WINDOWS, platformName: WINDOWS, proxy: Proxy(), se:cdp: ws://localhost:62045/devtoo..., se:cdpVersion: 103.0.5060.114, setWindowRect: true, strictFileInteractability: false, timeouts: {implicit: 0, pageLoad: 300000, script: 30000}, unhandledPromptBehavior: dismiss and notify, webauthn:extension:credBlob: true, webauthn:extension:largeBlob: true, webauthn:virtualAuthenticators: true}
Element: [[ChromeDriver: chrome on WINDOWS (1e87ed02afcfd38e041f7c1938d4c1d1)] -> xpath: //input[@id='leave_periode']]
Session ID: 1e87ed02afcfd38e041f7c1938d4c1d1]]>
            </message>
            <full-stacktrace>
              <![CDATA[org.openqa.selenium.InvalidElementStateException: invalid element state: Element is not currently interactable and may not be manipulated
  (Session info: chrome=103.0.5060.114)
Build info: version: '4.0.0', revision: '3a21814679'
System info: host: 'DESKTOP-S76SA9N', ip: '192.168.1.164', os.name: 'Windows 11', os.arch: 'amd64', os.version: '10.0', java.version: '11.0.15'
Driver info: org.openqa.selenium.chrome.ChromeDriver
Command: [1e87ed02afcfd38e041f7c1938d4c1d1, clearElement {id=d6ebbbd7-dbfc-4fc8-aa7e-d95b4190b08b}]
Capabilities {acceptInsecureCerts: false, browserName: chrome, browserVersion: 103.0.5060.114, chrome: {chromedriverVersion: 102.0.5005.61 (0e59bcc00cc4..., userDataDir: C:\Users\nexsoft\AppData\Lo...}, goog:chromeOptions: {debuggerAddress: localhost:62045}, javascriptEnabled: true, networkConnectionEnabled: false, pageLoadStrategy: normal, platform: WINDOWS, platformName: WINDOWS, proxy: Proxy(), se:cdp: ws://localhost:62045/devtoo..., se:cdpVersion: 103.0.5060.114, setWindowRect: true, strictFileInteractability: false, timeouts: {implicit: 0, pageLoad: 300000, script: 30000}, unhandledPromptBehavior: dismiss and notify, webauthn:extension:credBlob: true, webauthn:extension:largeBlob: true, webauthn:virtualAuthenticators: true}
Element: [[ChromeDriver: chrome on WINDOWS (1e87ed02afcfd38e041f7c1938d4c1d1)] -> xpath: //input[@id='leave_periode']]
Session ID: 1e87ed02afcfd38e041f7c1938d4c1d1
at java.base/jdk.internal.reflect.NativeConstructorAccessorImpl.newInstance0(Native Method)
at java.base/jdk.internal.reflect.NativeConstructorAccessorImpl.newInstance(NativeConstructorAccessorImpl.java:62)
at java.base/jdk.internal.reflect.DelegatingConstructorAccessorImpl.newInstance(DelegatingConstructorAccessorImpl.java:45)
at java.base/java.lang.reflect.Constructor.newInstance(Constructor.java:490)
at org.openqa.selenium.remote.codec.w3c.W3CHttpResponseCodec.createException(W3CHttpResponseCodec.java:200)
at org.openqa.selenium.remote.codec.w3c.W3CHttpResponseCodec.decode(W3CHttpResponseCodec.java:133)
at org.openqa.selenium.remote.codec.w3c.W3CHttpResponseCodec.decode(W3CHttpResponseCodec.java:53)
at org.openqa.selenium.remote.HttpCommandExecutor.execute(HttpCommandExecutor.java:184)
at org.openqa.selenium.remote.service.DriverCommandExecutor.invokeExecute(DriverCommandExecutor.java:164)
at org.openqa.selenium.remote.service.DriverCommandExecutor.execute(DriverCommandExecutor.java:139)
at org.openqa.selenium.remote.RemoteWebDriver.execute(RemoteWebDriver.java:559)
at org.openqa.selenium.remote.RemoteWebElement.execute(RemoteWebElement.java:251)
at org.openqa.selenium.remote.RemoteWebElement.clear(RemoteWebElement.java:126)
at jdk.internal.reflect.GeneratedMethodAccessor37.invoke(Unknown Source)
at java.base/jdk.internal.reflect.DelegatingMethodAccessorImpl.invoke(DelegatingMethodAccessorImpl.java:43)
at java.base/java.lang.reflect.Method.invoke(Method.java:566)
at org.openqa.selenium.support.pagefactory.internal.LocatingElementHandler.invoke(LocatingElementHandler.java:52)
at com.sun.proxy.$Proxy28.clear(Unknown Source)
at definitions.data.HRISBukcetDataDefine.clearField(HRISBukcetDataDefine.java:378)
at ?.User clear field(file:///D:/Project/Java/TestNG/HRIS/src/test/resources/features/003-MODUL%20PENGAJUAN%20CUTI/HRISActionButton.feature:250)
]]>
            </full-stacktrace>
          </exception> <!-- org.openqa.selenium.InvalidElementStateException -->
          <reporter-output>
            <line>
              <![CDATA[<img src='file://D:\Project\Java\TestNG\HRIS\src\test\resources\SS\20220714_212311.PNG'height="350" width="792"/>]]>
            </line>
          </reporter-output>
        </test-method> <!-- runScenario -->
        <test-method signature="runScenario(io.cucumber.testng.PickleWrapper,io.cucumber.testng.FeatureWrapper)[pri:0, instance:runner.pengajuan.HRISActionButtonRunner@491b9b8]" started-at="2022-07-14T21:23:12 ICT" name="runScenario" description="Runs Cucumber Scenarios" data-provider="scenarios" finished-at="2022-07-14T21:23:41 ICT" duration-ms="29809" status="FAIL">
          <params>
            <param index="0">
              <value>
                <![CDATA["Button new"]]>
              </value>
            </param>
            <param index="1">
              <value>
                <![CDATA["Bucket Data Pengajuan"]]>
              </value>
            </param>
          </params>
          <exception class="org.openqa.selenium.NoSuchElementException">
            <message>
              <![CDATA[no such element: Unable to locate element: {"method":"xpath","selector":"//div[@class='alert alert-success fade show']"}
  (Session info: chrome=103.0.5060.114)
For documentation on this error, please visit: https://selenium.dev/exceptions/#no_such_element
Build info: version: '4.0.0', revision: '3a21814679'
System info: host: 'DESKTOP-S76SA9N', ip: '192.168.1.164', os.name: 'Windows 11', os.arch: 'amd64', os.version: '10.0', java.version: '11.0.15'
Driver info: org.openqa.selenium.chrome.ChromeDriver
Command: [31dfc8dfff2d2ac9df0d341deb560e3a, findElement {using=xpath, value=//div[@class='alert alert-success fade show']}]
Capabilities {acceptInsecureCerts: false, browserName: chrome, browserVersion: 103.0.5060.114, chrome: {chromedriverVersion: 102.0.5005.61 (0e59bcc00cc4..., userDataDir: C:\Users\nexsoft\AppData\Lo...}, goog:chromeOptions: {debuggerAddress: localhost:62079}, javascriptEnabled: true, networkConnectionEnabled: false, pageLoadStrategy: normal, platform: WINDOWS, platformName: WINDOWS, proxy: Proxy(), se:cdp: ws://localhost:62079/devtoo..., se:cdpVersion: 103.0.5060.114, setWindowRect: true, strictFileInteractability: false, timeouts: {implicit: 0, pageLoad: 300000, script: 30000}, unhandledPromptBehavior: dismiss and notify, webauthn:extension:credBlob: true, webauthn:extension:largeBlob: true, webauthn:virtualAuthenticators: true}
Session ID: 31dfc8dfff2d2ac9df0d341deb560e3a]]>
            </message>
            <full-stacktrace>
              <![CDATA[org.openqa.selenium.NoSuchElementException: no such element: Unable to locate element: {"method":"xpath","selector":"//div[@class='alert alert-success fade show']"}
  (Session info: chrome=103.0.5060.114)
For documentation on this error, please visit: https://selenium.dev/exceptions/#no_such_element
Build info: version: '4.0.0', revision: '3a21814679'
System info: host: 'DESKTOP-S76SA9N', ip: '192.168.1.164', os.name: 'Windows 11', os.arch: 'amd64', os.version: '10.0', java.version: '11.0.15'
Driver info: org.openqa.selenium.chrome.ChromeDriver
Command: [31dfc8dfff2d2ac9df0d341deb560e3a, findElement {using=xpath, value=//div[@class='alert alert-success fade show']}]
Capabilities {acceptInsecureCerts: false, browserName: chrome, browserVersion: 103.0.5060.114, chrome: {chromedriverVersion: 102.0.5005.61 (0e59bcc00cc4..., userDataDir: C:\Users\nexsoft\AppData\Lo...}, goog:chromeOptions: {debuggerAddress: localhost:62079}, javascriptEnabled: true, networkConnectionEnabled: false, pageLoadStrategy: normal, platform: WINDOWS, platformName: WINDOWS, proxy: Proxy(), se:cdp: ws://localhost:62079/devtoo..., se:cdpVersion: 103.0.5060.114, setWindowRect: true, strictFileInteractability: false, timeouts: {implicit: 0, pageLoad: 300000, script: 30000}, unhandledPromptBehavior: dismiss and notify, webauthn:extension:credBlob: true, webauthn:extension:largeBlob: true, webauthn:virtualAuthenticators: true}
Session ID: 31dfc8dfff2d2ac9df0d341deb560e3a
at java.base/jdk.internal.reflect.NativeConstructorAccessorImpl.newInstance0(Native Method)
at java.base/jdk.internal.reflect.NativeConstructorAccessorImpl.newInstance(NativeConstructorAccessorImpl.java:62)
at java.base/jdk.internal.reflect.DelegatingConstructorAccessorImpl.newInstance(DelegatingConstructorAccessorImpl.java:45)
at java.base/java.lang.reflect.Constructor.newInstance(Constructor.java:490)
at org.openqa.selenium.remote.codec.w3c.W3CHttpResponseCodec.createException(W3CHttpResponseCodec.java:200)
at org.openqa.selenium.remote.codec.w3c.W3CHttpResponseCodec.decode(W3CHttpResponseCodec.java:133)
at org.openqa.selenium.remote.codec.w3c.W3CHttpResponseCodec.decode(W3CHttpResponseCodec.java:53)
at org.openqa.selenium.remote.HttpCommandExecutor.execute(HttpCommandExecutor.java:184)
at org.openqa.selenium.remote.service.DriverCommandExecutor.invokeExecute(DriverCommandExecutor.java:164)
at org.openqa.selenium.remote.service.DriverCommandExecutor.execute(DriverCommandExecutor.java:139)
at org.openqa.selenium.remote.RemoteWebDriver.execute(RemoteWebDriver.java:559)
at org.openqa.selenium.remote.ElementLocation$ElementFinder$2.findElement(ElementLocation.java:162)
at org.openqa.selenium.remote.ElementLocation.findElement(ElementLocation.java:60)
at org.openqa.selenium.remote.RemoteWebDriver.findElement(RemoteWebDriver.java:383)
at org.openqa.selenium.remote.RemoteWebDriver.findElement(RemoteWebDriver.java:375)
at org.openqa.selenium.support.pagefactory.DefaultElementLocator.findElement(DefaultElementLocator.java:70)
at org.openqa.selenium.support.pagefactory.internal.LocatingElementHandler.invoke(LocatingElementHandler.java:39)
at com.sun.proxy.$Proxy28.getText(Unknown Source)
at definitions.data.HRISBukcetDataDefine.showDataCuti(HRISBukcetDataDefine.java:394)
at ?.Data cuti created(file:///D:/Project/Java/TestNG/HRIS/src/test/resources/features/003-MODUL%20PENGAJUAN%20CUTI/HRISActionButton.feature:271)
]]>
            </full-stacktrace>
          </exception> <!-- org.openqa.selenium.NoSuchElementException -->
          <reporter-output>
            <line>
              <![CDATA[<img src='file://D:\Project\Java\TestNG\HRIS\src\test\resources\SS\20220714_212341.PNG'height="350" width="792"/>]]>
            </line>
          </reporter-output>
        </test-method> <!-- runScenario -->
        <test-method is-config="true" signature="tearDownClass()[pri:0, instance:runner.pengajuan.HRISActionButtonRunner@491b9b8]" started-at="2022-07-14T21:23:41 ICT" name="tearDownClass" finished-at="2022-07-14T21:23:41 ICT" duration-ms="0" status="PASS">
          <reporter-output>
          </reporter-output>
        </test-method> <!-- tearDownClass -->
      </class> <!-- runner.pengajuan.HRISActionButtonRunner -->
      <class name="runner.pengajuan.HRISTableResultCutiRunner">
        <test-method is-config="true" signature="setUpClass(org.testng.ITestContext)[pri:0, instance:runner.pengajuan.HRISTableResultCutiRunner@c05fddc]" started-at="2022-07-14T20:48:18 ICT" name="setUpClass" finished-at="2022-07-14T20:48:18 ICT" duration-ms="16" status="PASS">
          <params>
            <param index="0">
              <value>
                <![CDATA[org.testng.TestRunner@101f929c]]>
              </value>
            </param>
          </params>
          <reporter-output>
          </reporter-output>
        </test-method> <!-- setUpClass -->
        <test-method signature="runScenario(io.cucumber.testng.PickleWrapper,io.cucumber.testng.FeatureWrapper)[pri:0, instance:runner.pengajuan.HRISTableResultCutiRunner@c05fddc]" started-at="2022-07-14T20:48:18 ICT" name="runScenario" description="Runs Cucumber Scenarios" data-provider="scenarios" finished-at="2022-07-14T20:48:29 ICT" duration-ms="10351" status="PASS">
          <params>
            <param index="0">
              <value>
                <![CDATA["Show total cuti"]]>
              </value>
            </param>
            <param index="1">
              <value>
                <![CDATA["Bucket Data Pengajuan"]]>
              </value>
            </param>
          </params>
          <reporter-output>
          </reporter-output>
        </test-method> <!-- runScenario -->
        <test-method signature="runScenario(io.cucumber.testng.PickleWrapper,io.cucumber.testng.FeatureWrapper)[pri:0, instance:runner.pengajuan.HRISTableResultCutiRunner@c05fddc]" started-at="2022-07-14T20:48:29 ICT" name="runScenario" description="Runs Cucumber Scenarios" data-provider="scenarios" finished-at="2022-07-14T20:48:38 ICT" duration-ms="9475" status="PASS">
          <params>
            <param index="0">
              <value>
                <![CDATA["Show total cuti yang bisa diambil"]]>
              </value>
            </param>
            <param index="1">
              <value>
                <![CDATA["Bucket Data Pengajuan"]]>
              </value>
            </param>
          </params>
          <reporter-output>
          </reporter-output>
        </test-method> <!-- runScenario -->
        <test-method signature="runScenario(io.cucumber.testng.PickleWrapper,io.cucumber.testng.FeatureWrapper)[pri:0, instance:runner.pengajuan.HRISTableResultCutiRunner@c05fddc]" started-at="2022-07-14T20:48:38 ICT" name="runScenario" description="Runs Cucumber Scenarios" data-provider="scenarios" finished-at="2022-07-14T20:48:47 ICT" duration-ms="9105" status="PASS">
          <params>
            <param index="0">
              <value>
                <![CDATA["Show total cuti bersama"]]>
              </value>
            </param>
            <param index="1">
              <value>
                <![CDATA["Bucket Data Pengajuan"]]>
              </value>
            </param>
          </params>
          <reporter-output>
          </reporter-output>
        </test-method> <!-- runScenario -->
        <test-method signature="runScenario(io.cucumber.testng.PickleWrapper,io.cucumber.testng.FeatureWrapper)[pri:0, instance:runner.pengajuan.HRISTableResultCutiRunner@c05fddc]" started-at="2022-07-14T20:48:47 ICT" name="runScenario" description="Runs Cucumber Scenarios" data-provider="scenarios" finished-at="2022-07-14T20:48:56 ICT" duration-ms="9130" status="PASS">
          <params>
            <param index="0">
              <value>
                <![CDATA["Show total cuti approved"]]>
              </value>
            </param>
            <param index="1">
              <value>
                <![CDATA["Bucket Data Pengajuan"]]>
              </value>
            </param>
          </params>
          <reporter-output>
          </reporter-output>
        </test-method> <!-- runScenario -->
        <test-method signature="runScenario(io.cucumber.testng.PickleWrapper,io.cucumber.testng.FeatureWrapper)[pri:0, instance:runner.pengajuan.HRISTableResultCutiRunner@c05fddc]" started-at="2022-07-14T20:48:56 ICT" name="runScenario" description="Runs Cucumber Scenarios" data-provider="scenarios" finished-at="2022-07-14T20:49:06 ICT" duration-ms="9696" status="PASS">
          <params>
            <param index="0">
              <value>
                <![CDATA["Show total cuti request"]]>
              </value>
            </param>
            <param index="1">
              <value>
                <![CDATA["Bucket Data Pengajuan"]]>
              </value>
            </param>
          </params>
          <reporter-output>
          </reporter-output>
        </test-method> <!-- runScenario -->
        <test-method signature="runScenario(io.cucumber.testng.PickleWrapper,io.cucumber.testng.FeatureWrapper)[pri:0, instance:runner.pengajuan.HRISTableResultCutiRunner@c05fddc]" started-at="2022-07-14T20:49:06 ICT" name="runScenario" description="Runs Cucumber Scenarios" data-provider="scenarios" finished-at="2022-07-14T20:49:15 ICT" duration-ms="9027" status="PASS">
          <params>
            <param index="0">
              <value>
                <![CDATA["Show total sisa cuti"]]>
              </value>
            </param>
            <param index="1">
              <value>
                <![CDATA["Bucket Data Pengajuan"]]>
              </value>
            </param>
          </params>
          <reporter-output>
          </reporter-output>
        </test-method> <!-- runScenario -->
        <test-method signature="runScenario(io.cucumber.testng.PickleWrapper,io.cucumber.testng.FeatureWrapper)[pri:0, instance:runner.pengajuan.HRISTableResultCutiRunner@c05fddc]" started-at="2022-07-14T20:49:15 ICT" name="runScenario" description="Runs Cucumber Scenarios" data-provider="scenarios" finished-at="2022-07-14T20:50:11 ICT" duration-ms="55593" status="PASS">
          <params>
            <param index="0">
              <value>
                <![CDATA["Show total cuti approved"]]>
              </value>
            </param>
            <param index="1">
              <value>
                <![CDATA["Bucket Data Pengajuan"]]>
              </value>
            </param>
          </params>
          <reporter-output>
          </reporter-output>
        </test-method> <!-- runScenario -->
        <test-method signature="runScenario(io.cucumber.testng.PickleWrapper,io.cucumber.testng.FeatureWrapper)[pri:0, instance:runner.pengajuan.HRISTableResultCutiRunner@c05fddc]" started-at="2022-07-14T20:50:11 ICT" name="runScenario" description="Runs Cucumber Scenarios" data-provider="scenarios" finished-at="2022-07-14T20:50:32 ICT" duration-ms="21483" status="PASS">
          <params>
            <param index="0">
              <value>
                <![CDATA["Show total cuti request"]]>
              </value>
            </param>
            <param index="1">
              <value>
                <![CDATA["Bucket Data Pengajuan"]]>
              </value>
            </param>
          </params>
          <reporter-output>
          </reporter-output>
        </test-method> <!-- runScenario -->
        <test-method signature="runScenario(io.cucumber.testng.PickleWrapper,io.cucumber.testng.FeatureWrapper)[pri:0, instance:runner.pengajuan.HRISTableResultCutiRunner@c05fddc]" started-at="2022-07-14T20:50:32 ICT" name="runScenario" description="Runs Cucumber Scenarios" data-provider="scenarios" finished-at="2022-07-14T20:50:54 ICT" duration-ms="21798" status="PASS">
          <params>
            <param index="0">
              <value>
                <![CDATA["Show total sisa cuti"]]>
              </value>
            </param>
            <param index="1">
              <value>
                <![CDATA["Bucket Data Pengajuan"]]>
              </value>
            </param>
          </params>
          <reporter-output>
          </reporter-output>
        </test-method> <!-- runScenario -->
        <test-method is-config="true" signature="tearDownClass()[pri:0, instance:runner.pengajuan.HRISTableResultCutiRunner@c05fddc]" started-at="2022-07-14T20:50:54 ICT" name="tearDownClass" finished-at="2022-07-14T20:50:54 ICT" duration-ms="2" status="PASS">
          <reporter-output>
          </reporter-output>
        </test-method> <!-- tearDownClass -->
      </class> <!-- runner.pengajuan.HRISTableResultCutiRunner -->
      <class name="runner.approval.HRISTableDataCutiRunner">
        <test-method is-config="true" signature="setUpClass(org.testng.ITestContext)[pri:0, instance:runner.approval.HRISTableDataCutiRunner@dc7df28]" started-at="2022-07-14T20:31:11 ICT" name="setUpClass" finished-at="2022-07-14T20:31:11 ICT" duration-ms="22" status="PASS">
          <params>
            <param index="0">
              <value>
                <![CDATA[org.testng.TestRunner@101f929c]]>
              </value>
            </param>
          </params>
          <reporter-output>
          </reporter-output>
        </test-method> <!-- setUpClass -->
        <test-method signature="runScenario(io.cucumber.testng.PickleWrapper,io.cucumber.testng.FeatureWrapper)[pri:0, instance:runner.approval.HRISTableDataCutiRunner@dc7df28]" started-at="2022-07-14T20:31:11 ICT" name="runScenario" description="Runs Cucumber Scenarios" data-provider="scenarios" finished-at="2022-07-14T20:31:45 ICT" duration-ms="34205" status="PASS">
          <params>
            <param index="0">
              <value>
                <![CDATA["Leave column (name)"]]>
              </value>
            </param>
            <param index="1">
              <value>
                <![CDATA["Bucket Data Approval"]]>
              </value>
            </param>
          </params>
          <reporter-output>
          </reporter-output>
        </test-method> <!-- runScenario -->
        <test-method signature="runScenario(io.cucumber.testng.PickleWrapper,io.cucumber.testng.FeatureWrapper)[pri:0, instance:runner.approval.HRISTableDataCutiRunner@dc7df28]" started-at="2022-07-14T20:31:45 ICT" name="runScenario" description="Runs Cucumber Scenarios" data-provider="scenarios" finished-at="2022-07-14T20:32:17 ICT" duration-ms="31353" status="PASS">
          <params>
            <param index="0">
              <value>
                <![CDATA["Leave column (date)"]]>
              </value>
            </param>
            <param index="1">
              <value>
                <![CDATA["Bucket Data Approval"]]>
              </value>
            </param>
          </params>
          <reporter-output>
          </reporter-output>
        </test-method> <!-- runScenario -->
        <test-method signature="runScenario(io.cucumber.testng.PickleWrapper,io.cucumber.testng.FeatureWrapper)[pri:0, instance:runner.approval.HRISTableDataCutiRunner@dc7df28]" started-at="2022-07-14T20:32:17 ICT" name="runScenario" description="Runs Cucumber Scenarios" data-provider="scenarios" finished-at="2022-07-14T20:32:50 ICT" duration-ms="33318" status="PASS">
          <params>
            <param index="0">
              <value>
                <![CDATA["Count column"]]>
              </value>
            </param>
            <param index="1">
              <value>
                <![CDATA["Bucket Data Approval"]]>
              </value>
            </param>
          </params>
          <reporter-output>
          </reporter-output>
        </test-method> <!-- runScenario -->
        <test-method signature="runScenario(io.cucumber.testng.PickleWrapper,io.cucumber.testng.FeatureWrapper)[pri:0, instance:runner.approval.HRISTableDataCutiRunner@dc7df28]" started-at="2022-07-14T20:32:50 ICT" name="runScenario" description="Runs Cucumber Scenarios" data-provider="scenarios" finished-at="2022-07-14T20:33:22 ICT" duration-ms="31877" status="PASS">
          <params>
            <param index="0">
              <value>
                <![CDATA["Type column"]]>
              </value>
            </param>
            <param index="1">
              <value>
                <![CDATA["Bucket Data Approval"]]>
              </value>
            </param>
          </params>
          <reporter-output>
          </reporter-output>
        </test-method> <!-- runScenario -->
        <test-method signature="runScenario(io.cucumber.testng.PickleWrapper,io.cucumber.testng.FeatureWrapper)[pri:0, instance:runner.approval.HRISTableDataCutiRunner@dc7df28]" started-at="2022-07-14T20:33:22 ICT" name="runScenario" description="Runs Cucumber Scenarios" data-provider="scenarios" finished-at="2022-07-14T20:33:55 ICT" duration-ms="32925" status="PASS">
          <params>
            <param index="0">
              <value>
                <![CDATA["Status new column"]]>
              </value>
            </param>
            <param index="1">
              <value>
                <![CDATA["Bucket Data Approval"]]>
              </value>
            </param>
          </params>
          <reporter-output>
          </reporter-output>
        </test-method> <!-- runScenario -->
        <test-method signature="runScenario(io.cucumber.testng.PickleWrapper,io.cucumber.testng.FeatureWrapper)[pri:0, instance:runner.approval.HRISTableDataCutiRunner@dc7df28]" started-at="2022-07-14T20:33:55 ICT" name="runScenario" description="Runs Cucumber Scenarios" data-provider="scenarios" finished-at="2022-07-14T20:34:44 ICT" duration-ms="49304" status="PASS">
          <params>
            <param index="0">
              <value>
                <![CDATA["Status returned column"]]>
              </value>
            </param>
            <param index="1">
              <value>
                <![CDATA["Bucket Data Approval"]]>
              </value>
            </param>
          </params>
          <reporter-output>
          </reporter-output>
        </test-method> <!-- runScenario -->
        <test-method signature="runScenario(io.cucumber.testng.PickleWrapper,io.cucumber.testng.FeatureWrapper)[pri:0, instance:runner.approval.HRISTableDataCutiRunner@dc7df28]" started-at="2022-07-14T20:34:44 ICT" name="runScenario" description="Runs Cucumber Scenarios" data-provider="scenarios" finished-at="2022-07-14T20:35:17 ICT" duration-ms="32857" status="PASS">
          <params>
            <param index="0">
              <value>
                <![CDATA["Status rejected column"]]>
              </value>
            </param>
            <param index="1">
              <value>
                <![CDATA["Bucket Data Approval"]]>
              </value>
            </param>
          </params>
          <reporter-output>
          </reporter-output>
        </test-method> <!-- runScenario -->
        <test-method signature="runScenario(io.cucumber.testng.PickleWrapper,io.cucumber.testng.FeatureWrapper)[pri:0, instance:runner.approval.HRISTableDataCutiRunner@dc7df28]" started-at="2022-07-14T20:35:17 ICT" name="runScenario" description="Runs Cucumber Scenarios" data-provider="scenarios" finished-at="2022-07-14T20:35:58 ICT" duration-ms="40479" status="PASS">
          <params>
            <param index="0">
              <value>
                <![CDATA["Status approved column"]]>
              </value>
            </param>
            <param index="1">
              <value>
                <![CDATA["Bucket Data Approval"]]>
              </value>
            </param>
          </params>
          <reporter-output>
          </reporter-output>
        </test-method> <!-- runScenario -->
        <test-method signature="runScenario(io.cucumber.testng.PickleWrapper,io.cucumber.testng.FeatureWrapper)[pri:0, instance:runner.approval.HRISTableDataCutiRunner@dc7df28]" started-at="2022-07-14T20:35:58 ICT" name="runScenario" description="Runs Cucumber Scenarios" data-provider="scenarios" finished-at="2022-07-14T20:36:34 ICT" duration-ms="36230" status="PASS">
          <params>
            <param index="0">
              <value>
                <![CDATA["Action new column"]]>
              </value>
            </param>
            <param index="1">
              <value>
                <![CDATA["Bucket Data Approval"]]>
              </value>
            </param>
          </params>
          <reporter-output>
          </reporter-output>
        </test-method> <!-- runScenario -->
        <test-method signature="runScenario(io.cucumber.testng.PickleWrapper,io.cucumber.testng.FeatureWrapper)[pri:0, instance:runner.approval.HRISTableDataCutiRunner@dc7df28]" started-at="2022-07-14T20:36:34 ICT" name="runScenario" description="Runs Cucumber Scenarios" data-provider="scenarios" finished-at="2022-07-14T20:37:25 ICT" duration-ms="51531" status="PASS">
          <params>
            <param index="0">
              <value>
                <![CDATA["Action returned column"]]>
              </value>
            </param>
            <param index="1">
              <value>
                <![CDATA["Bucket Data Approval"]]>
              </value>
            </param>
          </params>
          <reporter-output>
          </reporter-output>
        </test-method> <!-- runScenario -->
        <test-method signature="runScenario(io.cucumber.testng.PickleWrapper,io.cucumber.testng.FeatureWrapper)[pri:0, instance:runner.approval.HRISTableDataCutiRunner@dc7df28]" started-at="2022-07-14T20:37:25 ICT" name="runScenario" description="Runs Cucumber Scenarios" data-provider="scenarios" finished-at="2022-07-14T20:37:59 ICT" duration-ms="33219" status="PASS">
          <params>
            <param index="0">
              <value>
                <![CDATA["Action rejected column"]]>
              </value>
            </param>
            <param index="1">
              <value>
                <![CDATA["Bucket Data Approval"]]>
              </value>
            </param>
          </params>
          <reporter-output>
          </reporter-output>
        </test-method> <!-- runScenario -->
        <test-method signature="runScenario(io.cucumber.testng.PickleWrapper,io.cucumber.testng.FeatureWrapper)[pri:0, instance:runner.approval.HRISTableDataCutiRunner@dc7df28]" started-at="2022-07-14T20:37:59 ICT" name="runScenario" description="Runs Cucumber Scenarios" data-provider="scenarios" finished-at="2022-07-14T20:38:57 ICT" duration-ms="58268" status="PASS">
          <params>
            <param index="0">
              <value>
                <![CDATA["Action approved column"]]>
              </value>
            </param>
            <param index="1">
              <value>
                <![CDATA["Bucket Data Approval"]]>
              </value>
            </param>
          </params>
          <reporter-output>
          </reporter-output>
        </test-method> <!-- runScenario -->
        <test-method signature="runScenario(io.cucumber.testng.PickleWrapper,io.cucumber.testng.FeatureWrapper)[pri:0, instance:runner.approval.HRISTableDataCutiRunner@dc7df28]" started-at="2022-07-14T20:38:57 ICT" name="runScenario" description="Runs Cucumber Scenarios" data-provider="scenarios" finished-at="2022-07-14T20:39:36 ICT" duration-ms="39651" status="PASS">
          <params>
            <param index="0">
              <value>
                <![CDATA["Action edit pressed"]]>
              </value>
            </param>
            <param index="1">
              <value>
                <![CDATA["Bucket Data Approval"]]>
              </value>
            </param>
          </params>
          <reporter-output>
          </reporter-output>
        </test-method> <!-- runScenario -->
        <test-method is-config="true" signature="tearDownClass()[pri:0, instance:runner.approval.HRISTableDataCutiRunner@dc7df28]" started-at="2022-07-14T20:39:36 ICT" name="tearDownClass" finished-at="2022-07-14T20:39:36 ICT" duration-ms="2" status="PASS">
          <reporter-output>
          </reporter-output>
        </test-method> <!-- tearDownClass -->
      </class> <!-- runner.approval.HRISTableDataCutiRunner -->
      <class name="runner.pengajuan.HRISCountTanggalCutiRunner">
        <test-method is-config="true" signature="setUpClass(org.testng.ITestContext)[pri:0, instance:runner.pengajuan.HRISCountTanggalCutiRunner@50378a4]" started-at="2022-07-14T21:04:42 ICT" name="setUpClass" finished-at="2022-07-14T21:04:42 ICT" duration-ms="17" status="PASS">
          <params>
            <param index="0">
              <value>
                <![CDATA[org.testng.TestRunner@101f929c]]>
              </value>
            </param>
          </params>
          <reporter-output>
          </reporter-output>
        </test-method> <!-- setUpClass -->
        <test-method signature="runScenario(io.cucumber.testng.PickleWrapper,io.cucumber.testng.FeatureWrapper)[pri:0, instance:runner.pengajuan.HRISCountTanggalCutiRunner@50378a4]" started-at="2022-07-14T21:04:42 ICT" name="runScenario" description="Runs Cucumber Scenarios" data-provider="scenarios" finished-at="2022-07-14T21:05:02 ICT" duration-ms="20374" status="PASS">
          <params>
            <param index="0">
              <value>
                <![CDATA["Cuti type Annual and count date "LESS" than 12"]]>
              </value>
            </param>
            <param index="1">
              <value>
                <![CDATA["Bucket Data Pengajuan"]]>
              </value>
            </param>
          </params>
          <reporter-output>
          </reporter-output>
        </test-method> <!-- runScenario -->
        <test-method signature="runScenario(io.cucumber.testng.PickleWrapper,io.cucumber.testng.FeatureWrapper)[pri:0, instance:runner.pengajuan.HRISCountTanggalCutiRunner@50378a4]" started-at="2022-07-14T21:05:02 ICT" name="runScenario" description="Runs Cucumber Scenarios" data-provider="scenarios" finished-at="2022-07-14T21:05:23 ICT" duration-ms="21254" status="PASS">
          <params>
            <param index="0">
              <value>
                <![CDATA["Cuti type Annual and count date "EQUALS" 12"]]>
              </value>
            </param>
            <param index="1">
              <value>
                <![CDATA["Bucket Data Pengajuan"]]>
              </value>
            </param>
          </params>
          <reporter-output>
          </reporter-output>
        </test-method> <!-- runScenario -->
        <test-method signature="runScenario(io.cucumber.testng.PickleWrapper,io.cucumber.testng.FeatureWrapper)[pri:0, instance:runner.pengajuan.HRISCountTanggalCutiRunner@50378a4]" started-at="2022-07-14T21:05:23 ICT" name="runScenario" description="Runs Cucumber Scenarios" data-provider="scenarios" finished-at="2022-07-14T21:05:36 ICT" duration-ms="12291" status="PASS">
          <params>
            <param index="0">
              <value>
                <![CDATA["Cuti type Annual and count date "MORE" than 12"]]>
              </value>
            </param>
            <param index="1">
              <value>
                <![CDATA["Bucket Data Pengajuan"]]>
              </value>
            </param>
          </params>
          <reporter-output>
          </reporter-output>
        </test-method> <!-- runScenario -->
        <test-method signature="runScenario(io.cucumber.testng.PickleWrapper,io.cucumber.testng.FeatureWrapper)[pri:0, instance:runner.pengajuan.HRISCountTanggalCutiRunner@50378a4]" started-at="2022-07-14T21:05:36 ICT" name="runScenario" description="Runs Cucumber Scenarios" data-provider="scenarios" finished-at="2022-07-14T21:05:57 ICT" duration-ms="21247" status="PASS">
          <params>
            <param index="0">
              <value>
                <![CDATA["Cuti type Special and count date "LESS" than max count"]]>
              </value>
            </param>
            <param index="1">
              <value>
                <![CDATA["Bucket Data Pengajuan"]]>
[...]
          <params>
            <param index="0">
              <value>
                <![CDATA[org.testng.TestRunner@101f929c]]>
              </value>
            </param>
          </params>
          <reporter-output>
          </reporter-output>
        </test-method> <!-- setUpClass -->
        <test-method signature="runScenario(io.cucumber.testng.PickleWrapper,io.cucumber.testng.FeatureWrapper)[pri:0, instance:runner.dashboard.HRISDashboardMNGRRunner@6a8658ff]" started-at="2022-07-14T20:22:34 ICT" name="runScenario" description="Runs Cucumber Scenarios" data-provider="scenarios" finished-at="2022-07-14T20:22:48 ICT" duration-ms="13771" status="PASS">
          <params>
            <param index="0">
              <value>
                <![CDATA["Show Home Page"]]>
              </value>
            </param>
            <param index="1">
              <value>
                <![CDATA["Dashboard"]]>
              </value>
            </param>
          </params>
          <reporter-output>
          </reporter-output>
        </test-method> <!-- runScenario -->
        <test-method signature="runScenario(io.cucumber.testng.PickleWrapper,io.cucumber.testng.FeatureWrapper)[pri:0, instance:runner.dashboard.HRISDashboardMNGRRunner@6a8658ff]" started-at="2022-07-14T20:22:48 ICT" name="runScenario" description="Runs Cucumber Scenarios" data-provider="scenarios" finished-at="2022-07-14T20:23:04 ICT" duration-ms="15982" status="PASS">
          <params>
            <param index="0">
              <value>
                <![CDATA["Show Signature Page"]]>
              </value>
            </param>
            <param index="1">
              <value>
                <![CDATA["Dashboard"]]>
              </value>
            </param>
          </params>
          <reporter-output>
          </reporter-output>
        </test-method> <!-- runScenario -->
        <test-method signature="runScenario(io.cucumber.testng.PickleWrapper,io.cucumber.testng.FeatureWrapper)[pri:0, instance:runner.dashboard.HRISDashboardMNGRRunner@6a8658ff]" started-at="2022-07-14T20:23:04 ICT" name="runScenario" description="Runs Cucumber Scenarios" data-provider="scenarios" finished-at="2022-07-14T20:23:19 ICT" duration-ms="15342" status="PASS">
          <params>
            <param index="0">
              <value>
                <![CDATA["Show Approval Cuti Page from My Task"]]>
              </value>
            </param>
            <param index="1">
              <value>
                <![CDATA["Dashboard"]]>
              </value>
            </param>
          </params>
          <reporter-output>
          </reporter-output>
        </test-method> <!-- runScenario -->
        <test-method signature="runScenario(io.cucumber.testng.PickleWrapper,io.cucumber.testng.FeatureWrapper)[pri:0, instance:runner.dashboard.HRISDashboardMNGRRunner@6a8658ff]" started-at="2022-07-14T20:23:19 ICT" name="runScenario" description="Runs Cucumber Scenarios" data-provider="scenarios" finished-at="2022-07-14T20:23:34 ICT" duration-ms="14925" status="PASS">
          <params>
            <param index="0">
              <value>
                <![CDATA["Show Approval Cuti Page from Navbar"]]>
              </value>
            </param>
            <param index="1">
              <value>
                <![CDATA["Dashboard"]]>
              </value>
            </param>
          </params>
          <reporter-output>
          </reporter-output>
        </test-method> <!-- runScenario -->
        <test-method is-config="true" signature="tearDownClass()[pri:0, instance:runner.dashboard.HRISDashboardMNGRRunner@6a8658ff]" started-at="2022-07-14T20:23:34 ICT" name="tearDownClass" finished-at="2022-07-14T20:23:34 ICT" duration-ms="0" status="PASS">
          <reporter-output>
          </reporter-output>
        </test-method> <!-- tearDownClass -->
      </class> <!-- runner.dashboard.HRISDashboardMNGRRunner -->
      <class name="runner.pengajuan.HRISTableDataCutiRunner">
        <test-method is-config="true" signature="setUpClass(org.testng.ITestContext)[pri:0, instance:runner.pengajuan.HRISTableDataCutiRunner@25df00a0]" started-at="2022-07-14T20:50:54 ICT" name="setUpClass" finished-at="2022-07-14T20:50:54 ICT" duration-ms="20" status="PASS">
          <params>
            <param index="0">
              <value>
                <![CDATA[org.testng.TestRunner@101f929c]]>
              </value>
            </param>
          </params>
          <reporter-output>
          </reporter-output>
        </test-method> <!-- setUpClass -->
        <test-method signature="runScenario(io.cucumber.testng.PickleWrapper,io.cucumber.testng.FeatureWrapper)[pri:0, instance:runner.pengajuan.HRISTableDataCutiRunner@25df00a0]" started-at="2022-07-14T20:50:54 ICT" name="runScenario" description="Runs Cucumber Scenarios" data-provider="scenarios" finished-at="2022-07-14T20:51:16 ICT" duration-ms="21790" status="PASS">
          <params>
            <param index="0">
              <value>
                <![CDATA["Leave column"]]>
              </value>
            </param>
            <param index="1">
              <value>
                <![CDATA["Bucket Data Pengajuan"]]>
              </value>
            </param>
          </params>
          <reporter-output>
          </reporter-output>
        </test-method> <!-- runScenario -->
        <test-method signature="runScenario(io.cucumber.testng.PickleWrapper,io.cucumber.testng.FeatureWrapper)[pri:0, instance:runner.pengajuan.HRISTableDataCutiRunner@25df00a0]" started-at="2022-07-14T20:51:16 ICT" name="runScenario" description="Runs Cucumber Scenarios" data-provider="scenarios" finished-at="2022-07-14T20:51:37 ICT" duration-ms="20758" status="PASS">
          <params>
            <param index="0">
              <value>
                <![CDATA["Count column"]]>
              </value>
            </param>
            <param index="1">
              <value>
                <![CDATA["Bucket Data Pengajuan"]]>
              </value>
            </param>
          </params>
          <reporter-output>
          </reporter-output>
        </test-method> <!-- runScenario -->
        <test-method signature="runScenario(io.cucumber.testng.PickleWrapper,io.cucumber.testng.FeatureWrapper)[pri:0, instance:runner.pengajuan.HRISTableDataCutiRunner@25df00a0]" started-at="2022-07-14T20:51:37 ICT" name="runScenario" description="Runs Cucumber Scenarios" data-provider="scenarios" finished-at="2022-07-14T20:51:58 ICT" duration-ms="21844" status="PASS">
          <params>
            <param index="0">
              <value>
                <![CDATA["Type column"]]>
              </value>
            </param>
            <param index="1">
              <value>
                <![CDATA["Bucket Data Pengajuan"]]>
              </value>
            </param>
          </params>
          <reporter-output>
          </reporter-output>
        </test-method> <!-- runScenario -->
        <test-method signature="runScenario(io.cucumber.testng.PickleWrapper,io.cucumber.testng.FeatureWrapper)[pri:0, instance:runner.pengajuan.HRISTableDataCutiRunner@25df00a0]" started-at="2022-07-14T20:51:58 ICT" name="runScenario" description="Runs Cucumber Scenarios" data-provider="scenarios" finished-at="2022-07-14T20:52:22 ICT" duration-ms="23847" status="PASS">
          <params>
            <param index="0">
              <value>
                <![CDATA["Status column init"]]>
              </value>
            </param>
            <param index="1">
              <value>
                <![CDATA["Bucket Data Pengajuan"]]>
              </value>
            </param>
          </params>
          <reporter-output>
          </reporter-output>
        </test-method> <!-- runScenario -->
        <test-method signature="runScenario(io.cucumber.testng.PickleWrapper,io.cucumber.testng.FeatureWrapper)[pri:0, instance:runner.pengajuan.HRISTableDataCutiRunner@25df00a0]" started-at="2022-07-14T20:52:22 ICT" name="runScenario" description="Runs Cucumber Scenarios" data-provider="scenarios" finished-at="2022-07-14T20:53:12 ICT" duration-ms="50188" status="PASS">
          <params>
            <param index="0">
              <value>
                <![CDATA["Status column returned"]]>
              </value>
            </param>
            <param index="1">
              <value>
                <![CDATA["Bucket Data Pengajuan"]]>
              </value>
            </param>
          </params>
          <reporter-output>
          </reporter-output>
        </test-method> <!-- runScenario -->
        <test-method signature="runScenario(io.cucumber.testng.PickleWrapper,io.cucumber.testng.FeatureWrapper)[pri:0, instance:runner.pengajuan.HRISTableDataCutiRunner@25df00a0]" started-at="2022-07-14T20:53:12 ICT" name="runScenario" description="Runs Cucumber Scenarios" data-provider="scenarios" finished-at="2022-07-14T20:53:53 ICT" duration-ms="40486" status="PASS">
          <params>
            <param index="0">
              <value>
                <![CDATA["Status column rejected"]]>
              </value>
            </param>
            <param index="1">
              <value>
                <![CDATA["Bucket Data Pengajuan"]]>
              </value>
            </param>
          </params>
          <reporter-output>
          </reporter-output>
        </test-method> <!-- runScenario -->
        <test-method signature="runScenario(io.cucumber.testng.PickleWrapper,io.cucumber.testng.FeatureWrapper)[pri:0, instance:runner.pengajuan.HRISTableDataCutiRunner@25df00a0]" started-at="2022-07-14T20:53:53 ICT" name="runScenario" description="Runs Cucumber Scenarios" data-provider="scenarios" finished-at="2022-07-14T20:54:35 ICT" duration-ms="42230" status="PASS">
          <params>
            <param index="0">
              <value>
                <![CDATA["Status column approved"]]>
              </value>
            </param>
            <param index="1">
              <value>
                <![CDATA["Bucket Data Pengajuan"]]>
              </value>
            </param>
          </params>
          <reporter-output>
          </reporter-output>
        </test-method> <!-- runScenario -->
        <test-method signature="runScenario(io.cucumber.testng.PickleWrapper,io.cucumber.testng.FeatureWrapper)[pri:0, instance:runner.pengajuan.HRISTableDataCutiRunner@25df00a0]" started-at="2022-07-14T20:54:35 ICT" name="runScenario" description="Runs Cucumber Scenarios" data-provider="scenarios" finished-at="2022-07-14T20:54:58 ICT" duration-ms="23160" status="PASS">
          <params>
            <param index="0">
              <value>
                <![CDATA["Action column init"]]>
              </value>
            </param>
            <param index="1">
              <value>
                <![CDATA["Bucket Data Pengajuan"]]>
              </value>
            </param>
          </params>
          <reporter-output>
          </reporter-output>
        </test-method> <!-- runScenario -->
        <test-method signature="runScenario(io.cucumber.testng.PickleWrapper,io.cucumber.testng.FeatureWrapper)[pri:0, instance:runner.pengajuan.HRISTableDataCutiRunner@25df00a0]" started-at="2022-07-14T20:54:58 ICT" name="runScenario" description="Runs Cucumber Scenarios" data-provider="scenarios" finished-at="2022-07-14T20:55:48 ICT" duration-ms="49570" status="PASS">
          <params>
            <param index="0">
              <value>
                <![CDATA["Action column returned"]]>
              </value>
            </param>
            <param index="1">
              <value>
                <![CDATA["Bucket Data Pengajuan"]]>
              </value>
            </param>
          </params>
          <reporter-output>
          </reporter-output>
        </test-method> <!-- runScenario -->
        <test-method signature="runScenario(io.cucumber.testng.PickleWrapper,io.cucumber.testng.FeatureWrapper)[pri:0, instance:runner.pengajuan.HRISTableDataCutiRunner@25df00a0]" started-at="2022-07-14T20:55:48 ICT" name="runScenario" description="Runs Cucumber Scenarios" data-provider="scenarios" finished-at="2022-07-14T20:56:25 ICT" duration-ms="37332" status="PASS">
          <params>
            <param index="0">
              <value>
                <![CDATA["Action column rejected"]]>
              </value>
            </param>
            <param index="1">
              <value>
                <![CDATA["Bucket Data Pengajuan"]]>
              </value>
            </param>
          </params>
          <reporter-output>
          </reporter-output>
        </test-method> <!-- runScenario -->
        <test-method signature="runScenario(io.cucumber.testng.PickleWrapper,io.cucumber.testng.FeatureWrapper)[pri:0, instance:runner.pengajuan.HRISTableDataCutiRunner@25df00a0]" started-at="2022-07-14T20:56:25 ICT" name="runScenario" description="Runs Cucumber Scenarios" data-provider="scenarios" finished-at="2022-07-14T20:57:10 ICT" duration-ms="44804" status="PASS">
          <params>
            <param index="0">
              <value>
                <![CDATA["Action column approved"]]>
              </value>
            </param>
            <param index="1">
              <value>
                <![CDATA["Bucket Data Pengajuan"]]>
              </value>
            </param>
          </params>
          <reporter-output>
          </reporter-output>
        </test-method> <!-- runScenario -->
        <test-method signature="runScenario(io.cucumber.testng.PickleWrapper,io.cucumber.testng.FeatureWrapper)[pri:0, instance:runner.pengajuan.HRISTableDataCutiRunner@25df00a0]" started-at="2022-07-14T20:57:10 ICT" name="runScenario" description="Runs Cucumber Scenarios" data-provider="scenarios" finished-at="2022-07-14T20:57:20 ICT" duration-ms="10428" status="PASS">
          <params>
            <param index="0">
              <value>
                <![CDATA["Empty table"]]>
              </value>
            </param>
            <param index="1">
              <value>
                <![CDATA["Bucket Data Pengajuan"]]>
              </value>
            </param>
          </params>
          <reporter-output>
          </reporter-output>
        </test-method> <!-- runScenario -->
        <test-method is-config="true" signature="tearDownClass()[pri:0, instance:runner.pengajuan.HRISTableDataCutiRunner@25df00a0]" started-at="2022-07-14T20:57:20 ICT" name="tearDownClass" finished-at="2022-07-14T20:57:20 ICT" duration-ms="3" status="PASS">
          <reporter-output>
          </reporter-output>
        </test-method> <!-- tearDownClass -->
      </class> <!-- runner.pengajuan.HRISTableDataCutiRunner -->
      <class name="runner.approval.HRISCloseModalRunner">
        <test-method is-config="true" signature="setUpClass(org.testng.ITestContext)[pri:0, instance:runner.approval.HRISCloseModalRunner@333d4a8c]" started-at="2022-07-14T20:25:57 ICT" name="setUpClass" finished-at="2022-07-14T20:25:57 ICT" duration-ms="12" status="PASS">
          <params>
            <param index="0">
              <value>
                <![CDATA[org.testng.TestRunner@101f929c]]>
              </value>
            </param>
          </params>
          <reporter-output>
          </reporter-output>
        </test-method> <!-- setUpClass -->
        <test-method signature="runScenario(io.cucumber.testng.PickleWrapper,io.cucumber.testng.FeatureWrapper)[pri:0, instance:runner.approval.HRISCloseModalRunner@333d4a8c]" started-at="2022-07-14T20:25:57 ICT" name="runScenario" description="Runs Cucumber Scenarios" data-provider="scenarios" finished-at="2022-07-14T20:26:31 ICT" duration-ms="34208" status="FAIL">
          <params>
            <param index="0">
              <value>
                <![CDATA["Tanggal cuti in approval"]]>
              </value>
            </param>
            <param index="1">
              <value>
                <![CDATA["Bucket Data Approval"]]>
              </value>
            </param>
          </params>
          <exception class="java.lang.NullPointerException">
            <full-stacktrace>
              <![CDATA[java.lang.NullPointerException
at java.base/java.util.Calendar.setTime(Calendar.java:1800)
at java.base/java.text.SimpleDateFormat.format(SimpleDateFormat.java:974)
at java.base/java.text.SimpleDateFormat.format(SimpleDateFormat.java:967)
at java.base/java.text.DateFormat.format(DateFormat.java:374)
at definitions.data.HRISBukcetDataDefine.validateModal(HRISBukcetDataDefine.java:686)
at ?.User validate modal "tanggal"(file:///D:/Project/Java/TestNG/HRIS/src/test/resources/features/003-MODUL%20APPROVAL/HRISCloseModal.feature:19)
]]>
            </full-stacktrace>
          </exception> <!-- java.lang.NullPointerException -->
          <reporter-output>
            <line>
              <![CDATA[<img src='file://D:\Project\Java\TestNG\HRIS\src\test\resources\SS\20220714_202631.PNG'height="350" width="792"/>]]>
            </line>
          </reporter-output>
        </test-method> <!-- runScenario -->
        <test-method signature="runScenario(io.cucumber.testng.PickleWrapper,io.cucumber.testng.FeatureWrapper)[pri:0, instance:runner.approval.HRISCloseModalRunner@333d4a8c]" started-at="2022-07-14T20:26:31 ICT" name="runScenario" description="Runs Cucumber Scenarios" data-provider="scenarios" finished-at="2022-07-14T20:27:07 ICT" duration-ms="36221" status="PASS">
          <params>
            <param index="0">
              <value>
                <![CDATA["Close modal with close"]]>
              </value>
            </param>
            <param index="1">
              <value>
                <![CDATA["Bucket Data Approval"]]>
              </value>
            </param>
          </params>
          <reporter-output>
          </reporter-output>
        </test-method> <!-- runScenario -->
        <test-method signature="runScenario(io.cucumber.testng.PickleWrapper,io.cucumber.testng.FeatureWrapper)[pri:0, instance:runner.approval.HRISCloseModalRunner@333d4a8c]" started-at="2022-07-14T20:27:07 ICT" name="runScenario" description="Runs Cucumber Scenarios" data-provider="scenarios" finished-at="2022-07-14T20:27:44 ICT" duration-ms="36083" status="PASS">
          <params>
            <param index="0">
              <value>
                <![CDATA["Close modal with cross"]]>
              </value>
            </param>
            <param index="1">
              <value>
                <![CDATA["Bucket Data Approval"]]>
              </value>
            </param>
          </params>
          <reporter-output>
          </reporter-output>
        </test-method> <!-- runScenario -->
        <test-method signature="runScenario(io.cucumber.testng.PickleWrapper,io.cucumber.testng.FeatureWrapper)[pri:0, instance:runner.approval.HRISCloseModalRunner@333d4a8c]" started-at="2022-07-14T20:27:44 ICT" name="runScenario" description="Runs Cucumber Scenarios" data-provider="scenarios" finished-at="2022-07-14T20:28:17 ICT" duration-ms="33515" status="PASS">
          <params>
            <param index="0">
              <value>
                <![CDATA["Close modal with leave modal"]]>
              </value>
            </param>
            <param index="1">
              <value>
                <![CDATA["Bucket Data Approval"]]>
              </value>
            </param>
          </params>
          <reporter-output>
          </reporter-output>
        </test-method> <!-- runScenario -->
        <test-method is-config="true" signature="tearDownClass()[pri:0, instance:runner.approval.HRISCloseModalRunner@333d4a8c]" started-at="2022-07-14T20:28:17 ICT" name="tearDownClass" finished-at="2022-07-14T20:28:17 ICT" duration-ms="16" status="PASS">
          <reporter-output>
          </reporter-output>
        </test-method> <!-- tearDownClass -->
      </class> <!-- runner.approval.HRISCloseModalRunner -->
    </test> <!-- Data -->
  </suite> <!-- HRIS Employee -->
</testng-results>
