<?xml version="1.0" encoding="UTF-8"?>
<!-- Generated by org.testng.reporters.JUnitReportReporter -->
<testsuite hostname="DESKTOP-S76SA9N" failures="1" tests="5" name="runner.approval.HRISNotesRunner" time="150.155" errors="0" timestamp="2022-07-13T01:46:46 ICT" skipped="0">
  <testcase classname="runner.approval.HRISNotesRunner" name="runScenario" time="29.382"/>
  <system-out/>
  <testcase classname="runner.approval.HRISNotesRunner" name="runScenario" time="29.719"/>
  <system-out/>
  <testcase classname="runner.approval.HRISNotesRunner" name="runScenario" time="29.193"/>
  <system-out/>
  <testcase classname="runner.approval.HRISNotesRunner" name="runScenario" time="32.455">
    <failure message="expected [true] but found [false]" type="java.lang.AssertionError">
      <![CDATA[java.lang.AssertionError: expected [true] but found [false]
at org.testng.Assert.fail(Assert.java:110)
at org.testng.Assert.failNotEquals(Assert.java:1413)
at org.testng.Assert.assertTrue(Assert.java:56)
at org.testng.Assert.assertTrue(Assert.java:66)
at definitions.data.HRISBukcetDataDefine.validateApprovalNotes(HRISBukcetDataDefine.java:749)
at ✽.User validate approval notes "reject" button(file:///D:/Project/Java/TestNG/HRIS/src/test/resources/features/003-MODUL%20APPROVAL/HRISNotes.feature:45)
]]>
    </failure>
  </testcase> <!-- runScenario -->
  <system-out>
    <![CDATA[<img src='file://D:\Project\Java\TestNG\HRIS\src\test\resources\SS\20220713_005206Empty field note.PNG'height="350" width="792"/>]]>
  </system-out>
  <testcase classname="runner.approval.HRISNotesRunner" name="runScenario" time="29.406"/>
  <system-out/>
</testsuite> <!-- runner.approval.HRISNotesRunner -->
