<?xml version="1.0" encoding="UTF-8"?>
<!-- Generated by org.testng.reporters.JUnitReportReporter -->
<testsuite hostname="DESKTOP-S76SA9N" failures="1" tests="7" name="runner.pengajuan.HRISTanggalCutiRunner" time="133.135" errors="0" timestamp="2022-07-09T02:32:38 ICT" skipped="0">
  <testcase classname="runner.pengajuan.HRISTanggalCutiRunner" name="runScenario" time="9.349"/>
  <system-out/>
  <testcase classname="runner.pengajuan.HRISTanggalCutiRunner" name="runScenario" time="16.892"/>
  <system-out/>
  <testcase classname="runner.pengajuan.HRISTanggalCutiRunner" name="runScenario" time="10.097"/>
  <system-out/>
  <testcase classname="runner.pengajuan.HRISTanggalCutiRunner" name="runScenario" time="18.734"/>
  <system-out/>
  <testcase classname="runner.pengajuan.HRISTanggalCutiRunner" name="runScenario" time="41.610">
    <failure message="expected [true] but found [false]" type="java.lang.AssertionError">
      <![CDATA[java.lang.AssertionError: expected [true] but found [false]
at org.testng.Assert.fail(Assert.java:110)
at org.testng.Assert.failNotEquals(Assert.java:1413)
at org.testng.Assert.assertTrue(Assert.java:56)
at org.testng.Assert.assertTrue(Assert.java:66)
at definitions.data.HRISBukcetDataDefine.checkAction(HRISBukcetDataDefine.java:399)
at ✽.Check action(file:///D:/Project/Java/TestNG/HRIS/src/test/resources/features/003-MODUL%20PENGAJUAN%20CUTI/HRISTanggalCuti.feature:14)
]]>
    </failure>
  </testcase> <!-- runScenario -->
  <system-out/>
  <testcase classname="runner.pengajuan.HRISTanggalCutiRunner" name="runScenario" time="17.480"/>
  <system-out/>
  <testcase classname="runner.pengajuan.HRISTanggalCutiRunner" name="runScenario" time="18.973"/>
  <system-out/>
</testsuite> <!-- runner.pengajuan.HRISTanggalCutiRunner -->
