<?xml version="1.0" encoding="UTF-8"?>
<!-- Generated by org.testng.reporters.JUnitReportReporter -->
<testsuite hostname="DESKTOP-S76SA9N" failures="1" tests="12" name="runner.pengajuan.HRISActionButtonRunner" time="407.591" errors="0" timestamp="2022-07-12T14:57:57 ICT" skipped="0">
  <testcase classname="runner.pengajuan.HRISActionButtonRunner" name="runScenario" time="20.411"/>
  <system-out/>
  <testcase classname="runner.pengajuan.HRISActionButtonRunner" name="runScenario" time="38.323"/>
  <system-out/>
  <testcase classname="runner.pengajuan.HRISActionButtonRunner" name="runScenario" time="41.512"/>
  <system-out/>
  <testcase classname="runner.pengajuan.HRISActionButtonRunner" name="runScenario" time="47.903"/>
  <system-out/>
  <testcase classname="runner.pengajuan.HRISActionButtonRunner" name="runScenario" time="35.730">
    <failure message="expected [Special] but found []" type="java.lang.AssertionError">
      <![CDATA[java.lang.AssertionError: expected [Special] but found []
at org.testng.Assert.fail(Assert.java:110)
at org.testng.Assert.failNotEquals(Assert.java:1413)
at org.testng.Assert.assertEqualsImpl(Assert.java:149)
at org.testng.Assert.assertEquals(Assert.java:131)
at org.testng.Assert.assertEquals(Assert.java:655)
at org.testng.Assert.assertEquals(Assert.java:665)
at definitions.data.HRISBukcetDataDefine.validateSelectType(HRISBukcetDataDefine.java:311)
at ✽.User validate select type "Special"(file:///D:/Project/Java/TestNG/HRIS/src/test/resources/features/003-MODUL%20PENGAJUAN%20CUTI/HRISActionButton.feature:125)
]]>
    </failure>
  </testcase> <!-- runScenario -->
  <system-out/>
  <testcase classname="runner.pengajuan.HRISActionButtonRunner" name="runScenario" time="38.834"/>
  <system-out/>
  <testcase classname="runner.pengajuan.HRISActionButtonRunner" name="runScenario" time="43.382"/>
  <system-out/>
  <testcase classname="runner.pengajuan.HRISActionButtonRunner" name="runScenario" time="40.624"/>
  <system-out/>
  <testcase classname="runner.pengajuan.HRISActionButtonRunner" name="runScenario" time="35.482"/>
  <system-out/>
  <testcase classname="runner.pengajuan.HRISActionButtonRunner" name="runScenario" time="24.927"/>
  <system-out/>
  <testcase classname="runner.pengajuan.HRISActionButtonRunner" name="runScenario" time="19.159"/>
  <system-out/>
  <testcase classname="runner.pengajuan.HRISActionButtonRunner" name="runScenario" time="21.304"/>
  <system-out/>
</testsuite> <!-- runner.pengajuan.HRISActionButtonRunner -->
