<?xml version="1.0" encoding="UTF-8"?>
<!-- Generated by org.testng.reporters.JUnitReportReporter -->
<testsuite hostname="DESKTOP-S76SA9N" failures="0" tests="4" name="runner.approval.HRISCloseModalRunner" time="140.027" errors="1" timestamp="2022-07-14T21:24:32 ICT" skipped="0">
  <testcase classname="runner.approval.HRISCloseModalRunner" name="runScenario" time="33.515"/>
  <system-out/>
  <testcase classname="runner.approval.HRISCloseModalRunner" name="runScenario" time="36.221"/>
  <system-out/>
  <testcase classname="runner.approval.HRISCloseModalRunner" name="runScenario" time="36.083"/>
  <system-out/>
  <testcase classname="runner.approval.HRISCloseModalRunner" name="runScenario" time="34.208">
    <error type="java.lang.NullPointerException">
      <![CDATA[java.lang.NullPointerException
at java.base/java.util.Calendar.setTime(Calendar.java:1800)
at java.base/java.text.SimpleDateFormat.format(SimpleDateFormat.java:974)
at java.base/java.text.SimpleDateFormat.format(SimpleDateFormat.java:967)
at java.base/java.text.DateFormat.format(DateFormat.java:374)
at definitions.data.HRISBukcetDataDefine.validateModal(HRISBukcetDataDefine.java:686)
at ✽.User validate modal "tanggal"(file:///D:/Project/Java/TestNG/HRIS/src/test/resources/features/003-MODUL%20APPROVAL/HRISCloseModal.feature:19)
]]>
    </error>
  </testcase> <!-- runScenario -->
  <system-out>
    <![CDATA[<img src='file://D:\Project\Java\TestNG\HRIS\src\test\resources\SS\20220714_202631.PNG'height="350" width="792"/>]]>
  </system-out>
</testsuite> <!-- runner.approval.HRISCloseModalRunner -->
