<?xml version="1.0" encoding="UTF-8"?>
<!-- Generated by org.testng.reporters.JUnitReportReporter -->
<testsuite hostname="DESKTOP-S76SA9N" failures="0" tests="20" name="runner.HRISCutiSpecialRunner" time="408.259" errors="1" timestamp="2022-07-06T23:09:53 ICT" skipped="0">
  <testcase classname="runner.HRISCutiSpecialRunner" name="runScenario" time="45.157">
    <error message="no such element: Unable to locate element: {&quot;method&quot;:&quot;xpath&quot;,&quot;selector&quot;:&quot;//button[normalize-space()=&#039;Yes, cancle it!&#039;]&quot;}
  (Session info: chrome=103.0.5060.114)
For documentation on this error, please visit: https://selenium.dev/exceptions/#no_such_element
Build info: version: &#039;4.0.0&#039;, revision: &#039;3a21814679&#039;
System info: host: &#039;DESKTOP-S76SA9N&#039;, ip: &#039;192.168.1.164&#039;, os.name: &#039;Windows 11&#039;, os.arch: &#039;amd64&#039;, os.version: &#039;10.0&#039;, java.version: &#039;11.0.15&#039;
Driver info: org.openqa.selenium.chrome.ChromeDriver
Command: [a67ff775f794158485e79ae337d14fac, findElement {using=xpath, value=//button[normalize-space()=&#039;Yes, cancle it!&#039;]}]
Capabilities {acceptInsecureCerts: false, browserName: chrome, browserVersion: 103.0.5060.114, chrome: {chromedriverVersion: 102.0.5005.61 (0e59bcc00cc4..., userDataDir: C:\Users\nexsoft\AppData\Lo...}, goog:chromeOptions: {debuggerAddress: localhost:50014}, javascriptEnabled: true, networkConnectionEnabled: false, pageLoadStrategy: normal, platform: WINDOWS, platformName: WINDOWS, proxy: Proxy(), se:cdp: ws://localhost:50014/devtoo..., se:cdpVersion: 103.0.5060.114, setWindowRect: true, strictFileInteractability: false, timeouts: {implicit: 0, pageLoad: 300000, script: 30000}, unhandledPromptBehavior: dismiss and notify, webauthn:extension:credBlob: true, webauthn:extension:largeBlob: true, webauthn:virtualAuthenticators: true}
Session ID: a67ff775f794158485e79ae337d14fac" type="org.openqa.selenium.NoSuchElementException">
      <![CDATA[org.openqa.selenium.NoSuchElementException: no such element: Unable to locate element: {"method":"xpath","selector":"//button[normalize-space()='Yes, cancle it!']"}
  (Session info: chrome=103.0.5060.114)
For documentation on this error, please visit: https://selenium.dev/exceptions/#no_such_element
Build info: version: '4.0.0', revision: '3a21814679'
System info: host: 'DESKTOP-S76SA9N', ip: '192.168.1.164', os.name: 'Windows 11', os.arch: 'amd64', os.version: '10.0', java.version: '11.0.15'
Driver info: org.openqa.selenium.chrome.ChromeDriver
Command: [a67ff775f794158485e79ae337d14fac, findElement {using=xpath, value=//button[normalize-space()='Yes, cancle it!']}]
Capabilities {acceptInsecureCerts: false, browserName: chrome, browserVersion: 103.0.5060.114, chrome: {chromedriverVersion: 102.0.5005.61 (0e59bcc00cc4..., userDataDir: C:\Users\nexsoft\AppData\Lo...}, goog:chromeOptions: {debuggerAddress: localhost:50014}, javascriptEnabled: true, networkConnectionEnabled: false, pageLoadStrategy: normal, platform: WINDOWS, platformName: WINDOWS, proxy: Proxy(), se:cdp: ws://localhost:50014/devtoo..., se:cdpVersion: 103.0.5060.114, setWindowRect: true, strictFileInteractability: false, timeouts: {implicit: 0, pageLoad: 300000, script: 30000}, unhandledPromptBehavior: dismiss and notify, webauthn:extension:credBlob: true, webauthn:extension:largeBlob: true, webauthn:virtualAuthenticators: true}
Session ID: a67ff775f794158485e79ae337d14fac
at java.base/jdk.internal.reflect.NativeConstructorAccessorImpl.newInstance0(Native Method)
at java.base/jdk.internal.reflect.NativeConstructorAccessorImpl.newInstance(NativeConstructorAccessorImpl.java:62)
at java.base/jdk.internal.reflect.DelegatingConstructorAccessorImpl.newInstance(DelegatingConstructorAccessorImpl.java:45)
at java.base/java.lang.reflect.Constructor.newInstance(Constructor.java:490)
at org.openqa.selenium.remote.codec.w3c.W3CHttpResponseCodec.createException(W3CHttpResponseCodec.java:200)
at org.openqa.selenium.remote.codec.w3c.W3CHttpResponseCodec.decode(W3CHttpResponseCodec.java:133)
at org.openqa.selenium.remote.codec.w3c.W3CHttpResponseCodec.decode(W3CHttpResponseCodec.java:53)
at org.openqa.selenium.remote.HttpCommandExecutor.execute(HttpCommandExecutor.java:184)
at org.openqa.selenium.remote.service.DriverCommandExecutor.invokeExecute(DriverCommandExecutor.java:164)
at org.openqa.selenium.remote.service.DriverCommandExecutor.execute(DriverCommandExecutor.java:139)
at org.openqa.selenium.remote.RemoteWebDriver.execute(RemoteWebDriver.java:559)
at org.openqa.selenium.remote.ElementLocation$ElementFinder$2.findElement(ElementLocation.java:162)
at org.openqa.selenium.remote.ElementLocation.findElement(ElementLocation.java:60)
at org.openqa.selenium.remote.RemoteWebDriver.findElement(RemoteWebDriver.java:383)
at org.openqa.selenium.remote.RemoteWebDriver.findElement(RemoteWebDriver.java:375)
at org.openqa.selenium.support.pagefactory.DefaultElementLocator.findElement(DefaultElementLocator.java:70)
at org.openqa.selenium.support.pagefactory.internal.LocatingElementHandler.invoke(LocatingElementHandler.java:39)
at com.sun.proxy.$Proxy28.click(Unknown Source)
at definitions.data.HRISBukcetDataDefine.deleteAnnual(HRISBukcetDataDefine.java:350)
at ✽.User delete data(file:///D:/Project/Java/TestNG/HRIS/src/test/resources/features/HRISCutiDateCount.feature:86)
]]>
    </error>
  </testcase> <!-- runScenario -->
  <system-out/>
  <testcase classname="runner.HRISCutiSpecialRunner" name="runScenario" time="21.857"/>
  <system-out/>
  <testcase classname="runner.HRISCutiSpecialRunner" name="runScenario" time="21.812"/>
  <system-out/>
  <testcase classname="runner.HRISCutiSpecialRunner" name="runScenario" time="15.553"/>
  <system-out/>
  <testcase classname="runner.HRISCutiSpecialRunner" name="runScenario" time="15.110"/>
  <system-out/>
  <testcase classname="runner.HRISCutiSpecialRunner" name="runScenario" time="21.244"/>
  <system-out/>
  <testcase classname="runner.HRISCutiSpecialRunner" name="runScenario" time="22.603"/>
  <system-out/>
  <testcase classname="runner.HRISCutiSpecialRunner" name="runScenario" time="22.575"/>
  <system-out/>
  <testcase classname="runner.HRISCutiSpecialRunner" name="runScenario" time="23.132"/>
  <system-out/>
  <testcase classname="runner.HRISCutiSpecialRunner" name="runScenario" time="20.146"/>
  <system-out/>
  <testcase classname="runner.HRISCutiSpecialRunner" name="runScenario" time="15.118"/>
  <system-out/>
  <testcase classname="runner.HRISCutiSpecialRunner" name="runScenario" time="20.901"/>
  <system-out/>
  <testcase classname="runner.HRISCutiSpecialRunner" name="runScenario" time="20.570"/>
  <system-out/>
  <testcase classname="runner.HRISCutiSpecialRunner" name="runScenario" time="15.866"/>
  <system-out/>
  <testcase classname="runner.HRISCutiSpecialRunner" name="runScenario" time="15.479"/>
  <system-out/>
  <testcase classname="runner.HRISCutiSpecialRunner" name="runScenario" time="14.650"/>
  <system-out/>
  <testcase classname="runner.HRISCutiSpecialRunner" name="runScenario" time="21.043"/>
  <system-out/>
  <testcase classname="runner.HRISCutiSpecialRunner" name="runScenario" time="20.560"/>
  <system-out/>
  <testcase classname="runner.HRISCutiSpecialRunner" name="runScenario" time="20.234"/>
  <system-out/>
  <testcase classname="runner.HRISCutiSpecialRunner" name="runScenario" time="14.649"/>
  <system-out/>
</testsuite> <!-- runner.HRISCutiSpecialRunner -->
