<?xml version="1.0" encoding="UTF-8"?>
<!-- Generated by org.testng.reporters.JUnitReportReporter -->
<testsuite hostname="DESKTOP-S76SA9N" failures="1" tests="12" name="runner.pengajuan.HRISActionButtonRunner" time="464.119" errors="0" timestamp="2022-07-13T01:46:46 ICT" skipped="0">
  <testcase classname="runner.pengajuan.HRISActionButtonRunner" name="runScenario" time="21.544"/>
  <system-out/>
  <testcase classname="runner.pengajuan.HRISActionButtonRunner" name="runScenario" time="43.248"/>
  <system-out/>
  <testcase classname="runner.pengajuan.HRISActionButtonRunner" name="runScenario" time="43.865"/>
  <system-out/>
  <testcase classname="runner.pengajuan.HRISActionButtonRunner" name="runScenario" time="23.440"/>
  <system-out/>
  <testcase classname="runner.pengajuan.HRISActionButtonRunner" name="runScenario" time="12.338"/>
  <system-out/>
  <testcase classname="runner.pengajuan.HRISActionButtonRunner" name="runScenario" time="48.366"/>
  <system-out/>
  <testcase classname="runner.pengajuan.HRISActionButtonRunner" name="runScenario" time="54.930"/>
  <system-out/>
  <testcase classname="runner.pengajuan.HRISActionButtonRunner" name="runScenario" time="43.984"/>
  <system-out/>
  <testcase classname="runner.pengajuan.HRISActionButtonRunner" name="runScenario" time="48.952"/>
  <system-out/>
  <testcase classname="runner.pengajuan.HRISActionButtonRunner" name="runScenario" time="23.377"/>
  <system-out/>
  <testcase classname="runner.pengajuan.HRISActionButtonRunner" name="runScenario" time="48.567">
    <failure message="expected [Special] but found []" type="java.lang.AssertionError">
      <![CDATA[java.lang.AssertionError: expected [Special] but found []
at org.testng.Assert.fail(Assert.java:110)
at org.testng.Assert.failNotEquals(Assert.java:1413)
at org.testng.Assert.assertEqualsImpl(Assert.java:149)
at org.testng.Assert.assertEquals(Assert.java:131)
at org.testng.Assert.assertEquals(Assert.java:655)
at org.testng.Assert.assertEquals(Assert.java:665)
at definitions.data.HRISBukcetDataDefine.validateSelectType(HRISBukcetDataDefine.java:313)
at ✽.User validate select type "Special"(file:///D:/Project/Java/TestNG/HRIS/src/test/resources/features/003-MODUL%20PENGAJUAN%20CUTI/HRISActionButton.feature:125)
]]>
    </failure>
  </testcase> <!-- runScenario -->
  <system-out>
    <![CDATA[<img src='file://D:\Project\Java\TestNG\HRIS\src\test\resources\SS\20220713_011400Select should show Special.PNG'height="350" width="792"/>]]>
  </system-out>
  <testcase classname="runner.pengajuan.HRISActionButtonRunner" name="runScenario" time="51.508"/>
  <system-out/>
</testsuite> <!-- runner.pengajuan.HRISActionButtonRunner -->
